<?xml version="1.0" encoding="UTF-8"?>
<testsuites name="New Test Suite" time="115.34" tests="1" failures="0" errors="0">
   <testsuite name="New Test Suite" tests="1" failures="0" errors="0" time="115.34" skipped="0" timestamp="2024-04-08 00:43:25" hostname="mhani - MSI" id="Test Suites/New Test Suite">
      <properties>
         <property name="deviceName" value="Xiaomi 23049PCD8G (Android 14)"/>
         <property name="devicePlatform" value=""/>
         <property name="logFolder" value="C:\\Users\\mhani\\Katalon Studio\\K3 - Android Automation\\Reports\\20240408_004317\\New Test Suite\\20240408_004317"/>
         <property name="logFiles" value="C:\\Users\\mhani\\Katalon Studio\\K3 - Android Automation\\Reports\\20240408_004317\\New Test Suite\\20240408_004317\\appium.log, C:\\Users\\mhani\\Katalon Studio\\K3 - Android Automation\\Reports\\20240408_004317\\New Test Suite\\20240408_004317\\execution0.log"/>
         <property name="attachments" value=""/>
         <property name="hostName" value="mhani - MSI"/>
         <property name="os" value="Windows 11 64bit"/>
         <property name="appiumServerStatus" value="{&quot;value&quot;:{&quot;build&quot;:{&quot;version&quot;:&quot;1.22.3&quot;}},&quot;sessionId&quot;:null,&quot;status&quot;:0}"/>
         <property name="katalonVersion" value="8.6.6.208"/>
         <property name="deviceOS" value="Android"/>
         <property name="appiumVersion" value="1.22.3"/>
         <property name="deviceModel" value="23049PCD8G"/>
         <property name="hostAddress" value="192.168.32.1"/>
         <property name="deviceManufacturer" value="Xiaomi"/>
         <property name="deviceId" value="2c0149dd"/>
         <property name="deviceName" value="Xiaomi 23049PCD8G (Android 14)"/>
         <property name="deviceOSVersion" value="14"/>
      </properties>
      <testcase name="Test Cases/Cucumber" time="115.133" classname="Test Cases/Cucumber" status="PASSED">
         <system-out><![CDATA[2024-04-08 00:43:25 - [TEST_CASE][PASSED] - Test Cases/Cucumber: Test Cases/Cucumber

2024-04-08 00:43:25 - [TEST_STEP][ERROR] - Start listener action : beforeTestCase: groovy.lang.MissingPropertyException: No such property: CucumberGlueGen for class: NewTestListener
	at NewTestListener.beforeTestCase(NewTestListener.groovy:31)
	at NewTestListener.invokeMethod(NewTestListener.groovy)
	at com.kms.katalon.core.context.internal.TestHooker.invokeMethod(TestHooker.java:111)
	at com.kms.katalon.core.context.internal.TestHooker.lambda$3(TestHooker.java:95)
	at com.kms.katalon.core.context.internal.TestHooker.invokeContextMethods(TestHooker.java:94)
	at com.kms.katalon.core.context.internal.TestListenerCollector.lambda$3(TestListenerCollector.java:88)
	at com.kms.katalon.core.context.internal.TestListenerCollector.handleListenerEvent(TestListenerCollector.java:85)
	at com.kms.katalon.core.context.internal.ExecutionEventManager.publicEvent(ExecutionEventManager.java:36)
	at com.kms.katalon.core.main.TestCaseExecutor.execute(TestCaseExecutor.java:268)
	at com.kms.katalon.core.common.CommonExecutor.accessTestCaseMainPhase(CommonExecutor.java:65)
	at com.kms.katalon.core.main.TestSuiteExecutor.accessTestSuiteMainPhase(TestSuiteExecutor.java:148)
	at com.kms.katalon.core.main.TestSuiteExecutor.execute(TestSuiteExecutor.java:106)
	at com.kms.katalon.core.main.TestCaseMain.startTestSuite(TestCaseMain.java:187)
	at com.kms.katalon.core.main.TestCaseMain$startTestSuite$0.call(Unknown Source)
	at TempTestSuite1712511797356.run(TempTestSuite1712511797356.groovy:36)


2024-04-08 00:43:25 - [TEST_STEP][PASSED] - GLUE = ["stepDefinition"]: null

2024-04-08 00:43:25 - [TEST_STEP][ERROR] - CucumberGlueGen.addDefaultPackages(): groovy.lang.MissingPropertyException: No such property: CucumberGlueGen for class: NewTestListener
	at NewTestListener.beforeTestCase(NewTestListener.groovy:31)
	at NewTestListener.invokeMethod(NewTestListener.groovy)
	at com.kms.katalon.core.context.internal.TestHooker.invokeMethod(TestHooker.java:111)
	at com.kms.katalon.core.context.internal.TestHooker.lambda$3(TestHooker.java:95)
	at com.kms.katalon.core.context.internal.TestHooker.invokeContextMethods(TestHooker.java:94)
	at com.kms.katalon.core.context.internal.TestListenerCollector.lambda$3(TestListenerCollector.java:88)
	at com.kms.katalon.core.context.internal.TestListenerCollector.handleListenerEvent(TestListenerCollector.java:85)
	at com.kms.katalon.core.context.internal.ExecutionEventManager.publicEvent(ExecutionEventManager.java:36)
	at com.kms.katalon.core.main.TestCaseExecutor.execute(TestCaseExecutor.java:268)
	at com.kms.katalon.core.common.CommonExecutor.accessTestCaseMainPhase(CommonExecutor.java:65)
	at com.kms.katalon.core.main.TestSuiteExecutor.accessTestSuiteMainPhase(TestSuiteExecutor.java:148)
	at com.kms.katalon.core.main.TestSuiteExecutor.execute(TestSuiteExecutor.java:106)
	at com.kms.katalon.core.main.TestCaseMain.startTestSuite(TestCaseMain.java:187)
	at com.kms.katalon.core.main.TestCaseMain$startTestSuite$0.call(Unknown Source)
	at TempTestSuite1712511797356.run(TempTestSuite1712511797356.groovy:36)


2024-04-08 00:43:25 - [MESSAGE][ERROR] - groovy.lang.MissingPropertyException: No such property: CucumberGlueGen for class: NewTestListener
	at NewTestListener.beforeTestCase(NewTestListener.groovy:31)
	at NewTestListener.invokeMethod(NewTestListener.groovy)
	at com.kms.katalon.core.context.internal.TestHooker.invokeMethod(TestHooker.java:111)
	at com.kms.katalon.core.context.internal.TestHooker.lambda$3(TestHooker.java:95)
	at com.kms.katalon.core.context.internal.TestHooker.invokeContextMethods(TestHooker.java:94)
	at com.kms.katalon.core.context.internal.TestListenerCollector.lambda$3(TestListenerCollector.java:88)
	at com.kms.katalon.core.context.internal.TestListenerCollector.handleListenerEvent(TestListenerCollector.java:85)
	at com.kms.katalon.core.context.internal.ExecutionEventManager.publicEvent(ExecutionEventManager.java:36)
	at com.kms.katalon.core.main.TestCaseExecutor.execute(TestCaseExecutor.java:268)
	at com.kms.katalon.core.common.CommonExecutor.accessTestCaseMainPhase(CommonExecutor.java:65)
	at com.kms.katalon.core.main.TestSuiteExecutor.accessTestSuiteMainPhase(TestSuiteExecutor.java:148)
	at com.kms.katalon.core.main.TestSuiteExecutor.execute(TestSuiteExecutor.java:106)
	at com.kms.katalon.core.main.TestCaseMain.startTestSuite(TestCaseMain.java:187)
	at com.kms.katalon.core.main.TestCaseMain$startTestSuite$0.call(Unknown Source)
	at TempTestSuite1712511797356.run(TempTestSuite1712511797356.groovy:36)


2024-04-08 00:43:26 - [TEST_STEP][PASSED] - runWithCucumberRunner(Runner): Run with 'Runner' was passed

2024-04-08 00:43:26 - [MESSAGE][INFO] - User set preference: ['appWaitActivity', '*']

2024-04-08 00:43:26 - [MESSAGE][INFO] - User set preference: ['appWaitforLaunch', 'false']

2024-04-08 00:43:26 - [MESSAGE][INFO] - User set preference: ['deviceId', '']

2024-04-08 00:43:26 - [MESSAGE][INFO] - Detected NodeJS location: "C:\Program Files\nodejs\node.exe"

2024-04-08 00:43:27 - [MESSAGE][INFO] - Appium server started on port 65,159

2024-04-08 00:43:43 - [MESSAGE][PASSED] - Started app at: 'C:\Users\mhani\Katalon Studio\K3 - Android Automation\Apk\app-debug.apk'

2024-04-08 00:43:43 - [MESSAGE][WARNING] - Timeout '0' is invalid. Using default page load timeout: '30'

2024-04-08 00:43:46 - [MESSAGE][PASSED] - Element 'Object Repository/Account/icon_account' is present

2024-04-08 00:43:46 - [MESSAGE][WARNING] - Timeout '0' is invalid. Using default page load timeout: '30'

2024-04-08 00:43:46 - [MESSAGE][PASSED] - Element 'Object Repository/Home Page/btn_add_product' is present

2024-04-08 00:43:46 - [MESSAGE][WARNING] - Timeout '0' is invalid. Using default page load timeout: '30'

2024-04-08 00:43:46 - [MESSAGE][PASSED] - Element 'Object Repository/Account/icon_account' is visible

2024-04-08 00:43:46 - [MESSAGE][WARNING] - Timeout '0' is invalid. Using default page load timeout: '30'

2024-04-08 00:43:47 - [MESSAGE][PASSED] - Element 'Object Repository/Home Page/btn_add_product' is visible

2024-04-08 00:43:47 - [MESSAGE][WARNING] - Timeout '0' is invalid. Using default page load timeout: '30'

2024-04-08 00:43:47 - [MESSAGE][PASSED] - Tapped on element 'Object Repository/Account/icon_account'

2024-04-08 00:43:47 - [MESSAGE][WARNING] - Timeout '0' is invalid. Using default page load timeout: '30'

2024-04-08 00:43:48 - [MESSAGE][PASSED] - Element 'Object Repository/Authorization Page/account_login_button' is present

2024-04-08 00:43:48 - [MESSAGE][WARNING] - Timeout '0' is invalid. Using default page load timeout: '30'

2024-04-08 00:43:48 - [MESSAGE][PASSED] - Element 'Object Repository/Authorization Page/account_login_button' is visible

2024-04-08 00:43:48 - [MESSAGE][WARNING] - Timeout '0' is invalid. Using default page load timeout: '30'

2024-04-08 00:43:48 - [MESSAGE][PASSED] - Tapped on element 'Object Repository/Authorization Page/account_login_button'

2024-04-08 00:43:48 - [MESSAGE][WARNING] - Timeout '0' is invalid. Using default page load timeout: '30'

2024-04-08 00:43:50 - [MESSAGE][PASSED] - Element 'Object Repository/Authorization Page/login_input_email' is present

2024-04-08 00:43:50 - [MESSAGE][WARNING] - Timeout '0' is invalid. Using default page load timeout: '30'

2024-04-08 00:43:50 - [MESSAGE][PASSED] - Element 'Object Repository/Authorization Page/login_input_password' is present

2024-04-08 00:43:50 - [MESSAGE][WARNING] - Timeout '0' is invalid. Using default page load timeout: '30'

2024-04-08 00:43:50 - [MESSAGE][PASSED] - Element 'Object Repository/Authorization Page/login_input_email' is visible

2024-04-08 00:43:50 - [MESSAGE][WARNING] - Timeout '0' is invalid. Using default page load timeout: '30'

2024-04-08 00:43:51 - [MESSAGE][PASSED] - Element 'Object Repository/Authorization Page/login_input_password' is visible

2024-04-08 00:43:51 - [MESSAGE][WARNING] - Timeout '0' is invalid. Using default page load timeout: '30'

2024-04-08 00:43:52 - [MESSAGE][PASSED] - Text 'bb@mail.com' has been set to element 'Object Repository/Authorization Page/login_input_email'

2024-04-08 00:43:52 - [MESSAGE][WARNING] - Timeout '0' is invalid. Using default page load timeout: '30'

2024-04-08 00:43:54 - [MESSAGE][PASSED] - Text 'bb@mail.com' has been set to element 'Object Repository/Authorization Page/login_input_password'

2024-04-08 00:43:54 - [MESSAGE][WARNING] - Timeout '0' is invalid. Using default page load timeout: '30'

2024-04-08 00:43:54 - [MESSAGE][PASSED] - Element 'Object Repository/Authorization Page/login_login_button' is present

2024-04-08 00:43:54 - [MESSAGE][WARNING] - Timeout '0' is invalid. Using default page load timeout: '30'

2024-04-08 00:43:54 - [MESSAGE][PASSED] - Element 'Object Repository/Authorization Page/login_login_button' is visible

2024-04-08 00:43:54 - [MESSAGE][WARNING] - Timeout '0' is invalid. Using default page load timeout: '30'

2024-04-08 00:43:55 - [MESSAGE][PASSED] - Tapped on element 'Object Repository/Authorization Page/login_login_button'

2024-04-08 00:43:55 - [MESSAGE][WARNING] - Timeout '0' is invalid. Using default page load timeout: '30'

2024-04-08 00:43:56 - [MESSAGE][PASSED] - Element 'Object Repository/Account/button_my_order' is present

2024-04-08 00:43:56 - [MESSAGE][WARNING] - Timeout '0' is invalid. Using default page load timeout: '30'

2024-04-08 00:43:56 - [MESSAGE][PASSED] - Element 'Object Repository/Account/button_log_out' is present

2024-04-08 00:43:56 - [MESSAGE][WARNING] - Timeout '0' is invalid. Using default page load timeout: '30'

2024-04-08 00:43:57 - [MESSAGE][PASSED] - Element 'Object Repository/Account/button_my_order' is visible

2024-04-08 00:43:57 - [MESSAGE][WARNING] - Timeout '0' is invalid. Using default page load timeout: '30'

2024-04-08 00:43:57 - [MESSAGE][PASSED] - Element 'Object Repository/Account/button_log_out' is visible

2024-04-08 00:43:57 - [MESSAGE][WARNING] - Timeout '0' is invalid. Using default page load timeout: '30'

2024-04-08 00:43:58 - [MESSAGE][PASSED] - Tapped on element 'Object Repository/Profile page/icon_pencil'

2024-04-08 00:43:58 - [MESSAGE][WARNING] - Timeout '0' is invalid. Using default page load timeout: '30'

2024-04-08 00:43:59 - [MESSAGE][PASSED] - Element 'Object Repository/Profile page/info_profile_page' is present

2024-04-08 00:43:59 - [MESSAGE][WARNING] - Timeout '0' is invalid. Using default page load timeout: '30'

2024-04-08 00:44:00 - [MESSAGE][PASSED] - Element 'Object Repository/Profile page/info_profile' is present

2024-04-08 00:44:00 - [MESSAGE][WARNING] - Timeout '0' is invalid. Using default page load timeout: '30'

2024-04-08 00:44:00 - [MESSAGE][PASSED] - Element 'Object Repository/Profile page/info_profile_page' is visible

2024-04-08 00:44:00 - [MESSAGE][WARNING] - Timeout '0' is invalid. Using default page load timeout: '30'

2024-04-08 00:44:00 - [MESSAGE][PASSED] - Element 'Object Repository/Profile page/info_profile' is visible

2024-04-08 00:44:00 - [MESSAGE][WARNING] - Timeout '0' is invalid. Using default page load timeout: '30'

2024-04-08 00:44:01 - [MESSAGE][PASSED] - Element 'Object Repository/Profile page/icon_foto' is present

2024-04-08 00:44:01 - [MESSAGE][WARNING] - Timeout '0' is invalid. Using default page load timeout: '30'

2024-04-08 00:44:01 - [MESSAGE][PASSED] - Element 'Object Repository/Profile page/icon_foto' is visible

2024-04-08 00:44:01 - [MESSAGE][WARNING] - Timeout '0' is invalid. Using default page load timeout: '30'

2024-04-08 00:44:02 - [MESSAGE][PASSED] - Tapped on element 'Object Repository/Profile page/icon_foto'

2024-04-08 00:44:02 - [MESSAGE][WARNING] - Timeout '0' is invalid. Using default page load timeout: '30'

2024-04-08 00:44:03 - [MESSAGE][PASSED] - Element 'Object Repository/Profile page/btn_image' is present

2024-04-08 00:44:03 - [MESSAGE][WARNING] - Timeout '0' is invalid. Using default page load timeout: '30'

2024-04-08 00:44:03 - [MESSAGE][PASSED] - Element 'Object Repository/Profile page/btn_image' is visible

2024-04-08 00:44:03 - [MESSAGE][WARNING] - Timeout '0' is invalid. Using default page load timeout: '30'

2024-04-08 00:44:03 - [MESSAGE][PASSED] - Tapped on element 'Object Repository/Profile page/btn_image'

2024-04-08 00:44:03 - [MESSAGE][WARNING] - Timeout '0' is invalid. Using default page load timeout: '30'

2024-04-08 00:44:05 - [MESSAGE][PASSED] - Tapped on element 'Object Repository/Profile page/first_image'

2024-04-08 00:44:05 - [MESSAGE][WARNING] - Timeout '0' is invalid. Using default page load timeout: '30'

2024-04-08 00:44:06 - [MESSAGE][PASSED] - Tapped on element 'Object Repository/Profile page/btn_name'

2024-04-08 00:44:06 - [MESSAGE][WARNING] - Timeout '0' is invalid. Using default page load timeout: '30'

2024-04-08 00:44:08 - [MESSAGE][PASSED] - Text 'Muthia' has been set to element 'Object Repository/Profile page/field_name'

2024-04-08 00:44:08 - [MESSAGE][WARNING] - Timeout '0' is invalid. Using default page load timeout: '30'

2024-04-08 00:44:09 - [MESSAGE][PASSED] - Tapped on element 'Object Repository/Profile page/btn_save'

2024-04-08 00:44:09 - [MESSAGE][WARNING] - Timeout '0' is invalid. Using default page load timeout: '30'

2024-04-08 00:44:10 - [MESSAGE][PASSED] - Tapped on element 'Object Repository/Profile page/btn_phone_number'

2024-04-08 00:44:10 - [MESSAGE][WARNING] - Timeout '0' is invalid. Using default page load timeout: '30'

2024-04-08 00:44:13 - [MESSAGE][PASSED] - Text '089010215455' has been set to element 'Object Repository/Profile page/field_phone_number'

2024-04-08 00:44:13 - [MESSAGE][WARNING] - Timeout '0' is invalid. Using default page load timeout: '30'

2024-04-08 00:44:14 - [MESSAGE][PASSED] - Tapped on element 'Object Repository/Profile page/btn_save'

2024-04-08 00:44:14 - [MESSAGE][WARNING] - Timeout '0' is invalid. Using default page load timeout: '30'

2024-04-08 00:44:15 - [MESSAGE][PASSED] - Tapped on element 'Object Repository/Profile page/btn_city'

2024-04-08 00:44:15 - [MESSAGE][WARNING] - Timeout '0' is invalid. Using default page load timeout: '30'

2024-04-08 00:44:17 - [MESSAGE][PASSED] - Text 'jakarta' has been set to element 'Object Repository/Profile page/field_city'

2024-04-08 00:44:17 - [MESSAGE][WARNING] - Timeout '0' is invalid. Using default page load timeout: '30'

2024-04-08 00:44:18 - [MESSAGE][PASSED] - Tapped on element 'Object Repository/Profile page/btn_save'

2024-04-08 00:44:18 - [MESSAGE][WARNING] - Timeout '0' is invalid. Using default page load timeout: '30'

2024-04-08 00:44:20 - [MESSAGE][PASSED] - Tapped on element 'Object Repository/Profile page/btn_address'

2024-04-08 00:44:20 - [MESSAGE][WARNING] - Timeout '0' is invalid. Using default page load timeout: '30'

2024-04-08 00:44:22 - [MESSAGE][PASSED] - Text 'jln.sakura' has been set to element 'Object Repository/Profile page/field_address'

2024-04-08 00:44:22 - [MESSAGE][WARNING] - Timeout '0' is invalid. Using default page load timeout: '30'

2024-04-08 00:44:23 - [MESSAGE][PASSED] - Tapped on element 'Object Repository/Profile page/btn_save'

2024-04-08 00:44:23 - [MESSAGE][PASSED] - Keyboard is hidden

2024-04-08 00:44:23 - [MESSAGE][WARNING] - Timeout '0' is invalid. Using default page load timeout: '30'

2024-04-08 00:44:24 - [MESSAGE][PASSED] - Element 'Object Repository/Profile page/popup_success' is present

2024-04-08 00:44:24 - [MESSAGE][WARNING] - Timeout '0' is invalid. Using default page load timeout: '30'

2024-04-08 00:44:25 - [MESSAGE][PASSED] - Element 'Object Repository/Profile page/popup_success' is visible

2024-04-08 00:44:25 - [MESSAGE][WARNING] - Timeout '0' is invalid. Using default page load timeout: '30'

2024-04-08 00:44:26 - [MESSAGE][PASSED] - Element 'Object Repository/Profile page/info_profile_page' is present

2024-04-08 00:44:26 - [MESSAGE][WARNING] - Timeout '0' is invalid. Using default page load timeout: '30'

2024-04-08 00:44:26 - [MESSAGE][PASSED] - Element 'Object Repository/Profile page/info_profile_page' is visible

2024-04-08 00:44:26 - [MESSAGE][INFO] - User set preference: ['appWaitActivity', '*']

2024-04-08 00:44:26 - [MESSAGE][INFO] - User set preference: ['appWaitforLaunch', 'false']

2024-04-08 00:44:26 - [MESSAGE][INFO] - User set preference: ['deviceId', '']

2024-04-08 00:44:39 - [MESSAGE][PASSED] - Started app at: 'C:\Users\mhani\Katalon Studio\K3 - Android Automation\Apk\app-debug.apk'

2024-04-08 00:44:39 - [MESSAGE][WARNING] - Timeout '0' is invalid. Using default page load timeout: '30'

2024-04-08 00:44:43 - [MESSAGE][PASSED] - Element 'Object Repository/Account/icon_account' is present

2024-04-08 00:44:43 - [MESSAGE][WARNING] - Timeout '0' is invalid. Using default page load timeout: '30'

2024-04-08 00:44:43 - [MESSAGE][PASSED] - Element 'Object Repository/Home Page/btn_add_product' is present

2024-04-08 00:44:43 - [MESSAGE][WARNING] - Timeout '0' is invalid. Using default page load timeout: '30'

2024-04-08 00:44:44 - [MESSAGE][PASSED] - Element 'Object Repository/Account/icon_account' is visible

2024-04-08 00:44:44 - [MESSAGE][WARNING] - Timeout '0' is invalid. Using default page load timeout: '30'

2024-04-08 00:44:44 - [MESSAGE][PASSED] - Element 'Object Repository/Home Page/btn_add_product' is visible

2024-04-08 00:44:44 - [MESSAGE][WARNING] - Timeout '0' is invalid. Using default page load timeout: '30'

2024-04-08 00:44:44 - [MESSAGE][PASSED] - Tapped on element 'Object Repository/Account/icon_account'

2024-04-08 00:44:44 - [MESSAGE][WARNING] - Timeout '0' is invalid. Using default page load timeout: '30'

2024-04-08 00:44:45 - [MESSAGE][PASSED] - Element 'Object Repository/Authorization Page/account_login_button' is present

2024-04-08 00:44:45 - [MESSAGE][WARNING] - Timeout '0' is invalid. Using default page load timeout: '30'

2024-04-08 00:44:45 - [MESSAGE][PASSED] - Element 'Object Repository/Authorization Page/account_login_button' is visible

2024-04-08 00:44:45 - [MESSAGE][WARNING] - Timeout '0' is invalid. Using default page load timeout: '30'

2024-04-08 00:44:46 - [MESSAGE][PASSED] - Tapped on element 'Object Repository/Authorization Page/account_login_button'

2024-04-08 00:44:46 - [MESSAGE][WARNING] - Timeout '0' is invalid. Using default page load timeout: '30'

2024-04-08 00:44:47 - [MESSAGE][PASSED] - Element 'Object Repository/Authorization Page/login_input_email' is present

2024-04-08 00:44:47 - [MESSAGE][WARNING] - Timeout '0' is invalid. Using default page load timeout: '30'

2024-04-08 00:44:47 - [MESSAGE][PASSED] - Element 'Object Repository/Authorization Page/login_input_password' is present

2024-04-08 00:44:47 - [MESSAGE][WARNING] - Timeout '0' is invalid. Using default page load timeout: '30'

2024-04-08 00:44:48 - [MESSAGE][PASSED] - Element 'Object Repository/Authorization Page/login_input_email' is visible

2024-04-08 00:44:48 - [MESSAGE][WARNING] - Timeout '0' is invalid. Using default page load timeout: '30'

2024-04-08 00:44:48 - [MESSAGE][PASSED] - Element 'Object Repository/Authorization Page/login_input_password' is visible

2024-04-08 00:44:48 - [MESSAGE][WARNING] - Timeout '0' is invalid. Using default page load timeout: '30'

2024-04-08 00:44:49 - [MESSAGE][PASSED] - Text 'bb@mail.com' has been set to element 'Object Repository/Authorization Page/login_input_email'

2024-04-08 00:44:49 - [MESSAGE][WARNING] - Timeout '0' is invalid. Using default page load timeout: '30'

2024-04-08 00:44:50 - [MESSAGE][PASSED] - Text 'bb@mail.com' has been set to element 'Object Repository/Authorization Page/login_input_password'

2024-04-08 00:44:50 - [MESSAGE][WARNING] - Timeout '0' is invalid. Using default page load timeout: '30'

2024-04-08 00:44:51 - [MESSAGE][PASSED] - Element 'Object Repository/Authorization Page/login_login_button' is present

2024-04-08 00:44:51 - [MESSAGE][WARNING] - Timeout '0' is invalid. Using default page load timeout: '30'

2024-04-08 00:44:51 - [MESSAGE][PASSED] - Element 'Object Repository/Authorization Page/login_login_button' is visible

2024-04-08 00:44:51 - [MESSAGE][WARNING] - Timeout '0' is invalid. Using default page load timeout: '30'

2024-04-08 00:44:51 - [MESSAGE][PASSED] - Tapped on element 'Object Repository/Authorization Page/login_login_button'

2024-04-08 00:44:51 - [MESSAGE][WARNING] - Timeout '0' is invalid. Using default page load timeout: '30'

2024-04-08 00:44:53 - [MESSAGE][PASSED] - Element 'Object Repository/Account/button_my_order' is present

2024-04-08 00:44:53 - [MESSAGE][WARNING] - Timeout '0' is invalid. Using default page load timeout: '30'

2024-04-08 00:44:54 - [MESSAGE][PASSED] - Element 'Object Repository/Account/button_log_out' is present

2024-04-08 00:44:54 - [MESSAGE][WARNING] - Timeout '0' is invalid. Using default page load timeout: '30'

2024-04-08 00:44:54 - [MESSAGE][PASSED] - Element 'Object Repository/Account/button_my_order' is visible

2024-04-08 00:44:54 - [MESSAGE][WARNING] - Timeout '0' is invalid. Using default page load timeout: '30'

2024-04-08 00:44:54 - [MESSAGE][PASSED] - Element 'Object Repository/Account/button_log_out' is visible

2024-04-08 00:44:54 - [MESSAGE][WARNING] - Timeout '0' is invalid. Using default page load timeout: '30'

2024-04-08 00:44:55 - [MESSAGE][PASSED] - Tapped on element 'Object Repository/Profile page/icon_pencil'

2024-04-08 00:44:55 - [MESSAGE][WARNING] - Timeout '0' is invalid. Using default page load timeout: '30'

2024-04-08 00:44:56 - [MESSAGE][PASSED] - Element 'Object Repository/Profile page/info_profile_page' is present

2024-04-08 00:44:56 - [MESSAGE][WARNING] - Timeout '0' is invalid. Using default page load timeout: '30'

2024-04-08 00:44:56 - [MESSAGE][PASSED] - Element 'Object Repository/Profile page/info_profile' is present

2024-04-08 00:44:56 - [MESSAGE][WARNING] - Timeout '0' is invalid. Using default page load timeout: '30'

2024-04-08 00:44:56 - [MESSAGE][PASSED] - Element 'Object Repository/Profile page/info_profile_page' is visible

2024-04-08 00:44:56 - [MESSAGE][WARNING] - Timeout '0' is invalid. Using default page load timeout: '30'

2024-04-08 00:44:57 - [MESSAGE][PASSED] - Element 'Object Repository/Profile page/info_profile' is visible

2024-04-08 00:44:57 - [MESSAGE][WARNING] - Timeout '0' is invalid. Using default page load timeout: '30'

2024-04-08 00:44:57 - [MESSAGE][PASSED] - Element 'Object Repository/Profile page/icon_foto' is present

2024-04-08 00:44:57 - [MESSAGE][WARNING] - Timeout '0' is invalid. Using default page load timeout: '30'

2024-04-08 00:44:57 - [MESSAGE][PASSED] - Element 'Object Repository/Profile page/icon_foto' is visible

2024-04-08 00:44:57 - [MESSAGE][WARNING] - Timeout '0' is invalid. Using default page load timeout: '30'

2024-04-08 00:44:58 - [MESSAGE][PASSED] - Tapped on element 'Object Repository/Profile page/icon_foto'

2024-04-08 00:44:58 - [MESSAGE][WARNING] - Timeout '0' is invalid. Using default page load timeout: '30'

2024-04-08 00:44:59 - [MESSAGE][PASSED] - Element 'Object Repository/Profile page/btn_image' is present

2024-04-08 00:44:59 - [MESSAGE][WARNING] - Timeout '0' is invalid. Using default page load timeout: '30'

2024-04-08 00:45:00 - [MESSAGE][PASSED] - Element 'Object Repository/Profile page/btn_image' is visible

2024-04-08 00:45:00 - [MESSAGE][WARNING] - Timeout '0' is invalid. Using default page load timeout: '30'

2024-04-08 00:45:00 - [MESSAGE][PASSED] - Tapped on element 'Object Repository/Profile page/btn_image'

2024-04-08 00:45:00 - [MESSAGE][WARNING] - Timeout '0' is invalid. Using default page load timeout: '30'

2024-04-08 00:45:01 - [MESSAGE][PASSED] - Tapped on element 'Object Repository/Profile page/first_image'

2024-04-08 00:45:01 - [MESSAGE][WARNING] - Timeout '0' is invalid. Using default page load timeout: '30'

2024-04-08 00:45:03 - [MESSAGE][PASSED] - Tapped on element 'Object Repository/Profile page/btn_name'

2024-04-08 00:45:03 - [MESSAGE][WARNING] - Timeout '0' is invalid. Using default page load timeout: '30'

2024-04-08 00:45:06 - [MESSAGE][PASSED] - Text 'Muthia' has been set to element 'Object Repository/Profile page/field_name'

2024-04-08 00:45:06 - [MESSAGE][WARNING] - Timeout '0' is invalid. Using default page load timeout: '30'

2024-04-08 00:45:06 - [MESSAGE][PASSED] - Tapped on element 'Object Repository/Profile page/btn_save'

2024-04-08 00:45:06 - [MESSAGE][WARNING] - Timeout '0' is invalid. Using default page load timeout: '30'

2024-04-08 00:45:08 - [MESSAGE][PASSED] - Tapped on element 'Object Repository/Profile page/btn_phone_number'

2024-04-08 00:45:08 - [MESSAGE][WARNING] - Timeout '0' is invalid. Using default page load timeout: '30'

2024-04-08 00:45:10 - [MESSAGE][PASSED] - Text '089010215455' has been set to element 'Object Repository/Profile page/field_phone_number'

2024-04-08 00:45:10 - [MESSAGE][WARNING] - Timeout '0' is invalid. Using default page load timeout: '30'

2024-04-08 00:45:11 - [MESSAGE][PASSED] - Tapped on element 'Object Repository/Profile page/btn_save'

2024-04-08 00:45:11 - [MESSAGE][WARNING] - Timeout '0' is invalid. Using default page load timeout: '30'

2024-04-08 00:45:12 - [MESSAGE][PASSED] - Tapped on element 'Object Repository/Profile page/btn_city'

2024-04-08 00:45:12 - [MESSAGE][WARNING] - Timeout '0' is invalid. Using default page load timeout: '30'

2024-04-08 00:45:15 - [MESSAGE][PASSED] - Text 'jakarta' has been set to element 'Object Repository/Profile page/field_city'

2024-04-08 00:45:15 - [MESSAGE][WARNING] - Timeout '0' is invalid. Using default page load timeout: '30'

2024-04-08 00:45:16 - [MESSAGE][PASSED] - Tapped on element 'Object Repository/Profile page/btn_save'

2024-04-08 00:45:16 - [MESSAGE][WARNING] - Timeout '0' is invalid. Using default page load timeout: '30'

2024-04-08 00:45:17 - [MESSAGE][PASSED] - Tapped on element 'Object Repository/Profile page/btn_address'

2024-04-08 00:45:17 - [MESSAGE][WARNING] - Timeout '0' is invalid. Using default page load timeout: '30'

2024-04-08 00:45:18 - [MESSAGE][PASSED] - Element 'Object Repository/Profile page/field_address' text is cleared

2024-04-08 00:45:18 - [MESSAGE][WARNING] - Timeout '0' is invalid. Using default page load timeout: '30'

2024-04-08 00:45:19 - [MESSAGE][PASSED] - Tapped on element 'Object Repository/Profile page/btn_save'

2024-04-08 00:45:19 - [MESSAGE][PASSED] - Keyboard is hidden

2024-04-08 00:45:19 - [MESSAGE][WARNING] - Timeout '0' is invalid. Using default page load timeout: '30'

2024-04-08 00:45:20 - [MESSAGE][PASSED] - Element 'Object Repository/Profile page/warning_message' is present

2024-04-08 00:45:20 - [MESSAGE][WARNING] - Timeout '0' is invalid. Using default page load timeout: '30'

2024-04-08 00:45:20 - [MESSAGE][PASSED] - Element 'Object Repository/Profile page/warning_message' is visible

2024-04-08 00:45:20 - [MESSAGE][WARNING] - Timeout '0' is invalid. Using default page load timeout: '30'

2024-04-08 00:45:20 - [MESSAGE][PASSED] - Element 'Object Repository/Profile page/warning' is present

2024-04-08 00:45:20 - [MESSAGE][WARNING] - Timeout '0' is invalid. Using default page load timeout: '30'

2024-04-08 00:45:20 - [MESSAGE][PASSED] - Element 'Object Repository/Profile page/warning' is visible

2024-04-08 00:45:20 - [MESSAGE][PASSED] - Run with 'Runner' was passed]]></system-out>
         <system-err><![CDATA[]]></system-err>
      </testcase>
      <system-out><![CDATA[2024-04-08 00:43:25 - [TEST_SUITE][PASSED] - New Test Suite: Test Cases/Cucumber]]></system-out>
      <system-err><![CDATA[]]></system-err>
   </testsuite>
</testsuites>
