<?xml version="1.0" encoding="UTF-8"?>
<testsuites name="New Test Suite" time="446.307" tests="1" failures="0" errors="0">
   <testsuite name="New Test Suite" tests="1" failures="0" errors="0" time="446.307" skipped="0" timestamp="08-04-2024T02:10:13" hostname="ASUS - RitaChou" id="Test Suites/New Test Suite">
      <properties>
         <property name="deviceName" value="Xiaomi 23090RA98G (Android 14)"/>
         <property name="devicePlatform" value=""/>
         <property name="logFolder" value="C:\\Users\\ASUS\\K3 - Android Automation\\K3 - Android Automation\\Reports\\20240408_020957\\New Test Suite\\20240408_020957"/>
         <property name="logFiles" value="C:\\Users\\ASUS\\K3 - Android Automation\\K3 - Android Automation\\Reports\\20240408_020957\\New Test Suite\\20240408_020957\\appium.log, C:\\Users\\ASUS\\K3 - Android Automation\\K3 - Android Automation\\Reports\\20240408_020957\\New Test Suite\\20240408_020957\\appium_error.log, C:\\Users\\ASUS\\K3 - Android Automation\\K3 - Android Automation\\Reports\\20240408_020957\\New Test Suite\\20240408_020957\\execution0.log"/>
         <property name="attachments" value=""/>
         <property name="hostName" value="ASUS - RitaChou"/>
         <property name="os" value="Windows 11 64bit"/>
         <property name="appiumServerStatus" value="{&quot;value&quot;:{&quot;build&quot;:{&quot;version&quot;:&quot;1.22.3&quot;}},&quot;sessionId&quot;:null,&quot;status&quot;:0}"/>
         <property name="katalonVersion" value="9.3.2.212"/>
         <property name="deviceOS" value="Android"/>
         <property name="appiumVersion" value="1.22.3"/>
         <property name="deviceModel" value="23090RA98G"/>
         <property name="hostAddress" value="192.168.0.104"/>
         <property name="deviceManufacturer" value="Xiaomi"/>
         <property name="deviceId" value="XK9X5XV8MJKR8HGI"/>
         <property name="deviceName" value="Xiaomi 23090RA98G (Android 14)"/>
         <property name="deviceOSVersion" value="14"/>
      </properties>
      <testcase name="Test Cases/Cucumber" time="445.6" classname="Test Cases/Cucumber" status="PASSED">
         <system-out><![CDATA[08-04-2024T02:10:14 - [TEST_CASE][PASSED] - Test Cases/Cucumber: Test Cases/Cucumber

08-04-2024T02:10:14 - [TEST_STEP][ERROR] - Start listener action : beforeTestCase: groovy.lang.MissingPropertyException: No such property: CucumberGlueGen for class: NewTestListener
	at NewTestListener.beforeTestCase(NewTestListener.groovy:31)
	at java.base/jdk.internal.reflect.NativeMethodAccessorImpl.invoke0(Native Method)
	at java.base/jdk.internal.reflect.NativeMethodAccessorImpl.invoke(NativeMethodAccessorImpl.java:77)
	at java.base/jdk.internal.reflect.DelegatingMethodAccessorImpl.invoke(DelegatingMethodAccessorImpl.java:43)
	at com.kms.katalon.core.context.internal.TestHooker.invokeMethod(TestHooker.java:111)
	at com.kms.katalon.core.context.internal.TestHooker.lambda$3(TestHooker.java:95)
	at com.kms.katalon.core.context.internal.TestHooker.invokeContextMethods(TestHooker.java:94)
	at com.kms.katalon.core.context.internal.TestListenerCollector.lambda$3(TestListenerCollector.java:88)
	at com.kms.katalon.core.context.internal.TestListenerCollector.handleListenerEvent(TestListenerCollector.java:85)
	at com.kms.katalon.core.context.internal.ExecutionEventManager.publicEvent(ExecutionEventManager.java:36)
	at com.kms.katalon.core.main.TestCaseExecutor.execute(TestCaseExecutor.java:268)
	at com.kms.katalon.core.common.CommonExecutor.accessTestCaseMainPhase(CommonExecutor.java:65)
	at com.kms.katalon.core.main.TestSuiteExecutor.accessTestSuiteMainPhase(TestSuiteExecutor.java:148)
	at com.kms.katalon.core.main.TestSuiteExecutor.execute(TestSuiteExecutor.java:106)
	at com.kms.katalon.core.main.TestCaseMain.startTestSuite(TestCaseMain.java:180)
	at TempTestSuite1712516997877.run(TempTestSuite1712516997877.groovy:35)
	at java.base/jdk.internal.reflect.NativeMethodAccessorImpl.invoke0(Native Method)
	at java.base/jdk.internal.reflect.NativeMethodAccessorImpl.invoke(NativeMethodAccessorImpl.java:77)
	at java.base/jdk.internal.reflect.DelegatingMethodAccessorImpl.invoke(DelegatingMethodAccessorImpl.java:43)


08-04-2024T02:10:14 - [TEST_STEP][PASSED] - GLUE = ["stepDefinition"]: null

08-04-2024T02:10:14 - [TEST_STEP][ERROR] - CucumberGlueGen.addDefaultPackages(): groovy.lang.MissingPropertyException: No such property: CucumberGlueGen for class: NewTestListener
	at NewTestListener.beforeTestCase(NewTestListener.groovy:31)
	at java.base/jdk.internal.reflect.NativeMethodAccessorImpl.invoke0(Native Method)
	at java.base/jdk.internal.reflect.NativeMethodAccessorImpl.invoke(NativeMethodAccessorImpl.java:77)
	at java.base/jdk.internal.reflect.DelegatingMethodAccessorImpl.invoke(DelegatingMethodAccessorImpl.java:43)
	at com.kms.katalon.core.context.internal.TestHooker.invokeMethod(TestHooker.java:111)
	at com.kms.katalon.core.context.internal.TestHooker.lambda$3(TestHooker.java:95)
	at com.kms.katalon.core.context.internal.TestHooker.invokeContextMethods(TestHooker.java:94)
	at com.kms.katalon.core.context.internal.TestListenerCollector.lambda$3(TestListenerCollector.java:88)
	at com.kms.katalon.core.context.internal.TestListenerCollector.handleListenerEvent(TestListenerCollector.java:85)
	at com.kms.katalon.core.context.internal.ExecutionEventManager.publicEvent(ExecutionEventManager.java:36)
	at com.kms.katalon.core.main.TestCaseExecutor.execute(TestCaseExecutor.java:268)
	at com.kms.katalon.core.common.CommonExecutor.accessTestCaseMainPhase(CommonExecutor.java:65)
	at com.kms.katalon.core.main.TestSuiteExecutor.accessTestSuiteMainPhase(TestSuiteExecutor.java:148)
	at com.kms.katalon.core.main.TestSuiteExecutor.execute(TestSuiteExecutor.java:106)
	at com.kms.katalon.core.main.TestCaseMain.startTestSuite(TestCaseMain.java:180)
	at TempTestSuite1712516997877.run(TempTestSuite1712516997877.groovy:35)
	at java.base/jdk.internal.reflect.NativeMethodAccessorImpl.invoke0(Native Method)
	at java.base/jdk.internal.reflect.NativeMethodAccessorImpl.invoke(NativeMethodAccessorImpl.java:77)
	at java.base/jdk.internal.reflect.DelegatingMethodAccessorImpl.invoke(DelegatingMethodAccessorImpl.java:43)


08-04-2024T02:10:14 - [MESSAGE][ERROR] - groovy.lang.MissingPropertyException: No such property: CucumberGlueGen for class: NewTestListener
	at NewTestListener.beforeTestCase(NewTestListener.groovy:31)
	at java.base/jdk.internal.reflect.NativeMethodAccessorImpl.invoke0(Native Method)
	at java.base/jdk.internal.reflect.NativeMethodAccessorImpl.invoke(NativeMethodAccessorImpl.java:77)
	at java.base/jdk.internal.reflect.DelegatingMethodAccessorImpl.invoke(DelegatingMethodAccessorImpl.java:43)
	at com.kms.katalon.core.context.internal.TestHooker.invokeMethod(TestHooker.java:111)
	at com.kms.katalon.core.context.internal.TestHooker.lambda$3(TestHooker.java:95)
	at com.kms.katalon.core.context.internal.TestHooker.invokeContextMethods(TestHooker.java:94)
	at com.kms.katalon.core.context.internal.TestListenerCollector.lambda$3(TestListenerCollector.java:88)
	at com.kms.katalon.core.context.internal.TestListenerCollector.handleListenerEvent(TestListenerCollector.java:85)
	at com.kms.katalon.core.context.internal.ExecutionEventManager.publicEvent(ExecutionEventManager.java:36)
	at com.kms.katalon.core.main.TestCaseExecutor.execute(TestCaseExecutor.java:268)
	at com.kms.katalon.core.common.CommonExecutor.accessTestCaseMainPhase(CommonExecutor.java:65)
	at com.kms.katalon.core.main.TestSuiteExecutor.accessTestSuiteMainPhase(TestSuiteExecutor.java:148)
	at com.kms.katalon.core.main.TestSuiteExecutor.execute(TestSuiteExecutor.java:106)
	at com.kms.katalon.core.main.TestCaseMain.startTestSuite(TestCaseMain.java:180)
	at TempTestSuite1712516997877.run(TempTestSuite1712516997877.groovy:35)
	at java.base/jdk.internal.reflect.NativeMethodAccessorImpl.invoke0(Native Method)
	at java.base/jdk.internal.reflect.NativeMethodAccessorImpl.invoke(NativeMethodAccessorImpl.java:77)
	at java.base/jdk.internal.reflect.DelegatingMethodAccessorImpl.invoke(DelegatingMethodAccessorImpl.java:43)


08-04-2024T02:10:14 - [TEST_STEP][PASSED] - runWithCucumberRunner(Runner): Run with 'Runner' was passed

08-04-2024T02:10:17 - [MESSAGE][INFO] - User set preference: ['appWaitActivity', '*']

08-04-2024T02:10:17 - [MESSAGE][INFO] - User set preference: ['appWaitforLaunch', 'false']

08-04-2024T02:10:17 - [MESSAGE][INFO] - User set preference: ['deviceId', '']

08-04-2024T02:10:17 - [MESSAGE][INFO] - Detected NodeJS location: "C:\Program Files\nodejs\node.exe"

08-04-2024T02:10:28 - [MESSAGE][INFO] - PATH: C:\Program Files\nodejs;

08-04-2024T02:10:28 - [MESSAGE][INFO] - APPIUM_HOME: C:\Users\ASUS\AppData\Roaming\npm\node_modules\appium\build\lib\main.js

08-04-2024T02:10:28 - [MESSAGE][INFO] - appium outlog: C:\Users\ASUS\K3 - Android Automation\K3 - Android Automation\Reports\20240408_020957\New Test Suite\20240408_020957\appium.log

08-04-2024T02:10:28 - [MESSAGE][INFO] - appium errlog: C:\Users\ASUS\K3 - Android Automation\K3 - Android Automation\Reports\20240408_020957\New Test Suite\20240408_020957\appium_error.log

08-04-2024T02:10:35 - [MESSAGE][INFO] - Appium server started on port 60.010

08-04-2024T02:11:04 - [MESSAGE][PASSED] - Started app at: 'C:\Users\ASUS\K3 - Android Automation\K3 - Android Automation\Apk\app-debug.apk'

08-04-2024T02:11:04 - [MESSAGE][WARNING] - Timeout '0' is invalid. Using default page load timeout: '30'

08-04-2024T02:11:05 - [MESSAGE][PASSED] - Element 'Object Repository/Account/icon_account' is present

08-04-2024T02:11:05 - [MESSAGE][WARNING] - Timeout '0' is invalid. Using default page load timeout: '30'

08-04-2024T02:11:07 - [MESSAGE][PASSED] - Element 'Object Repository/Home Page/btn_add_product' is present

08-04-2024T02:11:07 - [MESSAGE][WARNING] - Timeout '0' is invalid. Using default page load timeout: '30'

08-04-2024T02:11:08 - [MESSAGE][PASSED] - Element 'Object Repository/Account/icon_account' is visible

08-04-2024T02:11:09 - [MESSAGE][WARNING] - Timeout '0' is invalid. Using default page load timeout: '30'

08-04-2024T02:11:11 - [MESSAGE][PASSED] - Element 'Object Repository/Home Page/btn_add_product' is visible

08-04-2024T02:11:11 - [MESSAGE][WARNING] - Timeout '0' is invalid. Using default page load timeout: '30'

08-04-2024T02:11:13 - [MESSAGE][PASSED] - Tapped on element 'Object Repository/Account/icon_account'

08-04-2024T02:11:13 - [MESSAGE][WARNING] - Timeout '0' is invalid. Using default page load timeout: '30'

08-04-2024T02:11:14 - [MESSAGE][PASSED] - Element 'Object Repository/Authorization Page/account_login_button' is present

08-04-2024T02:11:14 - [MESSAGE][WARNING] - Timeout '0' is invalid. Using default page load timeout: '30'

08-04-2024T02:11:15 - [MESSAGE][PASSED] - Element 'Object Repository/Authorization Page/account_login_button' is visible

08-04-2024T02:11:15 - [MESSAGE][WARNING] - Timeout '0' is invalid. Using default page load timeout: '30'

08-04-2024T02:11:16 - [MESSAGE][PASSED] - Tapped on element 'Object Repository/Authorization Page/account_login_button'

08-04-2024T02:11:16 - [MESSAGE][WARNING] - Timeout '0' is invalid. Using default page load timeout: '30'

08-04-2024T02:11:18 - [MESSAGE][PASSED] - Element 'Object Repository/Authorization Page/login_input_email' is present

08-04-2024T02:11:18 - [MESSAGE][WARNING] - Timeout '0' is invalid. Using default page load timeout: '30'

08-04-2024T02:11:18 - [MESSAGE][PASSED] - Element 'Object Repository/Authorization Page/login_input_password' is present

08-04-2024T02:11:18 - [MESSAGE][WARNING] - Timeout '0' is invalid. Using default page load timeout: '30'

08-04-2024T02:11:19 - [MESSAGE][PASSED] - Element 'Object Repository/Authorization Page/login_input_email' is visible

08-04-2024T02:11:19 - [MESSAGE][WARNING] - Timeout '0' is invalid. Using default page load timeout: '30'

08-04-2024T02:11:20 - [MESSAGE][PASSED] - Element 'Object Repository/Authorization Page/login_input_password' is visible

08-04-2024T02:11:21 - [MESSAGE][WARNING] - Timeout '0' is invalid. Using default page load timeout: '30'

08-04-2024T02:11:24 - [MESSAGE][PASSED] - Text 'bb@mail.com' has been set to element 'Object Repository/Authorization Page/login_input_email'

08-04-2024T02:11:24 - [MESSAGE][WARNING] - Timeout '0' is invalid. Using default page load timeout: '30'

08-04-2024T02:11:28 - [MESSAGE][PASSED] - Text 'bb@mail.com' has been set to element 'Object Repository/Authorization Page/login_input_password'

08-04-2024T02:11:28 - [MESSAGE][WARNING] - Timeout '0' is invalid. Using default page load timeout: '30'

08-04-2024T02:11:29 - [MESSAGE][PASSED] - Element 'Object Repository/Authorization Page/login_login_button' is present

08-04-2024T02:11:29 - [MESSAGE][WARNING] - Timeout '0' is invalid. Using default page load timeout: '30'

08-04-2024T02:11:29 - [MESSAGE][PASSED] - Element 'Object Repository/Authorization Page/login_login_button' is visible

08-04-2024T02:11:29 - [MESSAGE][WARNING] - Timeout '0' is invalid. Using default page load timeout: '30'

08-04-2024T02:11:30 - [MESSAGE][PASSED] - Tapped on element 'Object Repository/Authorization Page/login_login_button'

08-04-2024T02:11:30 - [MESSAGE][WARNING] - Timeout '0' is invalid. Using default page load timeout: '30'

08-04-2024T02:11:32 - [MESSAGE][PASSED] - Element 'Object Repository/Account/button_my_order' is present

08-04-2024T02:11:33 - [MESSAGE][WARNING] - Timeout '0' is invalid. Using default page load timeout: '30'

08-04-2024T02:11:33 - [MESSAGE][PASSED] - Element 'Object Repository/Account/button_log_out' is present

08-04-2024T02:11:34 - [MESSAGE][WARNING] - Timeout '0' is invalid. Using default page load timeout: '30'

08-04-2024T02:11:35 - [MESSAGE][PASSED] - Element 'Object Repository/Account/button_my_order' is visible

08-04-2024T02:11:35 - [MESSAGE][WARNING] - Timeout '0' is invalid. Using default page load timeout: '30'

08-04-2024T02:11:36 - [MESSAGE][PASSED] - Element 'Object Repository/Account/button_log_out' is visible

08-04-2024T02:11:36 - [MESSAGE][WARNING] - Timeout '0' is invalid. Using default page load timeout: '30'

08-04-2024T02:11:37 - [MESSAGE][PASSED] - Tapped on element 'Object Repository/Account/button_my_selling_list'

08-04-2024T02:11:37 - [MESSAGE][WARNING] - Timeout '0' is invalid. Using default page load timeout: '30'

08-04-2024T02:11:39 - [MESSAGE][PASSED] - Element 'Object Repository/Account/My List Product/back_button_selling_list' is present

08-04-2024T02:11:39 - [MESSAGE][WARNING] - Timeout '0' is invalid. Using default page load timeout: '30'

08-04-2024T02:11:40 - [MESSAGE][PASSED] - Element 'Object Repository/Account/My List Product/header_my_selling_list' is present

08-04-2024T02:11:41 - [MESSAGE][WARNING] - Timeout '0' is invalid. Using default page load timeout: '30'

08-04-2024T02:11:41 - [MESSAGE][PASSED] - Element 'Object Repository/Account/My List Product/back_button_selling_list' is visible

08-04-2024T02:11:42 - [MESSAGE][WARNING] - Timeout '0' is invalid. Using default page load timeout: '30'

08-04-2024T02:11:43 - [MESSAGE][PASSED] - Element 'Object Repository/Account/My List Product/header_my_selling_list' is visible

08-04-2024T02:11:43 - [MESSAGE][WARNING] - Timeout '0' is invalid. Using default page load timeout: '30'

08-04-2024T02:11:44 - [MESSAGE][PASSED] - Tapped on element 'Object Repository/Account/My List Product/view_diminati'

08-04-2024T02:11:45 - [MESSAGE][WARNING] - Timeout '0' is invalid. Using default page load timeout: '30'

08-04-2024T02:11:48 - [MESSAGE][PASSED] - Element 'Object Repository/Account/My List Product/view_diminati' is present

08-04-2024T02:11:48 - [MESSAGE][WARNING] - Timeout '0' is invalid. Using default page load timeout: '30'

08-04-2024T02:11:49 - [MESSAGE][PASSED] - Element 'Object Repository/Account/My List Product/view_diminati' is visible

08-04-2024T02:11:49 - [MESSAGE][WARNING] - Timeout '0' is invalid. Using default page load timeout: '30'

08-04-2024T02:11:51 - [MESSAGE][PASSED] - Tapped on element 'Object Repository/Account/My List Product/view_first_card_diminati'

08-04-2024T02:11:51 - [MESSAGE][WARNING] - Timeout '0' is invalid. Using default page load timeout: '30'

08-04-2024T02:11:53 - [MESSAGE][PASSED] - Tapped on element 'Object Repository/Account/My List Product/button_reject'

08-04-2024T02:11:53 - [MESSAGE][WARNING] - Timeout '0' is invalid. Using default page load timeout: '30'

08-04-2024T02:11:55 - [MESSAGE][PASSED] - Element 'Object Repository/Account/My List Product/card_reject_immediately' is present

08-04-2024T02:11:55 - [MESSAGE][WARNING] - Timeout '0' is invalid. Using default page load timeout: '30'

08-04-2024T02:11:57 - [MESSAGE][PASSED] - Element 'Object Repository/Account/My List Product/card_reject_immediately' is visible

08-04-2024T02:11:57 - [MESSAGE][INFO] - User set preference: ['appWaitActivity', '*']

08-04-2024T02:11:57 - [MESSAGE][INFO] - User set preference: ['appWaitforLaunch', 'false']

08-04-2024T02:11:57 - [MESSAGE][INFO] - User set preference: ['deviceId', '']

08-04-2024T02:12:13 - [MESSAGE][PASSED] - Started app at: 'C:\Users\ASUS\K3 - Android Automation\K3 - Android Automation\Apk\app-debug.apk'

08-04-2024T02:12:13 - [MESSAGE][WARNING] - Timeout '0' is invalid. Using default page load timeout: '30'

08-04-2024T02:12:18 - [MESSAGE][PASSED] - Element 'Object Repository/Account/icon_account' is present

08-04-2024T02:12:18 - [MESSAGE][WARNING] - Timeout '0' is invalid. Using default page load timeout: '30'

08-04-2024T02:12:19 - [MESSAGE][PASSED] - Element 'Object Repository/Home Page/btn_add_product' is present

08-04-2024T02:12:19 - [MESSAGE][WARNING] - Timeout '0' is invalid. Using default page load timeout: '30'

08-04-2024T02:12:21 - [MESSAGE][PASSED] - Element 'Object Repository/Account/icon_account' is visible

08-04-2024T02:12:21 - [MESSAGE][WARNING] - Timeout '0' is invalid. Using default page load timeout: '30'

08-04-2024T02:12:22 - [MESSAGE][PASSED] - Element 'Object Repository/Home Page/btn_add_product' is visible

08-04-2024T02:12:22 - [MESSAGE][WARNING] - Timeout '0' is invalid. Using default page load timeout: '30'

08-04-2024T02:12:24 - [MESSAGE][PASSED] - Tapped on element 'Object Repository/Account/icon_account'

08-04-2024T02:12:24 - [MESSAGE][WARNING] - Timeout '0' is invalid. Using default page load timeout: '30'

08-04-2024T02:12:25 - [MESSAGE][PASSED] - Element 'Object Repository/Authorization Page/account_login_button' is present

08-04-2024T02:12:25 - [MESSAGE][WARNING] - Timeout '0' is invalid. Using default page load timeout: '30'

08-04-2024T02:12:25 - [MESSAGE][PASSED] - Element 'Object Repository/Authorization Page/account_login_button' is visible

08-04-2024T02:12:25 - [MESSAGE][WARNING] - Timeout '0' is invalid. Using default page load timeout: '30'

08-04-2024T02:12:26 - [MESSAGE][PASSED] - Tapped on element 'Object Repository/Authorization Page/account_login_button'

08-04-2024T02:12:26 - [MESSAGE][WARNING] - Timeout '0' is invalid. Using default page load timeout: '30'

08-04-2024T02:12:28 - [MESSAGE][PASSED] - Element 'Object Repository/Authorization Page/login_input_email' is present

08-04-2024T02:12:28 - [MESSAGE][WARNING] - Timeout '0' is invalid. Using default page load timeout: '30'

08-04-2024T02:12:28 - [MESSAGE][PASSED] - Element 'Object Repository/Authorization Page/login_input_password' is present

08-04-2024T02:12:28 - [MESSAGE][WARNING] - Timeout '0' is invalid. Using default page load timeout: '30'

08-04-2024T02:12:29 - [MESSAGE][PASSED] - Element 'Object Repository/Authorization Page/login_input_email' is visible

08-04-2024T02:12:29 - [MESSAGE][WARNING] - Timeout '0' is invalid. Using default page load timeout: '30'

08-04-2024T02:12:30 - [MESSAGE][PASSED] - Element 'Object Repository/Authorization Page/login_input_password' is visible

08-04-2024T02:12:30 - [MESSAGE][WARNING] - Timeout '0' is invalid. Using default page load timeout: '30'

08-04-2024T02:12:34 - [MESSAGE][PASSED] - Text 'hh@mail.com' has been set to element 'Object Repository/Authorization Page/login_input_email'

08-04-2024T02:12:34 - [MESSAGE][WARNING] - Timeout '0' is invalid. Using default page load timeout: '30'

08-04-2024T02:12:37 - [MESSAGE][PASSED] - Text 'hh@mail.com' has been set to element 'Object Repository/Authorization Page/login_input_password'

08-04-2024T02:12:38 - [MESSAGE][WARNING] - Timeout '0' is invalid. Using default page load timeout: '30'

08-04-2024T02:12:38 - [MESSAGE][PASSED] - Element 'Object Repository/Authorization Page/login_login_button' is present

08-04-2024T02:12:39 - [MESSAGE][WARNING] - Timeout '0' is invalid. Using default page load timeout: '30'

08-04-2024T02:12:39 - [MESSAGE][PASSED] - Element 'Object Repository/Authorization Page/login_login_button' is visible

08-04-2024T02:12:40 - [MESSAGE][WARNING] - Timeout '0' is invalid. Using default page load timeout: '30'

08-04-2024T02:12:40 - [MESSAGE][PASSED] - Tapped on element 'Object Repository/Authorization Page/login_login_button'

08-04-2024T02:12:40 - [MESSAGE][WARNING] - Timeout '0' is invalid. Using default page load timeout: '30'

08-04-2024T02:12:43 - [MESSAGE][PASSED] - Tapped on element 'Object Repository/Home Page/btn_home'

08-04-2024T02:12:43 - [MESSAGE][WARNING] - Timeout '0' is invalid. Using default page load timeout: '30'

08-04-2024T02:12:45 - [MESSAGE][PASSED] - Element 'Object Repository/Home Page/textbar_search' is present

08-04-2024T02:12:45 - [MESSAGE][WARNING] - Timeout '0' is invalid. Using default page load timeout: '30'

08-04-2024T02:12:46 - [MESSAGE][PASSED] - Element 'Object Repository/Home Page/btn_home' is present

08-04-2024T02:12:46 - [MESSAGE][WARNING] - Timeout '0' is invalid. Using default page load timeout: '30'

08-04-2024T02:12:48 - [MESSAGE][PASSED] - Element 'Object Repository/Home Page/textbar_search' is visible

08-04-2024T02:12:48 - [MESSAGE][WARNING] - Timeout '0' is invalid. Using default page load timeout: '30'

08-04-2024T02:12:50 - [MESSAGE][PASSED] - Element 'Object Repository/Home Page/btn_home' is visible

08-04-2024T02:12:51 - [MESSAGE][WARNING] - Timeout '0' is invalid. Using default page load timeout: '30'

08-04-2024T02:12:52 - [MESSAGE][PASSED] - Tapped on element 'Object Repository/Home Page/textbar_search'

08-04-2024T02:12:52 - [MESSAGE][WARNING] - Timeout '0' is invalid. Using default page load timeout: '30'

08-04-2024T02:12:57 - [MESSAGE][PASSED] - Text 'Foto abstrak keren' has been set to element 'Object Repository/Home Page/textbar_search'

08-04-2024T02:12:57 - [MESSAGE][WARNING] - Timeout '0' is invalid. Using default page load timeout: '30'

08-04-2024T02:13:02 - [MESSAGE][PASSED] - Tapped on element 'Object Repository/Home Page/search_first_product'

08-04-2024T02:13:02 - [MESSAGE][WARNING] - Timeout '0' is invalid. Using default page load timeout: '30'

08-04-2024T02:13:03 - [MESSAGE][PASSED] - Element 'Object Repository/Home Page/textbar_search' is present

08-04-2024T02:13:03 - [MESSAGE][WARNING] - Timeout '0' is invalid. Using default page load timeout: '30'

08-04-2024T02:13:05 - [MESSAGE][PASSED] - Element 'Object Repository/Home Page/btn_nego' is present

08-04-2024T02:13:05 - [MESSAGE][WARNING] - Timeout '0' is invalid. Using default page load timeout: '30'

08-04-2024T02:13:07 - [MESSAGE][PASSED] - Element 'Object Repository/Home Page/textbar_search' is visible

08-04-2024T02:13:07 - [MESSAGE][WARNING] - Timeout '0' is invalid. Using default page load timeout: '30'

08-04-2024T02:13:09 - [MESSAGE][PASSED] - Element 'Object Repository/Home Page/btn_nego' is visible

08-04-2024T02:13:09 - [MESSAGE][WARNING] - Timeout '0' is invalid. Using default page load timeout: '30'

08-04-2024T02:13:10 - [MESSAGE][PASSED] - Tapped on element 'Object Repository/Home Page/btn_nego'

08-04-2024T02:13:10 - [MESSAGE][WARNING] - Timeout '0' is invalid. Using default page load timeout: '30'

08-04-2024T02:13:13 - [MESSAGE][PASSED] - Text '20000' has been set to element 'Object Repository/Home Page/input_offer_price'

08-04-2024T02:13:14 - [MESSAGE][PASSED] - Press back button successfully

08-04-2024T02:13:14 - [MESSAGE][WARNING] - Timeout '0' is invalid. Using default page load timeout: '30'

08-04-2024T02:13:17 - [MESSAGE][PASSED] - Tapped on element 'Object Repository/Home Page/btn_send_offer_price'

08-04-2024T02:13:17 - [MESSAGE][PASSED] - Press back button successfully

08-04-2024T02:13:18 - [MESSAGE][WARNING] - Timeout '0' is invalid. Using default page load timeout: '30'

08-04-2024T02:13:20 - [MESSAGE][PASSED] - Element 'Object Repository/Home Page/textbar_search' is present

08-04-2024T02:13:20 - [MESSAGE][WARNING] - Timeout '0' is invalid. Using default page load timeout: '30'

08-04-2024T02:13:21 - [MESSAGE][PASSED] - Element 'Object Repository/Home Page/btn_nego' is present

08-04-2024T02:13:21 - [MESSAGE][WARNING] - Timeout '0' is invalid. Using default page load timeout: '30'

08-04-2024T02:13:22 - [MESSAGE][PASSED] - Element 'Object Repository/Home Page/textbar_search' is visible

08-04-2024T02:13:22 - [MESSAGE][WARNING] - Timeout '0' is invalid. Using default page load timeout: '30'

08-04-2024T02:13:23 - [MESSAGE][PASSED] - Element 'Object Repository/Home Page/btn_nego' is visible

08-04-2024T02:13:23 - [MESSAGE][INFO] - User set preference: ['appWaitActivity', '*']

08-04-2024T02:13:23 - [MESSAGE][INFO] - User set preference: ['appWaitforLaunch', 'false']

08-04-2024T02:13:23 - [MESSAGE][INFO] - User set preference: ['deviceId', '']

08-04-2024T02:13:40 - [MESSAGE][PASSED] - Started app at: 'C:\Users\ASUS\K3 - Android Automation\K3 - Android Automation\Apk\app-debug.apk'

08-04-2024T02:13:40 - [MESSAGE][WARNING] - Timeout '0' is invalid. Using default page load timeout: '30'

08-04-2024T02:13:45 - [MESSAGE][PASSED] - Element 'Object Repository/Account/icon_account' is present

08-04-2024T02:13:45 - [MESSAGE][WARNING] - Timeout '0' is invalid. Using default page load timeout: '30'

08-04-2024T02:13:46 - [MESSAGE][PASSED] - Element 'Object Repository/Home Page/btn_add_product' is present

08-04-2024T02:13:46 - [MESSAGE][WARNING] - Timeout '0' is invalid. Using default page load timeout: '30'

08-04-2024T02:13:48 - [MESSAGE][PASSED] - Element 'Object Repository/Account/icon_account' is visible

08-04-2024T02:13:48 - [MESSAGE][WARNING] - Timeout '0' is invalid. Using default page load timeout: '30'

08-04-2024T02:13:49 - [MESSAGE][PASSED] - Element 'Object Repository/Home Page/btn_add_product' is visible

08-04-2024T02:13:49 - [MESSAGE][WARNING] - Timeout '0' is invalid. Using default page load timeout: '30'

08-04-2024T02:13:51 - [MESSAGE][PASSED] - Tapped on element 'Object Repository/Account/icon_account'

08-04-2024T02:13:51 - [MESSAGE][WARNING] - Timeout '0' is invalid. Using default page load timeout: '30'

08-04-2024T02:13:52 - [MESSAGE][PASSED] - Element 'Object Repository/Authorization Page/account_login_button' is present

08-04-2024T02:13:52 - [MESSAGE][WARNING] - Timeout '0' is invalid. Using default page load timeout: '30'

08-04-2024T02:13:52 - [MESSAGE][PASSED] - Element 'Object Repository/Authorization Page/account_login_button' is visible

08-04-2024T02:13:52 - [MESSAGE][WARNING] - Timeout '0' is invalid. Using default page load timeout: '30'

08-04-2024T02:13:53 - [MESSAGE][PASSED] - Tapped on element 'Object Repository/Authorization Page/account_login_button'

08-04-2024T02:13:53 - [MESSAGE][WARNING] - Timeout '0' is invalid. Using default page load timeout: '30'

08-04-2024T02:13:55 - [MESSAGE][PASSED] - Element 'Object Repository/Authorization Page/login_input_email' is present

08-04-2024T02:13:56 - [MESSAGE][WARNING] - Timeout '0' is invalid. Using default page load timeout: '30'

08-04-2024T02:13:56 - [MESSAGE][PASSED] - Element 'Object Repository/Authorization Page/login_input_password' is present

08-04-2024T02:13:56 - [MESSAGE][WARNING] - Timeout '0' is invalid. Using default page load timeout: '30'

08-04-2024T02:13:57 - [MESSAGE][PASSED] - Element 'Object Repository/Authorization Page/login_input_email' is visible

08-04-2024T02:13:57 - [MESSAGE][WARNING] - Timeout '0' is invalid. Using default page load timeout: '30'

08-04-2024T02:13:57 - [MESSAGE][PASSED] - Element 'Object Repository/Authorization Page/login_input_password' is visible

08-04-2024T02:13:58 - [MESSAGE][WARNING] - Timeout '0' is invalid. Using default page load timeout: '30'

08-04-2024T02:14:01 - [MESSAGE][PASSED] - Text 'bb@mail.com' has been set to element 'Object Repository/Authorization Page/login_input_email'

08-04-2024T02:14:01 - [MESSAGE][WARNING] - Timeout '0' is invalid. Using default page load timeout: '30'

08-04-2024T02:14:04 - [MESSAGE][PASSED] - Text 'bb@mail.com' has been set to element 'Object Repository/Authorization Page/login_input_password'

08-04-2024T02:14:04 - [MESSAGE][WARNING] - Timeout '0' is invalid. Using default page load timeout: '30'

08-04-2024T02:14:05 - [MESSAGE][PASSED] - Element 'Object Repository/Authorization Page/login_login_button' is present

08-04-2024T02:14:05 - [MESSAGE][WARNING] - Timeout '0' is invalid. Using default page load timeout: '30'

08-04-2024T02:14:06 - [MESSAGE][PASSED] - Element 'Object Repository/Authorization Page/login_login_button' is visible

08-04-2024T02:14:06 - [MESSAGE][WARNING] - Timeout '0' is invalid. Using default page load timeout: '30'

08-04-2024T02:14:06 - [MESSAGE][PASSED] - Tapped on element 'Object Repository/Authorization Page/login_login_button'

08-04-2024T02:14:06 - [MESSAGE][WARNING] - Timeout '0' is invalid. Using default page load timeout: '30'

08-04-2024T02:14:09 - [MESSAGE][PASSED] - Element 'Object Repository/Account/button_my_order' is present

08-04-2024T02:14:09 - [MESSAGE][WARNING] - Timeout '0' is invalid. Using default page load timeout: '30'

08-04-2024T02:14:10 - [MESSAGE][PASSED] - Element 'Object Repository/Account/button_log_out' is present

08-04-2024T02:14:10 - [MESSAGE][WARNING] - Timeout '0' is invalid. Using default page load timeout: '30'

08-04-2024T02:14:11 - [MESSAGE][PASSED] - Element 'Object Repository/Account/button_my_order' is visible

08-04-2024T02:14:11 - [MESSAGE][WARNING] - Timeout '0' is invalid. Using default page load timeout: '30'

08-04-2024T02:14:12 - [MESSAGE][PASSED] - Element 'Object Repository/Account/button_log_out' is visible

08-04-2024T02:14:12 - [MESSAGE][WARNING] - Timeout '0' is invalid. Using default page load timeout: '30'

08-04-2024T02:14:13 - [MESSAGE][PASSED] - Tapped on element 'Object Repository/Account/button_my_selling_list'

08-04-2024T02:14:14 - [MESSAGE][WARNING] - Timeout '0' is invalid. Using default page load timeout: '30'

08-04-2024T02:14:16 - [MESSAGE][PASSED] - Element 'Object Repository/Account/My List Product/back_button_selling_list' is present

08-04-2024T02:14:16 - [MESSAGE][WARNING] - Timeout '0' is invalid. Using default page load timeout: '30'

08-04-2024T02:14:17 - [MESSAGE][PASSED] - Element 'Object Repository/Account/My List Product/header_my_selling_list' is present

08-04-2024T02:14:17 - [MESSAGE][WARNING] - Timeout '0' is invalid. Using default page load timeout: '30'

08-04-2024T02:14:18 - [MESSAGE][PASSED] - Element 'Object Repository/Account/My List Product/back_button_selling_list' is visible

08-04-2024T02:14:18 - [MESSAGE][WARNING] - Timeout '0' is invalid. Using default page load timeout: '30'

08-04-2024T02:14:18 - [MESSAGE][PASSED] - Element 'Object Repository/Account/My List Product/header_my_selling_list' is visible

08-04-2024T02:14:19 - [MESSAGE][WARNING] - Timeout '0' is invalid. Using default page load timeout: '30'

08-04-2024T02:14:19 - [MESSAGE][PASSED] - Tapped on element 'Object Repository/Account/My List Product/view_diminati'

08-04-2024T02:14:19 - [MESSAGE][WARNING] - Timeout '0' is invalid. Using default page load timeout: '30'

08-04-2024T02:14:22 - [MESSAGE][PASSED] - Element 'Object Repository/Account/My List Product/view_diminati' is present

08-04-2024T02:14:22 - [MESSAGE][WARNING] - Timeout '0' is invalid. Using default page load timeout: '30'

08-04-2024T02:14:23 - [MESSAGE][PASSED] - Element 'Object Repository/Account/My List Product/view_diminati' is visible

08-04-2024T02:14:24 - [MESSAGE][WARNING] - Timeout '0' is invalid. Using default page load timeout: '30'

08-04-2024T02:14:25 - [MESSAGE][PASSED] - Tapped on element 'Object Repository/Account/My List Product/view_first_card_diminati'

08-04-2024T02:14:25 - [MESSAGE][WARNING] - Timeout '0' is invalid. Using default page load timeout: '30'

08-04-2024T02:14:26 - [MESSAGE][PASSED] - Tapped on element 'Object Repository/Account/My List Product/button_accept'

08-04-2024T02:14:26 - [MESSAGE][WARNING] - Timeout '0' is invalid. Using default page load timeout: '30'

08-04-2024T02:14:28 - [MESSAGE][PASSED] - Element 'Object Repository/Account/My List Product/bottom_sheet' is present

08-04-2024T02:14:28 - [MESSAGE][WARNING] - Timeout '0' is invalid. Using default page load timeout: '30'

08-04-2024T02:14:28 - [MESSAGE][PASSED] - Element 'Object Repository/Account/My List Product/button_contact_wa' is present

08-04-2024T02:14:28 - [MESSAGE][WARNING] - Timeout '0' is invalid. Using default page load timeout: '30'

08-04-2024T02:14:29 - [MESSAGE][PASSED] - Element 'Object Repository/Account/My List Product/bottom_sheet' is visible

08-04-2024T02:14:29 - [MESSAGE][WARNING] - Timeout '0' is invalid. Using default page load timeout: '30'

08-04-2024T02:14:29 - [MESSAGE][PASSED] - Element 'Object Repository/Account/My List Product/button_contact_wa' is visible

08-04-2024T02:14:30 - [MESSAGE][PASSED] - Press back button successfully

08-04-2024T02:14:30 - [MESSAGE][WARNING] - Timeout '0' is invalid. Using default page load timeout: '30'

08-04-2024T02:14:32 - [MESSAGE][PASSED] - Tapped on element 'Object Repository/Account/My List Product/button_status'

08-04-2024T02:14:32 - [MESSAGE][WARNING] - Timeout '0' is invalid. Using default page load timeout: '30'

08-04-2024T02:14:33 - [MESSAGE][PASSED] - Element 'Object Repository/Account/My List Product/bottom_sheet_for_status' is present

08-04-2024T02:14:33 - [MESSAGE][WARNING] - Timeout '0' is invalid. Using default page load timeout: '30'

08-04-2024T02:14:34 - [MESSAGE][PASSED] - Element 'Object Repository/Account/My List Product/bottom_sheet_for_status' is visible

08-04-2024T02:14:34 - [MESSAGE][WARNING] - Timeout '0' is invalid. Using default page load timeout: '30'

08-04-2024T02:14:35 - [MESSAGE][PASSED] - Tapped on element 'Object Repository/Account/My List Product/radio_button_cancel_transaction'

08-04-2024T02:14:35 - [MESSAGE][WARNING] - Timeout '0' is invalid. Using default page load timeout: '30'

08-04-2024T02:14:36 - [MESSAGE][PASSED] - Tapped on element 'Object Repository/Account/My List Product/button_save_status'

08-04-2024T02:14:36 - [MESSAGE][WARNING] - Timeout '0' is invalid. Using default page load timeout: '30'

08-04-2024T02:14:38 - [MESSAGE][PASSED] - Element 'Object Repository/Account/My List Product/card_buyer_info' is present

08-04-2024T02:14:38 - [MESSAGE][WARNING] - Timeout '0' is invalid. Using default page load timeout: '30'

08-04-2024T02:14:40 - [MESSAGE][PASSED] - Element 'Object Repository/Account/My List Product/card_item_cancel_transaction' is present

08-04-2024T02:14:40 - [MESSAGE][WARNING] - Timeout '0' is invalid. Using default page load timeout: '30'

08-04-2024T02:14:41 - [MESSAGE][PASSED] - Element 'Object Repository/Account/My List Product/text_item_price_cancel_transaction_from_card' is present

08-04-2024T02:14:42 - [MESSAGE][WARNING] - Timeout '0' is invalid. Using default page load timeout: '30'

08-04-2024T02:14:44 - [MESSAGE][PASSED] - Element 'Object Repository/Account/My List Product/card_buyer_info' is visible

08-04-2024T02:14:44 - [MESSAGE][WARNING] - Timeout '0' is invalid. Using default page load timeout: '30'

08-04-2024T02:14:45 - [MESSAGE][PASSED] - Element 'Object Repository/Account/My List Product/card_item_cancel_transaction' is visible

08-04-2024T02:14:45 - [MESSAGE][WARNING] - Timeout '0' is invalid. Using default page load timeout: '30'

08-04-2024T02:14:47 - [MESSAGE][PASSED] - Element 'Object Repository/Account/My List Product/text_item_price_cancel_transaction_from_card' is visible

08-04-2024T02:14:47 - [MESSAGE][INFO] - User set preference: ['appWaitActivity', '*']

08-04-2024T02:14:47 - [MESSAGE][INFO] - User set preference: ['appWaitforLaunch', 'false']

08-04-2024T02:14:47 - [MESSAGE][INFO] - User set preference: ['deviceId', '']

08-04-2024T02:15:03 - [MESSAGE][PASSED] - Started app at: 'C:\Users\ASUS\K3 - Android Automation\K3 - Android Automation\Apk\app-debug.apk'

08-04-2024T02:15:03 - [MESSAGE][WARNING] - Timeout '0' is invalid. Using default page load timeout: '30'

08-04-2024T02:15:08 - [MESSAGE][PASSED] - Element 'Object Repository/Account/icon_account' is present

08-04-2024T02:15:08 - [MESSAGE][WARNING] - Timeout '0' is invalid. Using default page load timeout: '30'

08-04-2024T02:15:09 - [MESSAGE][PASSED] - Element 'Object Repository/Home Page/btn_add_product' is present

08-04-2024T02:15:10 - [MESSAGE][WARNING] - Timeout '0' is invalid. Using default page load timeout: '30'

08-04-2024T02:15:10 - [MESSAGE][PASSED] - Element 'Object Repository/Account/icon_account' is visible

08-04-2024T02:15:11 - [MESSAGE][WARNING] - Timeout '0' is invalid. Using default page load timeout: '30'

08-04-2024T02:15:12 - [MESSAGE][PASSED] - Element 'Object Repository/Home Page/btn_add_product' is visible

08-04-2024T02:15:12 - [MESSAGE][WARNING] - Timeout '0' is invalid. Using default page load timeout: '30'

08-04-2024T02:15:13 - [MESSAGE][PASSED] - Tapped on element 'Object Repository/Account/icon_account'

08-04-2024T02:15:13 - [MESSAGE][WARNING] - Timeout '0' is invalid. Using default page load timeout: '30'

08-04-2024T02:15:14 - [MESSAGE][PASSED] - Element 'Object Repository/Authorization Page/account_login_button' is present

08-04-2024T02:15:14 - [MESSAGE][WARNING] - Timeout '0' is invalid. Using default page load timeout: '30'

08-04-2024T02:15:15 - [MESSAGE][PASSED] - Element 'Object Repository/Authorization Page/account_login_button' is visible

08-04-2024T02:15:15 - [MESSAGE][WARNING] - Timeout '0' is invalid. Using default page load timeout: '30'

08-04-2024T02:15:16 - [MESSAGE][PASSED] - Tapped on element 'Object Repository/Authorization Page/account_login_button'

08-04-2024T02:15:16 - [MESSAGE][WARNING] - Timeout '0' is invalid. Using default page load timeout: '30'

08-04-2024T02:15:18 - [MESSAGE][PASSED] - Element 'Object Repository/Authorization Page/login_input_email' is present

08-04-2024T02:15:18 - [MESSAGE][WARNING] - Timeout '0' is invalid. Using default page load timeout: '30'

08-04-2024T02:15:18 - [MESSAGE][PASSED] - Element 'Object Repository/Authorization Page/login_input_password' is present

08-04-2024T02:15:19 - [MESSAGE][WARNING] - Timeout '0' is invalid. Using default page load timeout: '30'

08-04-2024T02:15:19 - [MESSAGE][PASSED] - Element 'Object Repository/Authorization Page/login_input_email' is visible

08-04-2024T02:15:19 - [MESSAGE][WARNING] - Timeout '0' is invalid. Using default page load timeout: '30'

08-04-2024T02:15:20 - [MESSAGE][PASSED] - Element 'Object Repository/Authorization Page/login_input_password' is visible

08-04-2024T02:15:20 - [MESSAGE][WARNING] - Timeout '0' is invalid. Using default page load timeout: '30'

08-04-2024T02:15:24 - [MESSAGE][PASSED] - Text 'kk@mail.com' has been set to element 'Object Repository/Authorization Page/login_input_email'

08-04-2024T02:15:24 - [MESSAGE][WARNING] - Timeout '0' is invalid. Using default page load timeout: '30'

08-04-2024T02:15:27 - [MESSAGE][PASSED] - Text 'kk@mail.com' has been set to element 'Object Repository/Authorization Page/login_input_password'

08-04-2024T02:15:27 - [MESSAGE][WARNING] - Timeout '0' is invalid. Using default page load timeout: '30'

08-04-2024T02:15:28 - [MESSAGE][PASSED] - Element 'Object Repository/Authorization Page/login_login_button' is present

08-04-2024T02:15:28 - [MESSAGE][WARNING] - Timeout '0' is invalid. Using default page load timeout: '30'

08-04-2024T02:15:29 - [MESSAGE][PASSED] - Element 'Object Repository/Authorization Page/login_login_button' is visible

08-04-2024T02:15:29 - [MESSAGE][WARNING] - Timeout '0' is invalid. Using default page load timeout: '30'

08-04-2024T02:15:29 - [MESSAGE][PASSED] - Tapped on element 'Object Repository/Authorization Page/login_login_button'

08-04-2024T02:15:29 - [MESSAGE][WARNING] - Timeout '0' is invalid. Using default page load timeout: '30'

08-04-2024T02:15:32 - [MESSAGE][PASSED] - Tapped on element 'Object Repository/Home Page/btn_home'

08-04-2024T02:15:32 - [MESSAGE][WARNING] - Timeout '0' is invalid. Using default page load timeout: '30'

08-04-2024T02:15:34 - [MESSAGE][PASSED] - Element 'Object Repository/Home Page/textbar_search' is present

08-04-2024T02:15:35 - [MESSAGE][WARNING] - Timeout '0' is invalid. Using default page load timeout: '30'

08-04-2024T02:15:36 - [MESSAGE][PASSED] - Element 'Object Repository/Home Page/btn_home' is present

08-04-2024T02:15:36 - [MESSAGE][WARNING] - Timeout '0' is invalid. Using default page load timeout: '30'

08-04-2024T02:15:37 - [MESSAGE][PASSED] - Element 'Object Repository/Home Page/textbar_search' is visible

08-04-2024T02:15:37 - [MESSAGE][WARNING] - Timeout '0' is invalid. Using default page load timeout: '30'

08-04-2024T02:15:38 - [MESSAGE][PASSED] - Element 'Object Repository/Home Page/btn_home' is visible

08-04-2024T02:15:39 - [MESSAGE][WARNING] - Timeout '0' is invalid. Using default page load timeout: '30'

08-04-2024T02:15:40 - [MESSAGE][PASSED] - Tapped on element 'Object Repository/Home Page/textbar_search'

08-04-2024T02:15:40 - [MESSAGE][WARNING] - Timeout '0' is invalid. Using default page load timeout: '30'

08-04-2024T02:15:45 - [MESSAGE][PASSED] - Text 'Foto abstrak keren' has been set to element 'Object Repository/Home Page/textbar_search'

08-04-2024T02:15:45 - [MESSAGE][WARNING] - Timeout '0' is invalid. Using default page load timeout: '30'

08-04-2024T02:15:50 - [MESSAGE][PASSED] - Tapped on element 'Object Repository/Home Page/search_first_product'

08-04-2024T02:15:50 - [MESSAGE][WARNING] - Timeout '0' is invalid. Using default page load timeout: '30'

08-04-2024T02:15:51 - [MESSAGE][PASSED] - Element 'Object Repository/Home Page/textbar_search' is present

08-04-2024T02:15:51 - [MESSAGE][WARNING] - Timeout '0' is invalid. Using default page load timeout: '30'

08-04-2024T02:15:53 - [MESSAGE][PASSED] - Element 'Object Repository/Home Page/btn_nego' is present

08-04-2024T02:15:53 - [MESSAGE][WARNING] - Timeout '0' is invalid. Using default page load timeout: '30'

08-04-2024T02:15:54 - [MESSAGE][PASSED] - Element 'Object Repository/Home Page/textbar_search' is visible

08-04-2024T02:15:55 - [MESSAGE][WARNING] - Timeout '0' is invalid. Using default page load timeout: '30'

08-04-2024T02:15:56 - [MESSAGE][PASSED] - Element 'Object Repository/Home Page/btn_nego' is visible

08-04-2024T02:15:56 - [MESSAGE][WARNING] - Timeout '0' is invalid. Using default page load timeout: '30'

08-04-2024T02:15:58 - [MESSAGE][PASSED] - Tapped on element 'Object Repository/Home Page/btn_nego'

08-04-2024T02:15:58 - [MESSAGE][WARNING] - Timeout '0' is invalid. Using default page load timeout: '30'

08-04-2024T02:16:03 - [MESSAGE][PASSED] - Text '20000' has been set to element 'Object Repository/Home Page/input_offer_price'

08-04-2024T02:16:04 - [MESSAGE][PASSED] - Press back button successfully

08-04-2024T02:16:04 - [MESSAGE][WARNING] - Timeout '0' is invalid. Using default page load timeout: '30'

08-04-2024T02:16:06 - [MESSAGE][PASSED] - Tapped on element 'Object Repository/Home Page/btn_send_offer_price'

08-04-2024T02:16:07 - [MESSAGE][PASSED] - Press back button successfully

08-04-2024T02:16:07 - [MESSAGE][WARNING] - Timeout '0' is invalid. Using default page load timeout: '30'

08-04-2024T02:16:09 - [MESSAGE][PASSED] - Element 'Object Repository/Home Page/textbar_search' is present

08-04-2024T02:16:09 - [MESSAGE][WARNING] - Timeout '0' is invalid. Using default page load timeout: '30'

08-04-2024T02:16:10 - [MESSAGE][PASSED] - Element 'Object Repository/Home Page/btn_nego' is present

08-04-2024T02:16:10 - [MESSAGE][WARNING] - Timeout '0' is invalid. Using default page load timeout: '30'

08-04-2024T02:16:13 - [MESSAGE][PASSED] - Element 'Object Repository/Home Page/textbar_search' is visible

08-04-2024T02:16:13 - [MESSAGE][WARNING] - Timeout '0' is invalid. Using default page load timeout: '30'

08-04-2024T02:16:14 - [MESSAGE][PASSED] - Element 'Object Repository/Home Page/btn_nego' is visible

08-04-2024T02:16:14 - [MESSAGE][INFO] - User set preference: ['appWaitActivity', '*']

08-04-2024T02:16:14 - [MESSAGE][INFO] - User set preference: ['appWaitforLaunch', 'false']

08-04-2024T02:16:14 - [MESSAGE][INFO] - User set preference: ['deviceId', '']

08-04-2024T02:16:29 - [MESSAGE][PASSED] - Started app at: 'C:\Users\ASUS\K3 - Android Automation\K3 - Android Automation\Apk\app-debug.apk'

08-04-2024T02:16:30 - [MESSAGE][WARNING] - Timeout '0' is invalid. Using default page load timeout: '30'

08-04-2024T02:16:34 - [MESSAGE][PASSED] - Element 'Object Repository/Account/icon_account' is present

08-04-2024T02:16:34 - [MESSAGE][WARNING] - Timeout '0' is invalid. Using default page load timeout: '30'

08-04-2024T02:16:34 - [MESSAGE][PASSED] - Element 'Object Repository/Home Page/btn_add_product' is present

08-04-2024T02:16:35 - [MESSAGE][WARNING] - Timeout '0' is invalid. Using default page load timeout: '30'

08-04-2024T02:16:36 - [MESSAGE][PASSED] - Element 'Object Repository/Account/icon_account' is visible

08-04-2024T02:16:36 - [MESSAGE][WARNING] - Timeout '0' is invalid. Using default page load timeout: '30'

08-04-2024T02:16:38 - [MESSAGE][PASSED] - Element 'Object Repository/Home Page/btn_add_product' is visible

08-04-2024T02:16:38 - [MESSAGE][WARNING] - Timeout '0' is invalid. Using default page load timeout: '30'

08-04-2024T02:16:40 - [MESSAGE][PASSED] - Tapped on element 'Object Repository/Account/icon_account'

08-04-2024T02:16:40 - [MESSAGE][WARNING] - Timeout '0' is invalid. Using default page load timeout: '30'

08-04-2024T02:16:41 - [MESSAGE][PASSED] - Element 'Object Repository/Authorization Page/account_login_button' is present

08-04-2024T02:16:41 - [MESSAGE][WARNING] - Timeout '0' is invalid. Using default page load timeout: '30'

08-04-2024T02:16:42 - [MESSAGE][PASSED] - Element 'Object Repository/Authorization Page/account_login_button' is visible

08-04-2024T02:16:42 - [MESSAGE][WARNING] - Timeout '0' is invalid. Using default page load timeout: '30'

08-04-2024T02:16:42 - [MESSAGE][PASSED] - Tapped on element 'Object Repository/Authorization Page/account_login_button'

08-04-2024T02:16:42 - [MESSAGE][WARNING] - Timeout '0' is invalid. Using default page load timeout: '30'

08-04-2024T02:16:44 - [MESSAGE][PASSED] - Element 'Object Repository/Authorization Page/login_input_email' is present

08-04-2024T02:16:44 - [MESSAGE][WARNING] - Timeout '0' is invalid. Using default page load timeout: '30'

08-04-2024T02:16:45 - [MESSAGE][PASSED] - Element 'Object Repository/Authorization Page/login_input_password' is present

08-04-2024T02:16:45 - [MESSAGE][WARNING] - Timeout '0' is invalid. Using default page load timeout: '30'

08-04-2024T02:16:45 - [MESSAGE][PASSED] - Element 'Object Repository/Authorization Page/login_input_email' is visible

08-04-2024T02:16:45 - [MESSAGE][WARNING] - Timeout '0' is invalid. Using default page load timeout: '30'

08-04-2024T02:16:46 - [MESSAGE][PASSED] - Element 'Object Repository/Authorization Page/login_input_password' is visible

08-04-2024T02:16:46 - [MESSAGE][WARNING] - Timeout '0' is invalid. Using default page load timeout: '30'

08-04-2024T02:16:49 - [MESSAGE][PASSED] - Text 'bb@mail.com' has been set to element 'Object Repository/Authorization Page/login_input_email'

08-04-2024T02:16:49 - [MESSAGE][WARNING] - Timeout '0' is invalid. Using default page load timeout: '30'

08-04-2024T02:16:53 - [MESSAGE][PASSED] - Text 'bb@mail.com' has been set to element 'Object Repository/Authorization Page/login_input_password'

08-04-2024T02:16:54 - [MESSAGE][WARNING] - Timeout '0' is invalid. Using default page load timeout: '30'

08-04-2024T02:16:54 - [MESSAGE][PASSED] - Element 'Object Repository/Authorization Page/login_login_button' is present

08-04-2024T02:16:55 - [MESSAGE][WARNING] - Timeout '0' is invalid. Using default page load timeout: '30'

08-04-2024T02:16:55 - [MESSAGE][PASSED] - Element 'Object Repository/Authorization Page/login_login_button' is visible

08-04-2024T02:16:55 - [MESSAGE][WARNING] - Timeout '0' is invalid. Using default page load timeout: '30'

08-04-2024T02:16:56 - [MESSAGE][PASSED] - Tapped on element 'Object Repository/Authorization Page/login_login_button'

08-04-2024T02:16:56 - [MESSAGE][WARNING] - Timeout '0' is invalid. Using default page load timeout: '30'

08-04-2024T02:16:59 - [MESSAGE][PASSED] - Element 'Object Repository/Account/button_my_order' is present

08-04-2024T02:16:59 - [MESSAGE][WARNING] - Timeout '0' is invalid. Using default page load timeout: '30'

08-04-2024T02:17:00 - [MESSAGE][PASSED] - Element 'Object Repository/Account/button_log_out' is present

08-04-2024T02:17:00 - [MESSAGE][WARNING] - Timeout '0' is invalid. Using default page load timeout: '30'

08-04-2024T02:17:01 - [MESSAGE][PASSED] - Element 'Object Repository/Account/button_my_order' is visible

08-04-2024T02:17:01 - [MESSAGE][WARNING] - Timeout '0' is invalid. Using default page load timeout: '30'

08-04-2024T02:17:02 - [MESSAGE][PASSED] - Element 'Object Repository/Account/button_log_out' is visible

08-04-2024T02:17:02 - [MESSAGE][WARNING] - Timeout '0' is invalid. Using default page load timeout: '30'

08-04-2024T02:17:03 - [MESSAGE][PASSED] - Tapped on element 'Object Repository/Account/button_my_selling_list'

08-04-2024T02:17:03 - [MESSAGE][WARNING] - Timeout '0' is invalid. Using default page load timeout: '30'

08-04-2024T02:17:05 - [MESSAGE][PASSED] - Element 'Object Repository/Account/My List Product/back_button_selling_list' is present

08-04-2024T02:17:05 - [MESSAGE][WARNING] - Timeout '0' is invalid. Using default page load timeout: '30'

08-04-2024T02:17:07 - [MESSAGE][PASSED] - Element 'Object Repository/Account/My List Product/header_my_selling_list' is present

08-04-2024T02:17:07 - [MESSAGE][WARNING] - Timeout '0' is invalid. Using default page load timeout: '30'

08-04-2024T02:17:08 - [MESSAGE][PASSED] - Element 'Object Repository/Account/My List Product/back_button_selling_list' is visible

08-04-2024T02:17:08 - [MESSAGE][WARNING] - Timeout '0' is invalid. Using default page load timeout: '30'

08-04-2024T02:17:09 - [MESSAGE][PASSED] - Element 'Object Repository/Account/My List Product/header_my_selling_list' is visible

08-04-2024T02:17:09 - [MESSAGE][WARNING] - Timeout '0' is invalid. Using default page load timeout: '30'

08-04-2024T02:17:11 - [MESSAGE][PASSED] - Tapped on element 'Object Repository/Account/My List Product/view_diminati'

08-04-2024T02:17:11 - [MESSAGE][WARNING] - Timeout '0' is invalid. Using default page load timeout: '30'

08-04-2024T02:17:13 - [MESSAGE][PASSED] - Element 'Object Repository/Account/My List Product/view_diminati' is present

08-04-2024T02:17:14 - [MESSAGE][WARNING] - Timeout '0' is invalid. Using default page load timeout: '30'

08-04-2024T02:17:15 - [MESSAGE][PASSED] - Element 'Object Repository/Account/My List Product/view_diminati' is visible

08-04-2024T02:17:15 - [MESSAGE][WARNING] - Timeout '0' is invalid. Using default page load timeout: '30'

08-04-2024T02:17:17 - [MESSAGE][PASSED] - Tapped on element 'Object Repository/Account/My List Product/view_first_card_diminati'

08-04-2024T02:17:17 - [MESSAGE][WARNING] - Timeout '0' is invalid. Using default page load timeout: '30'

08-04-2024T02:17:19 - [MESSAGE][PASSED] - Tapped on element 'Object Repository/Account/My List Product/button_accept'

08-04-2024T02:17:19 - [MESSAGE][WARNING] - Timeout '0' is invalid. Using default page load timeout: '30'

08-04-2024T02:17:20 - [MESSAGE][PASSED] - Element 'Object Repository/Account/My List Product/bottom_sheet' is present

08-04-2024T02:17:20 - [MESSAGE][WARNING] - Timeout '0' is invalid. Using default page load timeout: '30'

08-04-2024T02:17:21 - [MESSAGE][PASSED] - Element 'Object Repository/Account/My List Product/button_contact_wa' is present

08-04-2024T02:17:21 - [MESSAGE][WARNING] - Timeout '0' is invalid. Using default page load timeout: '30'

08-04-2024T02:17:21 - [MESSAGE][PASSED] - Element 'Object Repository/Account/My List Product/bottom_sheet' is visible

08-04-2024T02:17:21 - [MESSAGE][WARNING] - Timeout '0' is invalid. Using default page load timeout: '30'

08-04-2024T02:17:22 - [MESSAGE][PASSED] - Element 'Object Repository/Account/My List Product/button_contact_wa' is visible

08-04-2024T02:17:23 - [MESSAGE][PASSED] - Press back button successfully

08-04-2024T02:17:23 - [MESSAGE][WARNING] - Timeout '0' is invalid. Using default page load timeout: '30'

08-04-2024T02:17:24 - [MESSAGE][PASSED] - Tapped on element 'Object Repository/Account/My List Product/button_status'

08-04-2024T02:17:24 - [MESSAGE][WARNING] - Timeout '0' is invalid. Using default page load timeout: '30'

08-04-2024T02:17:26 - [MESSAGE][PASSED] - Element 'Object Repository/Account/My List Product/bottom_sheet_for_status' is present

08-04-2024T02:17:26 - [MESSAGE][WARNING] - Timeout '0' is invalid. Using default page load timeout: '30'

08-04-2024T02:17:27 - [MESSAGE][PASSED] - Element 'Object Repository/Account/My List Product/bottom_sheet_for_status' is visible

08-04-2024T02:17:27 - [MESSAGE][WARNING] - Timeout '0' is invalid. Using default page load timeout: '30'

08-04-2024T02:17:27 - [MESSAGE][PASSED] - Tapped on element 'Object Repository/Account/My List Product/radio_button_success'

08-04-2024T02:17:27 - [MESSAGE][WARNING] - Timeout '0' is invalid. Using default page load timeout: '30'

08-04-2024T02:17:28 - [MESSAGE][PASSED] - Tapped on element 'Object Repository/Account/My List Product/button_save_status'

08-04-2024T02:17:29 - [MESSAGE][WARNING] - Timeout '0' is invalid. Using default page load timeout: '30'

08-04-2024T02:17:31 - [MESSAGE][PASSED] - Element 'Object Repository/Account/My List Product/card_buyer_info' is present

08-04-2024T02:17:31 - [MESSAGE][WARNING] - Timeout '0' is invalid. Using default page load timeout: '30'

08-04-2024T02:17:32 - [MESSAGE][PASSED] - Element 'Object Repository/Account/My List Product/card_item_cancel_transaction' is present

08-04-2024T02:17:32 - [MESSAGE][WARNING] - Timeout '0' is invalid. Using default page load timeout: '30'

08-04-2024T02:17:34 - [MESSAGE][PASSED] - Element 'Object Repository/Account/My List Product/text_item_price_cancel_transaction_from_card' is present

08-04-2024T02:17:34 - [MESSAGE][WARNING] - Timeout '0' is invalid. Using default page load timeout: '30'

08-04-2024T02:17:36 - [MESSAGE][PASSED] - Element 'Object Repository/Account/My List Product/card_buyer_info' is visible

08-04-2024T02:17:36 - [MESSAGE][WARNING] - Timeout '0' is invalid. Using default page load timeout: '30'

08-04-2024T02:17:38 - [MESSAGE][PASSED] - Element 'Object Repository/Account/My List Product/card_item_cancel_transaction' is visible

08-04-2024T02:17:38 - [MESSAGE][WARNING] - Timeout '0' is invalid. Using default page load timeout: '30'

08-04-2024T02:17:39 - [MESSAGE][PASSED] - Element 'Object Repository/Account/My List Product/text_item_price_cancel_transaction_from_card' is visible

08-04-2024T02:17:39 - [MESSAGE][PASSED] - Run with 'Runner' was passed]]></system-out>
         <system-err><![CDATA[]]></system-err>
      </testcase>
      <system-out><![CDATA[08-04-2024T02:10:13 - [TEST_SUITE][PASSED] - New Test Suite: Test Cases/Cucumber]]></system-out>
      <system-err><![CDATA[]]></system-err>
   </testsuite>
</testsuites>
