<?xml version="1.0" encoding="UTF-8"?>
<testsuites name="New Test Suite" time="460.249" tests="1" failures="0" errors="0">
   <testsuite name="New Test Suite" tests="1" failures="0" errors="0" time="460.249" skipped="0" timestamp="08-04-2024T01:59:03" hostname="ASUS - RitaChou" id="Test Suites/New Test Suite">
      <properties>
         <property name="deviceName" value="Xiaomi 23090RA98G (Android 14)"/>
         <property name="devicePlatform" value=""/>
         <property name="logFolder" value="C:\\Users\\ASUS\\K3 - Android Automation\\K3 - Android Automation\\Reports\\20240408_015847\\New Test Suite\\20240408_015847"/>
         <property name="logFiles" value="C:\\Users\\ASUS\\K3 - Android Automation\\K3 - Android Automation\\Reports\\20240408_015847\\New Test Suite\\20240408_015847\\appium.log, C:\\Users\\ASUS\\K3 - Android Automation\\K3 - Android Automation\\Reports\\20240408_015847\\New Test Suite\\20240408_015847\\appium_error.log, C:\\Users\\ASUS\\K3 - Android Automation\\K3 - Android Automation\\Reports\\20240408_015847\\New Test Suite\\20240408_015847\\execution0.log"/>
         <property name="attachments" value=""/>
         <property name="hostName" value="ASUS - RitaChou"/>
         <property name="os" value="Windows 11 64bit"/>
         <property name="appiumServerStatus" value="{&quot;value&quot;:{&quot;build&quot;:{&quot;version&quot;:&quot;1.22.3&quot;}},&quot;sessionId&quot;:null,&quot;status&quot;:0}"/>
         <property name="katalonVersion" value="9.3.2.212"/>
         <property name="deviceOS" value="Android"/>
         <property name="appiumVersion" value="1.22.3"/>
         <property name="deviceModel" value="23090RA98G"/>
         <property name="hostAddress" value="192.168.0.104"/>
         <property name="deviceManufacturer" value="Xiaomi"/>
         <property name="deviceId" value="XK9X5XV8MJKR8HGI"/>
         <property name="deviceName" value="Xiaomi 23090RA98G (Android 14)"/>
         <property name="deviceOSVersion" value="14"/>
      </properties>
      <testcase name="Test Cases/Cucumber" time="457.877" classname="Test Cases/Cucumber" status="PASSED">
         <system-out><![CDATA[08-04-2024T01:59:06 - [TEST_CASE][PASSED] - Test Cases/Cucumber: Test Cases/Cucumber

08-04-2024T01:59:07 - [TEST_STEP][ERROR] - Start listener action : beforeTestCase: groovy.lang.MissingPropertyException: No such property: CucumberGlueGen for class: NewTestListener
	at NewTestListener.beforeTestCase(NewTestListener.groovy:31)
	at java.base/jdk.internal.reflect.NativeMethodAccessorImpl.invoke0(Native Method)
	at java.base/jdk.internal.reflect.NativeMethodAccessorImpl.invoke(NativeMethodAccessorImpl.java:77)
	at java.base/jdk.internal.reflect.DelegatingMethodAccessorImpl.invoke(DelegatingMethodAccessorImpl.java:43)
	at com.kms.katalon.core.context.internal.TestHooker.invokeMethod(TestHooker.java:111)
	at com.kms.katalon.core.context.internal.TestHooker.lambda$3(TestHooker.java:95)
	at com.kms.katalon.core.context.internal.TestHooker.invokeContextMethods(TestHooker.java:94)
	at com.kms.katalon.core.context.internal.TestListenerCollector.lambda$3(TestListenerCollector.java:88)
	at com.kms.katalon.core.context.internal.TestListenerCollector.handleListenerEvent(TestListenerCollector.java:85)
	at com.kms.katalon.core.context.internal.ExecutionEventManager.publicEvent(ExecutionEventManager.java:36)
	at com.kms.katalon.core.main.TestCaseExecutor.execute(TestCaseExecutor.java:268)
	at com.kms.katalon.core.common.CommonExecutor.accessTestCaseMainPhase(CommonExecutor.java:65)
	at com.kms.katalon.core.main.TestSuiteExecutor.accessTestSuiteMainPhase(TestSuiteExecutor.java:148)
	at com.kms.katalon.core.main.TestSuiteExecutor.execute(TestSuiteExecutor.java:106)
	at com.kms.katalon.core.main.TestCaseMain.startTestSuite(TestCaseMain.java:180)
	at TempTestSuite1712516327685.run(TempTestSuite1712516327685.groovy:35)
	at java.base/jdk.internal.reflect.NativeMethodAccessorImpl.invoke0(Native Method)
	at java.base/jdk.internal.reflect.NativeMethodAccessorImpl.invoke(NativeMethodAccessorImpl.java:77)
	at java.base/jdk.internal.reflect.DelegatingMethodAccessorImpl.invoke(DelegatingMethodAccessorImpl.java:43)


08-04-2024T01:59:07 - [TEST_STEP][PASSED] - GLUE = ["stepDefinition"]: null

08-04-2024T01:59:08 - [TEST_STEP][ERROR] - CucumberGlueGen.addDefaultPackages(): groovy.lang.MissingPropertyException: No such property: CucumberGlueGen for class: NewTestListener
	at NewTestListener.beforeTestCase(NewTestListener.groovy:31)
	at java.base/jdk.internal.reflect.NativeMethodAccessorImpl.invoke0(Native Method)
	at java.base/jdk.internal.reflect.NativeMethodAccessorImpl.invoke(NativeMethodAccessorImpl.java:77)
	at java.base/jdk.internal.reflect.DelegatingMethodAccessorImpl.invoke(DelegatingMethodAccessorImpl.java:43)
	at com.kms.katalon.core.context.internal.TestHooker.invokeMethod(TestHooker.java:111)
	at com.kms.katalon.core.context.internal.TestHooker.lambda$3(TestHooker.java:95)
	at com.kms.katalon.core.context.internal.TestHooker.invokeContextMethods(TestHooker.java:94)
	at com.kms.katalon.core.context.internal.TestListenerCollector.lambda$3(TestListenerCollector.java:88)
	at com.kms.katalon.core.context.internal.TestListenerCollector.handleListenerEvent(TestListenerCollector.java:85)
	at com.kms.katalon.core.context.internal.ExecutionEventManager.publicEvent(ExecutionEventManager.java:36)
	at com.kms.katalon.core.main.TestCaseExecutor.execute(TestCaseExecutor.java:268)
	at com.kms.katalon.core.common.CommonExecutor.accessTestCaseMainPhase(CommonExecutor.java:65)
	at com.kms.katalon.core.main.TestSuiteExecutor.accessTestSuiteMainPhase(TestSuiteExecutor.java:148)
	at com.kms.katalon.core.main.TestSuiteExecutor.execute(TestSuiteExecutor.java:106)
	at com.kms.katalon.core.main.TestCaseMain.startTestSuite(TestCaseMain.java:180)
	at TempTestSuite1712516327685.run(TempTestSuite1712516327685.groovy:35)
	at java.base/jdk.internal.reflect.NativeMethodAccessorImpl.invoke0(Native Method)
	at java.base/jdk.internal.reflect.NativeMethodAccessorImpl.invoke(NativeMethodAccessorImpl.java:77)
	at java.base/jdk.internal.reflect.DelegatingMethodAccessorImpl.invoke(DelegatingMethodAccessorImpl.java:43)


08-04-2024T01:59:08 - [MESSAGE][ERROR] - groovy.lang.MissingPropertyException: No such property: CucumberGlueGen for class: NewTestListener
	at NewTestListener.beforeTestCase(NewTestListener.groovy:31)
	at java.base/jdk.internal.reflect.NativeMethodAccessorImpl.invoke0(Native Method)
	at java.base/jdk.internal.reflect.NativeMethodAccessorImpl.invoke(NativeMethodAccessorImpl.java:77)
	at java.base/jdk.internal.reflect.DelegatingMethodAccessorImpl.invoke(DelegatingMethodAccessorImpl.java:43)
	at com.kms.katalon.core.context.internal.TestHooker.invokeMethod(TestHooker.java:111)
	at com.kms.katalon.core.context.internal.TestHooker.lambda$3(TestHooker.java:95)
	at com.kms.katalon.core.context.internal.TestHooker.invokeContextMethods(TestHooker.java:94)
	at com.kms.katalon.core.context.internal.TestListenerCollector.lambda$3(TestListenerCollector.java:88)
	at com.kms.katalon.core.context.internal.TestListenerCollector.handleListenerEvent(TestListenerCollector.java:85)
	at com.kms.katalon.core.context.internal.ExecutionEventManager.publicEvent(ExecutionEventManager.java:36)
	at com.kms.katalon.core.main.TestCaseExecutor.execute(TestCaseExecutor.java:268)
	at com.kms.katalon.core.common.CommonExecutor.accessTestCaseMainPhase(CommonExecutor.java:65)
	at com.kms.katalon.core.main.TestSuiteExecutor.accessTestSuiteMainPhase(TestSuiteExecutor.java:148)
	at com.kms.katalon.core.main.TestSuiteExecutor.execute(TestSuiteExecutor.java:106)
	at com.kms.katalon.core.main.TestCaseMain.startTestSuite(TestCaseMain.java:180)
	at TempTestSuite1712516327685.run(TempTestSuite1712516327685.groovy:35)
	at java.base/jdk.internal.reflect.NativeMethodAccessorImpl.invoke0(Native Method)
	at java.base/jdk.internal.reflect.NativeMethodAccessorImpl.invoke(NativeMethodAccessorImpl.java:77)
	at java.base/jdk.internal.reflect.DelegatingMethodAccessorImpl.invoke(DelegatingMethodAccessorImpl.java:43)


08-04-2024T01:59:09 - [TEST_STEP][PASSED] - runWithCucumberRunner(Runner): Run with 'Runner' was passed

08-04-2024T01:59:13 - [MESSAGE][INFO] - User set preference: ['appWaitActivity', '*']

08-04-2024T01:59:13 - [MESSAGE][INFO] - User set preference: ['appWaitforLaunch', 'false']

08-04-2024T01:59:13 - [MESSAGE][INFO] - User set preference: ['deviceId', '']

08-04-2024T01:59:14 - [MESSAGE][INFO] - Detected NodeJS location: "C:\Program Files\nodejs\node.exe"

08-04-2024T01:59:25 - [MESSAGE][INFO] - PATH: C:\Program Files\nodejs;

08-04-2024T01:59:25 - [MESSAGE][INFO] - APPIUM_HOME: C:\Users\ASUS\AppData\Roaming\npm\node_modules\appium\build\lib\main.js

08-04-2024T01:59:25 - [MESSAGE][INFO] - appium outlog: C:\Users\ASUS\K3 - Android Automation\K3 - Android Automation\Reports\20240408_015847\New Test Suite\20240408_015847\appium.log

08-04-2024T01:59:25 - [MESSAGE][INFO] - appium errlog: C:\Users\ASUS\K3 - Android Automation\K3 - Android Automation\Reports\20240408_015847\New Test Suite\20240408_015847\appium_error.log

08-04-2024T01:59:34 - [MESSAGE][INFO] - Appium server started on port 58.857

08-04-2024T02:00:05 - [MESSAGE][PASSED] - Started app at: 'C:\Users\ASUS\K3 - Android Automation\K3 - Android Automation\Apk\app-debug.apk'

08-04-2024T02:00:05 - [MESSAGE][WARNING] - Timeout '0' is invalid. Using default page load timeout: '30'

08-04-2024T02:00:07 - [MESSAGE][PASSED] - Element 'Object Repository/Account/icon_account' is present

08-04-2024T02:00:07 - [MESSAGE][WARNING] - Timeout '0' is invalid. Using default page load timeout: '30'

08-04-2024T02:00:08 - [MESSAGE][PASSED] - Element 'Object Repository/Home Page/btn_add_product' is present

08-04-2024T02:00:08 - [MESSAGE][WARNING] - Timeout '0' is invalid. Using default page load timeout: '30'

08-04-2024T02:00:10 - [MESSAGE][PASSED] - Element 'Object Repository/Account/icon_account' is visible

08-04-2024T02:00:10 - [MESSAGE][WARNING] - Timeout '0' is invalid. Using default page load timeout: '30'

08-04-2024T02:00:11 - [MESSAGE][PASSED] - Element 'Object Repository/Home Page/btn_add_product' is visible

08-04-2024T02:00:11 - [MESSAGE][WARNING] - Timeout '0' is invalid. Using default page load timeout: '30'

08-04-2024T02:00:13 - [MESSAGE][PASSED] - Tapped on element 'Object Repository/Account/icon_account'

08-04-2024T02:00:13 - [MESSAGE][WARNING] - Timeout '0' is invalid. Using default page load timeout: '30'

08-04-2024T02:00:14 - [MESSAGE][PASSED] - Element 'Object Repository/Authorization Page/account_login_button' is present

08-04-2024T02:00:14 - [MESSAGE][WARNING] - Timeout '0' is invalid. Using default page load timeout: '30'

08-04-2024T02:00:15 - [MESSAGE][PASSED] - Element 'Object Repository/Authorization Page/account_login_button' is visible

08-04-2024T02:00:15 - [MESSAGE][WARNING] - Timeout '0' is invalid. Using default page load timeout: '30'

08-04-2024T02:00:16 - [MESSAGE][PASSED] - Tapped on element 'Object Repository/Authorization Page/account_login_button'

08-04-2024T02:00:16 - [MESSAGE][WARNING] - Timeout '0' is invalid. Using default page load timeout: '30'

08-04-2024T02:00:18 - [MESSAGE][PASSED] - Element 'Object Repository/Authorization Page/login_input_email' is present

08-04-2024T02:00:18 - [MESSAGE][WARNING] - Timeout '0' is invalid. Using default page load timeout: '30'

08-04-2024T02:00:18 - [MESSAGE][PASSED] - Element 'Object Repository/Authorization Page/login_input_password' is present

08-04-2024T02:00:18 - [MESSAGE][WARNING] - Timeout '0' is invalid. Using default page load timeout: '30'

08-04-2024T02:00:19 - [MESSAGE][PASSED] - Element 'Object Repository/Authorization Page/login_input_email' is visible

08-04-2024T02:00:19 - [MESSAGE][WARNING] - Timeout '0' is invalid. Using default page load timeout: '30'

08-04-2024T02:00:20 - [MESSAGE][PASSED] - Element 'Object Repository/Authorization Page/login_input_password' is visible

08-04-2024T02:00:20 - [MESSAGE][WARNING] - Timeout '0' is invalid. Using default page load timeout: '30'

08-04-2024T02:00:23 - [MESSAGE][PASSED] - Text 'cc@mail.com' has been set to element 'Object Repository/Authorization Page/login_input_email'

08-04-2024T02:00:24 - [MESSAGE][WARNING] - Timeout '0' is invalid. Using default page load timeout: '30'

08-04-2024T02:00:27 - [MESSAGE][PASSED] - Text 'cc@mail.com' has been set to element 'Object Repository/Authorization Page/login_input_password'

08-04-2024T02:00:27 - [MESSAGE][WARNING] - Timeout '0' is invalid. Using default page load timeout: '30'

08-04-2024T02:00:28 - [MESSAGE][PASSED] - Element 'Object Repository/Authorization Page/login_login_button' is present

08-04-2024T02:00:28 - [MESSAGE][WARNING] - Timeout '0' is invalid. Using default page load timeout: '30'

08-04-2024T02:00:29 - [MESSAGE][PASSED] - Element 'Object Repository/Authorization Page/login_login_button' is visible

08-04-2024T02:00:29 - [MESSAGE][WARNING] - Timeout '0' is invalid. Using default page load timeout: '30'

08-04-2024T02:00:30 - [MESSAGE][PASSED] - Tapped on element 'Object Repository/Authorization Page/login_login_button'

08-04-2024T02:00:30 - [MESSAGE][WARNING] - Timeout '0' is invalid. Using default page load timeout: '30'

08-04-2024T02:00:33 - [MESSAGE][PASSED] - Tapped on element 'Object Repository/Home Page/btn_home'

08-04-2024T02:00:33 - [MESSAGE][WARNING] - Timeout '0' is invalid. Using default page load timeout: '30'

08-04-2024T02:00:35 - [MESSAGE][PASSED] - Element 'Object Repository/Home Page/textbar_search' is present

08-04-2024T02:00:35 - [MESSAGE][WARNING] - Timeout '0' is invalid. Using default page load timeout: '30'

08-04-2024T02:00:37 - [MESSAGE][PASSED] - Element 'Object Repository/Home Page/btn_home' is present

08-04-2024T02:00:37 - [MESSAGE][WARNING] - Timeout '0' is invalid. Using default page load timeout: '30'

08-04-2024T02:00:39 - [MESSAGE][PASSED] - Element 'Object Repository/Home Page/textbar_search' is visible

08-04-2024T02:00:39 - [MESSAGE][WARNING] - Timeout '0' is invalid. Using default page load timeout: '30'

08-04-2024T02:00:41 - [MESSAGE][PASSED] - Element 'Object Repository/Home Page/btn_home' is visible

08-04-2024T02:00:41 - [MESSAGE][WARNING] - Timeout '0' is invalid. Using default page load timeout: '30'

08-04-2024T02:00:42 - [MESSAGE][PASSED] - Tapped on element 'Object Repository/Home Page/textbar_search'

08-04-2024T02:00:43 - [MESSAGE][WARNING] - Timeout '0' is invalid. Using default page load timeout: '30'

08-04-2024T02:00:50 - [MESSAGE][PASSED] - Text 'Foto abstrak keren' has been set to element 'Object Repository/Home Page/textbar_search'

08-04-2024T02:00:50 - [MESSAGE][WARNING] - Timeout '0' is invalid. Using default page load timeout: '30'

08-04-2024T02:00:54 - [MESSAGE][PASSED] - Tapped on element 'Object Repository/Home Page/search_first_product'

08-04-2024T02:00:54 - [MESSAGE][WARNING] - Timeout '0' is invalid. Using default page load timeout: '30'

08-04-2024T02:00:56 - [MESSAGE][PASSED] - Element 'Object Repository/Home Page/textbar_search' is present

08-04-2024T02:00:56 - [MESSAGE][WARNING] - Timeout '0' is invalid. Using default page load timeout: '30'

08-04-2024T02:00:58 - [MESSAGE][PASSED] - Element 'Object Repository/Home Page/btn_nego' is present

08-04-2024T02:00:58 - [MESSAGE][WARNING] - Timeout '0' is invalid. Using default page load timeout: '30'

08-04-2024T02:00:59 - [MESSAGE][PASSED] - Element 'Object Repository/Home Page/textbar_search' is visible

08-04-2024T02:00:59 - [MESSAGE][WARNING] - Timeout '0' is invalid. Using default page load timeout: '30'

08-04-2024T02:01:01 - [MESSAGE][PASSED] - Element 'Object Repository/Home Page/btn_nego' is visible

08-04-2024T02:01:01 - [MESSAGE][INFO] - User set preference: ['appWaitActivity', '*']

08-04-2024T02:01:01 - [MESSAGE][INFO] - User set preference: ['appWaitforLaunch', 'false']

08-04-2024T02:01:01 - [MESSAGE][INFO] - User set preference: ['deviceId', '']

08-04-2024T02:01:19 - [MESSAGE][PASSED] - Started app at: 'C:\Users\ASUS\K3 - Android Automation\K3 - Android Automation\Apk\app-debug.apk'

08-04-2024T02:01:19 - [MESSAGE][WARNING] - Timeout '0' is invalid. Using default page load timeout: '30'

08-04-2024T02:01:23 - [MESSAGE][PASSED] - Element 'Object Repository/Account/icon_account' is present

08-04-2024T02:01:23 - [MESSAGE][WARNING] - Timeout '0' is invalid. Using default page load timeout: '30'

08-04-2024T02:01:24 - [MESSAGE][PASSED] - Element 'Object Repository/Home Page/btn_add_product' is present

08-04-2024T02:01:24 - [MESSAGE][WARNING] - Timeout '0' is invalid. Using default page load timeout: '30'

08-04-2024T02:01:25 - [MESSAGE][PASSED] - Element 'Object Repository/Account/icon_account' is visible

08-04-2024T02:01:25 - [MESSAGE][WARNING] - Timeout '0' is invalid. Using default page load timeout: '30'

08-04-2024T02:01:26 - [MESSAGE][PASSED] - Element 'Object Repository/Home Page/btn_add_product' is visible

08-04-2024T02:01:26 - [MESSAGE][WARNING] - Timeout '0' is invalid. Using default page load timeout: '30'

08-04-2024T02:01:27 - [MESSAGE][PASSED] - Tapped on element 'Object Repository/Account/icon_account'

08-04-2024T02:01:28 - [MESSAGE][WARNING] - Timeout '0' is invalid. Using default page load timeout: '30'

08-04-2024T02:01:28 - [MESSAGE][PASSED] - Element 'Object Repository/Authorization Page/account_login_button' is present

08-04-2024T02:01:28 - [MESSAGE][WARNING] - Timeout '0' is invalid. Using default page load timeout: '30'

08-04-2024T02:01:29 - [MESSAGE][PASSED] - Element 'Object Repository/Authorization Page/account_login_button' is visible

08-04-2024T02:01:30 - [MESSAGE][WARNING] - Timeout '0' is invalid. Using default page load timeout: '30'

08-04-2024T02:01:30 - [MESSAGE][PASSED] - Tapped on element 'Object Repository/Authorization Page/account_login_button'

08-04-2024T02:01:30 - [MESSAGE][WARNING] - Timeout '0' is invalid. Using default page load timeout: '30'

08-04-2024T02:01:32 - [MESSAGE][PASSED] - Element 'Object Repository/Authorization Page/login_input_email' is present

08-04-2024T02:01:32 - [MESSAGE][WARNING] - Timeout '0' is invalid. Using default page load timeout: '30'

08-04-2024T02:01:33 - [MESSAGE][PASSED] - Element 'Object Repository/Authorization Page/login_input_password' is present

08-04-2024T02:01:33 - [MESSAGE][WARNING] - Timeout '0' is invalid. Using default page load timeout: '30'

08-04-2024T02:01:34 - [MESSAGE][PASSED] - Element 'Object Repository/Authorization Page/login_input_email' is visible

08-04-2024T02:01:34 - [MESSAGE][WARNING] - Timeout '0' is invalid. Using default page load timeout: '30'

08-04-2024T02:01:34 - [MESSAGE][PASSED] - Element 'Object Repository/Authorization Page/login_input_password' is visible

08-04-2024T02:01:34 - [MESSAGE][WARNING] - Timeout '0' is invalid. Using default page load timeout: '30'

08-04-2024T02:01:38 - [MESSAGE][PASSED] - Text 'cc@mail.com' has been set to element 'Object Repository/Authorization Page/login_input_email'

08-04-2024T02:01:38 - [MESSAGE][WARNING] - Timeout '0' is invalid. Using default page load timeout: '30'

08-04-2024T02:01:42 - [MESSAGE][PASSED] - Text 'cc@mail.com' has been set to element 'Object Repository/Authorization Page/login_input_password'

08-04-2024T02:01:42 - [MESSAGE][WARNING] - Timeout '0' is invalid. Using default page load timeout: '30'

08-04-2024T02:01:43 - [MESSAGE][PASSED] - Element 'Object Repository/Authorization Page/login_login_button' is present

08-04-2024T02:01:43 - [MESSAGE][WARNING] - Timeout '0' is invalid. Using default page load timeout: '30'

08-04-2024T02:01:43 - [MESSAGE][PASSED] - Element 'Object Repository/Authorization Page/login_login_button' is visible

08-04-2024T02:01:44 - [MESSAGE][WARNING] - Timeout '0' is invalid. Using default page load timeout: '30'

08-04-2024T02:01:44 - [MESSAGE][PASSED] - Tapped on element 'Object Repository/Authorization Page/login_login_button'

08-04-2024T02:01:44 - [MESSAGE][WARNING] - Timeout '0' is invalid. Using default page load timeout: '30'

08-04-2024T02:01:46 - [MESSAGE][PASSED] - Tapped on element 'Object Repository/Home Page/btn_home'

08-04-2024T02:01:47 - [MESSAGE][WARNING] - Timeout '0' is invalid. Using default page load timeout: '30'

08-04-2024T02:01:48 - [MESSAGE][PASSED] - Element 'Object Repository/Home Page/textbar_search' is present

08-04-2024T02:01:48 - [MESSAGE][WARNING] - Timeout '0' is invalid. Using default page load timeout: '30'

08-04-2024T02:01:49 - [MESSAGE][PASSED] - Element 'Object Repository/Home Page/btn_home' is present

08-04-2024T02:01:50 - [MESSAGE][WARNING] - Timeout '0' is invalid. Using default page load timeout: '30'

08-04-2024T02:01:51 - [MESSAGE][PASSED] - Element 'Object Repository/Home Page/textbar_search' is visible

08-04-2024T02:01:51 - [MESSAGE][WARNING] - Timeout '0' is invalid. Using default page load timeout: '30'

08-04-2024T02:01:52 - [MESSAGE][PASSED] - Element 'Object Repository/Home Page/btn_home' is visible

08-04-2024T02:01:53 - [MESSAGE][WARNING] - Timeout '0' is invalid. Using default page load timeout: '30'

08-04-2024T02:01:54 - [MESSAGE][PASSED] - Tapped on element 'Object Repository/Home Page/textbar_search'

08-04-2024T02:01:54 - [MESSAGE][WARNING] - Timeout '0' is invalid. Using default page load timeout: '30'

08-04-2024T02:01:58 - [MESSAGE][PASSED] - Text 'Foto abstrak keren' has been set to element 'Object Repository/Home Page/textbar_search'

08-04-2024T02:01:59 - [MESSAGE][WARNING] - Timeout '0' is invalid. Using default page load timeout: '30'

08-04-2024T02:02:03 - [MESSAGE][PASSED] - Tapped on element 'Object Repository/Home Page/search_first_product'

08-04-2024T02:02:04 - [MESSAGE][WARNING] - Timeout '0' is invalid. Using default page load timeout: '30'

08-04-2024T02:02:05 - [MESSAGE][PASSED] - Element 'Object Repository/Home Page/textbar_search' is present

08-04-2024T02:02:05 - [MESSAGE][WARNING] - Timeout '0' is invalid. Using default page load timeout: '30'

08-04-2024T02:02:06 - [MESSAGE][PASSED] - Element 'Object Repository/Home Page/btn_nego' is present

08-04-2024T02:02:07 - [MESSAGE][WARNING] - Timeout '0' is invalid. Using default page load timeout: '30'

08-04-2024T02:02:08 - [MESSAGE][PASSED] - Element 'Object Repository/Home Page/textbar_search' is visible

08-04-2024T02:02:08 - [MESSAGE][WARNING] - Timeout '0' is invalid. Using default page load timeout: '30'

08-04-2024T02:02:11 - [MESSAGE][PASSED] - Element 'Object Repository/Home Page/btn_nego' is visible

08-04-2024T02:02:11 - [MESSAGE][WARNING] - Timeout '0' is invalid. Using default page load timeout: '30'

08-04-2024T02:02:12 - [MESSAGE][PASSED] - Tapped on element 'Object Repository/Home Page/btn_nego'

08-04-2024T02:02:12 - [MESSAGE][WARNING] - Timeout '0' is invalid. Using default page load timeout: '30'

08-04-2024T02:02:16 - [MESSAGE][PASSED] - Text '20000' has been set to element 'Object Repository/Home Page/input_offer_price'

08-04-2024T02:02:17 - [MESSAGE][PASSED] - Press back button successfully

08-04-2024T02:02:17 - [MESSAGE][WARNING] - Timeout '0' is invalid. Using default page load timeout: '30'

08-04-2024T02:02:20 - [MESSAGE][PASSED] - Tapped on element 'Object Repository/Home Page/btn_send_offer_price'

08-04-2024T02:02:20 - [MESSAGE][PASSED] - Press back button successfully

08-04-2024T02:02:21 - [MESSAGE][WARNING] - Timeout '0' is invalid. Using default page load timeout: '30'

08-04-2024T02:02:23 - [MESSAGE][PASSED] - Element 'Object Repository/Home Page/textbar_search' is present

08-04-2024T02:02:23 - [MESSAGE][WARNING] - Timeout '0' is invalid. Using default page load timeout: '30'

08-04-2024T02:02:24 - [MESSAGE][PASSED] - Element 'Object Repository/Home Page/btn_nego' is present

08-04-2024T02:02:24 - [MESSAGE][WARNING] - Timeout '0' is invalid. Using default page load timeout: '30'

08-04-2024T02:02:25 - [MESSAGE][PASSED] - Element 'Object Repository/Home Page/textbar_search' is visible

08-04-2024T02:02:26 - [MESSAGE][WARNING] - Timeout '0' is invalid. Using default page load timeout: '30'

08-04-2024T02:02:26 - [MESSAGE][PASSED] - Element 'Object Repository/Home Page/btn_nego' is visible

08-04-2024T02:02:27 - [MESSAGE][INFO] - User set preference: ['appWaitActivity', '*']

08-04-2024T02:02:27 - [MESSAGE][INFO] - User set preference: ['appWaitforLaunch', 'false']

08-04-2024T02:02:27 - [MESSAGE][INFO] - User set preference: ['deviceId', '']

08-04-2024T02:02:43 - [MESSAGE][PASSED] - Started app at: 'C:\Users\ASUS\K3 - Android Automation\K3 - Android Automation\Apk\app-debug.apk'

08-04-2024T02:02:43 - [MESSAGE][WARNING] - Timeout '0' is invalid. Using default page load timeout: '30'

08-04-2024T02:02:47 - [MESSAGE][PASSED] - Element 'Object Repository/Account/icon_account' is present

08-04-2024T02:02:47 - [MESSAGE][WARNING] - Timeout '0' is invalid. Using default page load timeout: '30'

08-04-2024T02:02:48 - [MESSAGE][PASSED] - Element 'Object Repository/Home Page/btn_add_product' is present

08-04-2024T02:02:48 - [MESSAGE][WARNING] - Timeout '0' is invalid. Using default page load timeout: '30'

08-04-2024T02:02:49 - [MESSAGE][PASSED] - Element 'Object Repository/Account/icon_account' is visible

08-04-2024T02:02:50 - [MESSAGE][WARNING] - Timeout '0' is invalid. Using default page load timeout: '30'

08-04-2024T02:02:51 - [MESSAGE][PASSED] - Element 'Object Repository/Home Page/btn_add_product' is visible

08-04-2024T02:02:51 - [MESSAGE][WARNING] - Timeout '0' is invalid. Using default page load timeout: '30'

08-04-2024T02:02:53 - [MESSAGE][PASSED] - Tapped on element 'Object Repository/Account/icon_account'

08-04-2024T02:02:53 - [MESSAGE][WARNING] - Timeout '0' is invalid. Using default page load timeout: '30'

08-04-2024T02:02:54 - [MESSAGE][PASSED] - Element 'Object Repository/Authorization Page/account_login_button' is present

08-04-2024T02:02:54 - [MESSAGE][WARNING] - Timeout '0' is invalid. Using default page load timeout: '30'

08-04-2024T02:02:55 - [MESSAGE][PASSED] - Element 'Object Repository/Authorization Page/account_login_button' is visible

08-04-2024T02:02:55 - [MESSAGE][WARNING] - Timeout '0' is invalid. Using default page load timeout: '30'

08-04-2024T02:02:55 - [MESSAGE][PASSED] - Tapped on element 'Object Repository/Authorization Page/account_login_button'

08-04-2024T02:02:56 - [MESSAGE][WARNING] - Timeout '0' is invalid. Using default page load timeout: '30'

08-04-2024T02:02:58 - [MESSAGE][PASSED] - Element 'Object Repository/Authorization Page/login_input_email' is present

08-04-2024T02:02:58 - [MESSAGE][WARNING] - Timeout '0' is invalid. Using default page load timeout: '30'

08-04-2024T02:02:58 - [MESSAGE][PASSED] - Element 'Object Repository/Authorization Page/login_input_password' is present

08-04-2024T02:02:58 - [MESSAGE][WARNING] - Timeout '0' is invalid. Using default page load timeout: '30'

08-04-2024T02:02:59 - [MESSAGE][PASSED] - Element 'Object Repository/Authorization Page/login_input_email' is visible

08-04-2024T02:02:59 - [MESSAGE][WARNING] - Timeout '0' is invalid. Using default page load timeout: '30'

08-04-2024T02:02:59 - [MESSAGE][PASSED] - Element 'Object Repository/Authorization Page/login_input_password' is visible

08-04-2024T02:03:00 - [MESSAGE][WARNING] - Timeout '0' is invalid. Using default page load timeout: '30'

08-04-2024T02:03:04 - [MESSAGE][PASSED] - Text 'cc@mail.com' has been set to element 'Object Repository/Authorization Page/login_input_email'

08-04-2024T02:03:04 - [MESSAGE][WARNING] - Timeout '0' is invalid. Using default page load timeout: '30'

08-04-2024T02:03:08 - [MESSAGE][PASSED] - Text 'cc@mail.com' has been set to element 'Object Repository/Authorization Page/login_input_password'

08-04-2024T02:03:08 - [MESSAGE][WARNING] - Timeout '0' is invalid. Using default page load timeout: '30'

08-04-2024T02:03:08 - [MESSAGE][PASSED] - Element 'Object Repository/Authorization Page/login_login_button' is present

08-04-2024T02:03:09 - [MESSAGE][WARNING] - Timeout '0' is invalid. Using default page load timeout: '30'

08-04-2024T02:03:10 - [MESSAGE][PASSED] - Element 'Object Repository/Authorization Page/login_login_button' is visible

08-04-2024T02:03:10 - [MESSAGE][WARNING] - Timeout '0' is invalid. Using default page load timeout: '30'

08-04-2024T02:03:11 - [MESSAGE][PASSED] - Tapped on element 'Object Repository/Authorization Page/login_login_button'

08-04-2024T02:03:11 - [MESSAGE][WARNING] - Timeout '0' is invalid. Using default page load timeout: '30'

08-04-2024T02:03:14 - [MESSAGE][PASSED] - Element 'Object Repository/Account/button_my_order' is present

08-04-2024T02:03:14 - [MESSAGE][WARNING] - Timeout '0' is invalid. Using default page load timeout: '30'

08-04-2024T02:03:15 - [MESSAGE][PASSED] - Element 'Object Repository/Account/button_my_order' is visible

08-04-2024T02:03:15 - [MESSAGE][WARNING] - Timeout '0' is invalid. Using default page load timeout: '30'

08-04-2024T02:03:47 - [MESSAGE][PASSED] - Tapped on element 'Object Repository/Home Page/Icon_transaksi'

08-04-2024T02:03:47 - [MESSAGE][WARNING] - Timeout '0' is invalid. Using default page load timeout: '30'

08-04-2024T02:03:49 - [MESSAGE][PASSED] - Element 'Object Repository/Transaction Page/header_transaction' is present

08-04-2024T02:03:49 - [MESSAGE][WARNING] - Timeout '0' is invalid. Using default page load timeout: '30'

08-04-2024T02:03:51 - [MESSAGE][PASSED] - Element 'Object Repository/Transaction Page/header_transaction' is visible

08-04-2024T02:03:51 - [MESSAGE][INFO] - User set preference: ['appWaitActivity', '*']

08-04-2024T02:03:51 - [MESSAGE][INFO] - User set preference: ['appWaitforLaunch', 'false']

08-04-2024T02:03:51 - [MESSAGE][INFO] - User set preference: ['deviceId', '']

08-04-2024T02:04:07 - [MESSAGE][PASSED] - Started app at: 'C:\Users\ASUS\K3 - Android Automation\K3 - Android Automation\Apk\app-debug.apk'

08-04-2024T02:04:08 - [MESSAGE][WARNING] - Timeout '0' is invalid. Using default page load timeout: '30'

08-04-2024T02:04:12 - [MESSAGE][PASSED] - Element 'Object Repository/Account/icon_account' is present

08-04-2024T02:04:12 - [MESSAGE][WARNING] - Timeout '0' is invalid. Using default page load timeout: '30'

08-04-2024T02:04:13 - [MESSAGE][PASSED] - Element 'Object Repository/Home Page/btn_add_product' is present

08-04-2024T02:04:13 - [MESSAGE][WARNING] - Timeout '0' is invalid. Using default page load timeout: '30'

08-04-2024T02:04:15 - [MESSAGE][PASSED] - Element 'Object Repository/Account/icon_account' is visible

08-04-2024T02:04:15 - [MESSAGE][WARNING] - Timeout '0' is invalid. Using default page load timeout: '30'

08-04-2024T02:04:16 - [MESSAGE][PASSED] - Element 'Object Repository/Home Page/btn_add_product' is visible

08-04-2024T02:04:16 - [MESSAGE][WARNING] - Timeout '0' is invalid. Using default page load timeout: '30'

08-04-2024T02:04:18 - [MESSAGE][PASSED] - Tapped on element 'Object Repository/Account/icon_account'

08-04-2024T02:04:18 - [MESSAGE][WARNING] - Timeout '0' is invalid. Using default page load timeout: '30'

08-04-2024T02:04:19 - [MESSAGE][PASSED] - Element 'Object Repository/Authorization Page/account_login_button' is present

08-04-2024T02:04:19 - [MESSAGE][WARNING] - Timeout '0' is invalid. Using default page load timeout: '30'

08-04-2024T02:04:20 - [MESSAGE][PASSED] - Element 'Object Repository/Authorization Page/account_login_button' is visible

08-04-2024T02:04:20 - [MESSAGE][WARNING] - Timeout '0' is invalid. Using default page load timeout: '30'

08-04-2024T02:04:21 - [MESSAGE][PASSED] - Tapped on element 'Object Repository/Authorization Page/account_login_button'

08-04-2024T02:04:21 - [MESSAGE][WARNING] - Timeout '0' is invalid. Using default page load timeout: '30'

08-04-2024T02:04:22 - [MESSAGE][PASSED] - Element 'Object Repository/Authorization Page/login_input_email' is present

08-04-2024T02:04:23 - [MESSAGE][WARNING] - Timeout '0' is invalid. Using default page load timeout: '30'

08-04-2024T02:04:23 - [MESSAGE][PASSED] - Element 'Object Repository/Authorization Page/login_input_password' is present

08-04-2024T02:04:23 - [MESSAGE][WARNING] - Timeout '0' is invalid. Using default page load timeout: '30'

08-04-2024T02:04:24 - [MESSAGE][PASSED] - Element 'Object Repository/Authorization Page/login_input_email' is visible

08-04-2024T02:04:24 - [MESSAGE][WARNING] - Timeout '0' is invalid. Using default page load timeout: '30'

08-04-2024T02:04:24 - [MESSAGE][PASSED] - Element 'Object Repository/Authorization Page/login_input_password' is visible

08-04-2024T02:04:24 - [MESSAGE][WARNING] - Timeout '0' is invalid. Using default page load timeout: '30'

08-04-2024T02:04:27 - [MESSAGE][PASSED] - Text 'cc@mail.com' has been set to element 'Object Repository/Authorization Page/login_input_email'

08-04-2024T02:04:28 - [MESSAGE][WARNING] - Timeout '0' is invalid. Using default page load timeout: '30'

08-04-2024T02:04:31 - [MESSAGE][PASSED] - Text 'cc@mail.com' has been set to element 'Object Repository/Authorization Page/login_input_password'

08-04-2024T02:04:31 - [MESSAGE][WARNING] - Timeout '0' is invalid. Using default page load timeout: '30'

08-04-2024T02:04:32 - [MESSAGE][PASSED] - Element 'Object Repository/Authorization Page/login_login_button' is present

08-04-2024T02:04:33 - [MESSAGE][WARNING] - Timeout '0' is invalid. Using default page load timeout: '30'

08-04-2024T02:04:34 - [MESSAGE][PASSED] - Element 'Object Repository/Authorization Page/login_login_button' is visible

08-04-2024T02:04:34 - [MESSAGE][WARNING] - Timeout '0' is invalid. Using default page load timeout: '30'

08-04-2024T02:04:34 - [MESSAGE][PASSED] - Tapped on element 'Object Repository/Authorization Page/login_login_button'

08-04-2024T02:04:35 - [MESSAGE][WARNING] - Timeout '0' is invalid. Using default page load timeout: '30'

08-04-2024T02:04:37 - [MESSAGE][PASSED] - Element 'Object Repository/Account/button_my_order' is present

08-04-2024T02:04:37 - [MESSAGE][WARNING] - Timeout '0' is invalid. Using default page load timeout: '30'

08-04-2024T02:04:38 - [MESSAGE][PASSED] - Element 'Object Repository/Account/button_log_out' is present

08-04-2024T02:04:38 - [MESSAGE][WARNING] - Timeout '0' is invalid. Using default page load timeout: '30'

08-04-2024T02:04:39 - [MESSAGE][PASSED] - Element 'Object Repository/Account/button_my_order' is visible

08-04-2024T02:04:39 - [MESSAGE][WARNING] - Timeout '0' is invalid. Using default page load timeout: '30'

08-04-2024T02:04:40 - [MESSAGE][PASSED] - Element 'Object Repository/Account/button_log_out' is visible

08-04-2024T02:04:40 - [MESSAGE][WARNING] - Timeout '0' is invalid. Using default page load timeout: '30'

08-04-2024T02:04:41 - [MESSAGE][PASSED] - Tapped on element 'Object Repository/Home Page/btn_notification'

08-04-2024T02:04:41 - [MESSAGE][WARNING] - Timeout '0' is invalid. Using default page load timeout: '30'

08-04-2024T02:04:46 - [MESSAGE][PASSED] - Element 'Object Repository/Notification/text_penawaran_produk' is present

08-04-2024T02:04:46 - [MESSAGE][WARNING] - Timeout '0' is invalid. Using default page load timeout: '30'

08-04-2024T02:04:47 - [MESSAGE][PASSED] - Element 'Object Repository/Notification/text_penawaran_produk' is visible

08-04-2024T02:04:47 - [MESSAGE][INFO] - User set preference: ['appWaitActivity', '*']

08-04-2024T02:04:47 - [MESSAGE][INFO] - User set preference: ['appWaitforLaunch', 'false']

08-04-2024T02:04:47 - [MESSAGE][INFO] - User set preference: ['deviceId', '']

08-04-2024T02:05:03 - [MESSAGE][PASSED] - Started app at: 'C:\Users\ASUS\K3 - Android Automation\K3 - Android Automation\Apk\app-debug.apk'

08-04-2024T02:05:03 - [MESSAGE][WARNING] - Timeout '0' is invalid. Using default page load timeout: '30'

08-04-2024T02:05:08 - [MESSAGE][PASSED] - Element 'Object Repository/Account/icon_account' is present

08-04-2024T02:05:08 - [MESSAGE][WARNING] - Timeout '0' is invalid. Using default page load timeout: '30'

08-04-2024T02:05:09 - [MESSAGE][PASSED] - Element 'Object Repository/Home Page/btn_add_product' is present

08-04-2024T02:05:09 - [MESSAGE][WARNING] - Timeout '0' is invalid. Using default page load timeout: '30'

08-04-2024T02:05:11 - [MESSAGE][PASSED] - Element 'Object Repository/Account/icon_account' is visible

08-04-2024T02:05:11 - [MESSAGE][WARNING] - Timeout '0' is invalid. Using default page load timeout: '30'

08-04-2024T02:05:12 - [MESSAGE][PASSED] - Element 'Object Repository/Home Page/btn_add_product' is visible

08-04-2024T02:05:12 - [MESSAGE][WARNING] - Timeout '0' is invalid. Using default page load timeout: '30'

08-04-2024T02:05:14 - [MESSAGE][PASSED] - Tapped on element 'Object Repository/Account/icon_account'

08-04-2024T02:05:14 - [MESSAGE][WARNING] - Timeout '0' is invalid. Using default page load timeout: '30'

08-04-2024T02:05:15 - [MESSAGE][PASSED] - Element 'Object Repository/Authorization Page/account_login_button' is present

08-04-2024T02:05:15 - [MESSAGE][WARNING] - Timeout '0' is invalid. Using default page load timeout: '30'

08-04-2024T02:05:16 - [MESSAGE][PASSED] - Element 'Object Repository/Authorization Page/account_login_button' is visible

08-04-2024T02:05:16 - [MESSAGE][WARNING] - Timeout '0' is invalid. Using default page load timeout: '30'

08-04-2024T02:05:16 - [MESSAGE][PASSED] - Tapped on element 'Object Repository/Authorization Page/account_login_button'

08-04-2024T02:05:16 - [MESSAGE][WARNING] - Timeout '0' is invalid. Using default page load timeout: '30'

08-04-2024T02:05:18 - [MESSAGE][PASSED] - Element 'Object Repository/Authorization Page/login_input_email' is present

08-04-2024T02:05:18 - [MESSAGE][WARNING] - Timeout '0' is invalid. Using default page load timeout: '30'

08-04-2024T02:05:19 - [MESSAGE][PASSED] - Element 'Object Repository/Authorization Page/login_input_password' is present

08-04-2024T02:05:19 - [MESSAGE][WARNING] - Timeout '0' is invalid. Using default page load timeout: '30'

08-04-2024T02:05:19 - [MESSAGE][PASSED] - Element 'Object Repository/Authorization Page/login_input_email' is visible

08-04-2024T02:05:19 - [MESSAGE][WARNING] - Timeout '0' is invalid. Using default page load timeout: '30'

08-04-2024T02:05:20 - [MESSAGE][PASSED] - Element 'Object Repository/Authorization Page/login_input_password' is visible

08-04-2024T02:05:20 - [MESSAGE][WARNING] - Timeout '0' is invalid. Using default page load timeout: '30'

08-04-2024T02:05:24 - [MESSAGE][PASSED] - Text 'cc@mail.com' has been set to element 'Object Repository/Authorization Page/login_input_email'

08-04-2024T02:05:24 - [MESSAGE][WARNING] - Timeout '0' is invalid. Using default page load timeout: '30'

08-04-2024T02:05:28 - [MESSAGE][PASSED] - Text 'cc@mail.com' has been set to element 'Object Repository/Authorization Page/login_input_password'

08-04-2024T02:05:29 - [MESSAGE][WARNING] - Timeout '0' is invalid. Using default page load timeout: '30'

08-04-2024T02:05:30 - [MESSAGE][PASSED] - Element 'Object Repository/Authorization Page/login_login_button' is present

08-04-2024T02:05:30 - [MESSAGE][WARNING] - Timeout '0' is invalid. Using default page load timeout: '30'

08-04-2024T02:05:31 - [MESSAGE][PASSED] - Element 'Object Repository/Authorization Page/login_login_button' is visible

08-04-2024T02:05:31 - [MESSAGE][WARNING] - Timeout '0' is invalid. Using default page load timeout: '30'

08-04-2024T02:05:31 - [MESSAGE][PASSED] - Tapped on element 'Object Repository/Authorization Page/login_login_button'

08-04-2024T02:05:32 - [MESSAGE][WARNING] - Timeout '0' is invalid. Using default page load timeout: '30'

08-04-2024T02:05:34 - [MESSAGE][PASSED] - Element 'Object Repository/Account/button_my_order' is present

08-04-2024T02:05:34 - [MESSAGE][WARNING] - Timeout '0' is invalid. Using default page load timeout: '30'

08-04-2024T02:05:35 - [MESSAGE][PASSED] - Element 'Object Repository/Account/button_log_out' is present

08-04-2024T02:05:35 - [MESSAGE][WARNING] - Timeout '0' is invalid. Using default page load timeout: '30'

08-04-2024T02:05:36 - [MESSAGE][PASSED] - Element 'Object Repository/Account/button_my_order' is visible

08-04-2024T02:05:36 - [MESSAGE][WARNING] - Timeout '0' is invalid. Using default page load timeout: '30'

08-04-2024T02:05:37 - [MESSAGE][PASSED] - Element 'Object Repository/Account/button_log_out' is visible

08-04-2024T02:05:37 - [MESSAGE][WARNING] - Timeout '0' is invalid. Using default page load timeout: '30'

08-04-2024T02:05:40 - [MESSAGE][PASSED] - Tapped on element 'Object Repository/Home Page/btn_notification'

08-04-2024T02:05:41 - [MESSAGE][WARNING] - Timeout '0' is invalid. Using default page load timeout: '30'

08-04-2024T02:05:43 - [MESSAGE][PASSED] - Element 'Object Repository/Notification/text_penawaran_produk' is present

08-04-2024T02:05:43 - [MESSAGE][WARNING] - Timeout '0' is invalid. Using default page load timeout: '30'

08-04-2024T02:05:44 - [MESSAGE][PASSED] - Element 'Object Repository/Notification/text_penawaran_produk' is visible

08-04-2024T02:05:44 - [MESSAGE][INFO] - User set preference: ['appWaitActivity', '*']

08-04-2024T02:05:44 - [MESSAGE][INFO] - User set preference: ['appWaitforLaunch', 'false']

08-04-2024T02:05:44 - [MESSAGE][INFO] - User set preference: ['deviceId', '']

08-04-2024T02:06:01 - [MESSAGE][PASSED] - Started app at: 'C:\Users\ASUS\K3 - Android Automation\K3 - Android Automation\Apk\app-debug.apk'

08-04-2024T02:06:01 - [MESSAGE][WARNING] - Timeout '0' is invalid. Using default page load timeout: '30'

08-04-2024T02:06:05 - [MESSAGE][PASSED] - Element 'Object Repository/Account/icon_account' is present

08-04-2024T02:06:05 - [MESSAGE][WARNING] - Timeout '0' is invalid. Using default page load timeout: '30'

08-04-2024T02:06:07 - [MESSAGE][PASSED] - Element 'Object Repository/Home Page/btn_add_product' is present

08-04-2024T02:06:07 - [MESSAGE][WARNING] - Timeout '0' is invalid. Using default page load timeout: '30'

08-04-2024T02:06:09 - [MESSAGE][PASSED] - Element 'Object Repository/Account/icon_account' is visible

08-04-2024T02:06:09 - [MESSAGE][WARNING] - Timeout '0' is invalid. Using default page load timeout: '30'

08-04-2024T02:06:11 - [MESSAGE][PASSED] - Element 'Object Repository/Home Page/btn_add_product' is visible

08-04-2024T02:06:11 - [MESSAGE][WARNING] - Timeout '0' is invalid. Using default page load timeout: '30'

08-04-2024T02:06:12 - [MESSAGE][PASSED] - Tapped on element 'Object Repository/Account/icon_account'

08-04-2024T02:06:12 - [MESSAGE][WARNING] - Timeout '0' is invalid. Using default page load timeout: '30'

08-04-2024T02:06:13 - [MESSAGE][PASSED] - Element 'Object Repository/Authorization Page/account_login_button' is present

08-04-2024T02:06:13 - [MESSAGE][WARNING] - Timeout '0' is invalid. Using default page load timeout: '30'

08-04-2024T02:06:14 - [MESSAGE][PASSED] - Element 'Object Repository/Authorization Page/account_login_button' is visible

08-04-2024T02:06:14 - [MESSAGE][WARNING] - Timeout '0' is invalid. Using default page load timeout: '30'

08-04-2024T02:06:15 - [MESSAGE][PASSED] - Tapped on element 'Object Repository/Authorization Page/account_login_button'

08-04-2024T02:06:15 - [MESSAGE][WARNING] - Timeout '0' is invalid. Using default page load timeout: '30'

08-04-2024T02:06:17 - [MESSAGE][PASSED] - Element 'Object Repository/Authorization Page/login_input_email' is present

08-04-2024T02:06:17 - [MESSAGE][WARNING] - Timeout '0' is invalid. Using default page load timeout: '30'

08-04-2024T02:06:18 - [MESSAGE][PASSED] - Element 'Object Repository/Authorization Page/login_input_password' is present

08-04-2024T02:06:18 - [MESSAGE][WARNING] - Timeout '0' is invalid. Using default page load timeout: '30'

08-04-2024T02:06:19 - [MESSAGE][PASSED] - Element 'Object Repository/Authorization Page/login_input_email' is visible

08-04-2024T02:06:19 - [MESSAGE][WARNING] - Timeout '0' is invalid. Using default page load timeout: '30'

08-04-2024T02:06:19 - [MESSAGE][PASSED] - Element 'Object Repository/Authorization Page/login_input_password' is visible

08-04-2024T02:06:19 - [MESSAGE][WARNING] - Timeout '0' is invalid. Using default page load timeout: '30'

08-04-2024T02:06:23 - [MESSAGE][PASSED] - Text 'cc@mail.com' has been set to element 'Object Repository/Authorization Page/login_input_email'

08-04-2024T02:06:23 - [MESSAGE][WARNING] - Timeout '0' is invalid. Using default page load timeout: '30'

08-04-2024T02:06:27 - [MESSAGE][PASSED] - Text 'cc@mail.com' has been set to element 'Object Repository/Authorization Page/login_input_password'

08-04-2024T02:06:27 - [MESSAGE][WARNING] - Timeout '0' is invalid. Using default page load timeout: '30'

08-04-2024T02:06:28 - [MESSAGE][PASSED] - Element 'Object Repository/Authorization Page/login_login_button' is present

08-04-2024T02:06:28 - [MESSAGE][WARNING] - Timeout '0' is invalid. Using default page load timeout: '30'

08-04-2024T02:06:29 - [MESSAGE][PASSED] - Element 'Object Repository/Authorization Page/login_login_button' is visible

08-04-2024T02:06:29 - [MESSAGE][WARNING] - Timeout '0' is invalid. Using default page load timeout: '30'

08-04-2024T02:06:30 - [MESSAGE][PASSED] - Tapped on element 'Object Repository/Authorization Page/login_login_button'

08-04-2024T02:06:30 - [MESSAGE][WARNING] - Timeout '0' is invalid. Using default page load timeout: '30'

08-04-2024T02:06:32 - [MESSAGE][PASSED] - Element 'Object Repository/Account/button_my_order' is present

08-04-2024T02:06:32 - [MESSAGE][WARNING] - Timeout '0' is invalid. Using default page load timeout: '30'

08-04-2024T02:06:33 - [MESSAGE][PASSED] - Element 'Object Repository/Account/button_my_order' is visible

08-04-2024T02:06:33 - [MESSAGE][WARNING] - Timeout '0' is invalid. Using default page load timeout: '30'

08-04-2024T02:06:35 - [MESSAGE][PASSED] - Tapped on element 'Object Repository/Account/button_my_order'

08-04-2024T02:06:35 - [MESSAGE][WARNING] - Timeout '0' is invalid. Using default page load timeout: '30'

08-04-2024T02:06:37 - [MESSAGE][PASSED] - Element 'Object Repository/Account/My Order/text_pesanan_saya' is present

08-04-2024T02:06:37 - [MESSAGE][WARNING] - Timeout '0' is invalid. Using default page load timeout: '30'

08-04-2024T02:06:40 - [MESSAGE][PASSED] - Element 'Object Repository/Account/My Order/card_1card' is present

08-04-2024T02:06:40 - [MESSAGE][WARNING] - Timeout '0' is invalid. Using default page load timeout: '30'

08-04-2024T02:06:41 - [MESSAGE][PASSED] - Element 'Object Repository/Account/My Order/text_pesanan_saya' is visible

08-04-2024T02:06:41 - [MESSAGE][WARNING] - Timeout '0' is invalid. Using default page load timeout: '30'

08-04-2024T02:06:43 - [MESSAGE][PASSED] - Element 'Object Repository/Account/My Order/card_1card' is visible

08-04-2024T02:06:43 - [MESSAGE][PASSED] - Run with 'Runner' was passed]]></system-out>
         <system-err><![CDATA[]]></system-err>
      </testcase>
      <system-out><![CDATA[08-04-2024T01:59:03 - [TEST_SUITE][PASSED] - New Test Suite: Test Cases/Cucumber]]></system-out>
      <system-err><![CDATA[]]></system-err>
   </testsuite>
</testsuites>
