<?xml version="1.0" encoding="UTF-8"?>
<testsuites name="New Test Suite" time="767.426" tests="1" failures="0" errors="0">
   <testsuite name="New Test Suite" tests="1" failures="0" errors="0" time="767.426" skipped="0" timestamp="2024-04-08 01:38:45" hostname="mhani - MSI" id="Test Suites/New Test Suite">
      <properties>
         <property name="deviceName" value="Xiaomi 23049PCD8G (Android 14)"/>
         <property name="devicePlatform" value=""/>
         <property name="logFolder" value="C:\\Users\\mhani\\Katalon Studio\\K3 - Android Automation\\Reports\\20240408_013836\\New Test Suite\\20240408_013836"/>
         <property name="logFiles" value="C:\\Users\\mhani\\Katalon Studio\\K3 - Android Automation\\Reports\\20240408_013836\\New Test Suite\\20240408_013836\\appium.log, C:\\Users\\mhani\\Katalon Studio\\K3 - Android Automation\\Reports\\20240408_013836\\New Test Suite\\20240408_013836\\execution0.log"/>
         <property name="attachments" value=""/>
         <property name="hostName" value="mhani - MSI"/>
         <property name="os" value="Windows 11 64bit"/>
         <property name="appiumServerStatus" value="{&quot;value&quot;:{&quot;build&quot;:{&quot;version&quot;:&quot;1.22.3&quot;}},&quot;sessionId&quot;:null,&quot;status&quot;:0}"/>
         <property name="katalonVersion" value="8.6.6.208"/>
         <property name="deviceOS" value="Android"/>
         <property name="appiumVersion" value="1.22.3"/>
         <property name="deviceModel" value="23049PCD8G"/>
         <property name="hostAddress" value="192.168.32.1"/>
         <property name="deviceManufacturer" value="Xiaomi"/>
         <property name="deviceId" value="2c0149dd"/>
         <property name="deviceName" value="Xiaomi 23049PCD8G (Android 14)"/>
         <property name="deviceOSVersion" value="14"/>
      </properties>
      <testcase name="Test Cases/Cucumber" time="767.245" classname="Test Cases/Cucumber" status="PASSED">
         <system-out><![CDATA[2024-04-08 01:38:45 - [TEST_CASE][PASSED] - Test Cases/Cucumber: Test Cases/Cucumber

2024-04-08 01:38:45 - [TEST_STEP][ERROR] - Start listener action : beforeTestCase: groovy.lang.MissingPropertyException: No such property: CucumberGlueGen for class: NewTestListener
	at NewTestListener.beforeTestCase(NewTestListener.groovy:31)
	at NewTestListener.invokeMethod(NewTestListener.groovy)
	at com.kms.katalon.core.context.internal.TestHooker.invokeMethod(TestHooker.java:111)
	at com.kms.katalon.core.context.internal.TestHooker.lambda$3(TestHooker.java:95)
	at com.kms.katalon.core.context.internal.TestHooker.invokeContextMethods(TestHooker.java:94)
	at com.kms.katalon.core.context.internal.TestListenerCollector.lambda$3(TestListenerCollector.java:88)
	at com.kms.katalon.core.context.internal.TestListenerCollector.handleListenerEvent(TestListenerCollector.java:85)
	at com.kms.katalon.core.context.internal.ExecutionEventManager.publicEvent(ExecutionEventManager.java:36)
	at com.kms.katalon.core.main.TestCaseExecutor.execute(TestCaseExecutor.java:268)
	at com.kms.katalon.core.common.CommonExecutor.accessTestCaseMainPhase(CommonExecutor.java:65)
	at com.kms.katalon.core.main.TestSuiteExecutor.accessTestSuiteMainPhase(TestSuiteExecutor.java:148)
	at com.kms.katalon.core.main.TestSuiteExecutor.execute(TestSuiteExecutor.java:106)
	at com.kms.katalon.core.main.TestCaseMain.startTestSuite(TestCaseMain.java:187)
	at com.kms.katalon.core.main.TestCaseMain$startTestSuite$0.call(Unknown Source)
	at TempTestSuite1712515116859.run(TempTestSuite1712515116859.groovy:36)


2024-04-08 01:38:45 - [TEST_STEP][PASSED] - GLUE = ["stepDefinition"]: null

2024-04-08 01:38:45 - [TEST_STEP][ERROR] - CucumberGlueGen.addDefaultPackages(): groovy.lang.MissingPropertyException: No such property: CucumberGlueGen for class: NewTestListener
	at NewTestListener.beforeTestCase(NewTestListener.groovy:31)
	at NewTestListener.invokeMethod(NewTestListener.groovy)
	at com.kms.katalon.core.context.internal.TestHooker.invokeMethod(TestHooker.java:111)
	at com.kms.katalon.core.context.internal.TestHooker.lambda$3(TestHooker.java:95)
	at com.kms.katalon.core.context.internal.TestHooker.invokeContextMethods(TestHooker.java:94)
	at com.kms.katalon.core.context.internal.TestListenerCollector.lambda$3(TestListenerCollector.java:88)
	at com.kms.katalon.core.context.internal.TestListenerCollector.handleListenerEvent(TestListenerCollector.java:85)
	at com.kms.katalon.core.context.internal.ExecutionEventManager.publicEvent(ExecutionEventManager.java:36)
	at com.kms.katalon.core.main.TestCaseExecutor.execute(TestCaseExecutor.java:268)
	at com.kms.katalon.core.common.CommonExecutor.accessTestCaseMainPhase(CommonExecutor.java:65)
	at com.kms.katalon.core.main.TestSuiteExecutor.accessTestSuiteMainPhase(TestSuiteExecutor.java:148)
	at com.kms.katalon.core.main.TestSuiteExecutor.execute(TestSuiteExecutor.java:106)
	at com.kms.katalon.core.main.TestCaseMain.startTestSuite(TestCaseMain.java:187)
	at com.kms.katalon.core.main.TestCaseMain$startTestSuite$0.call(Unknown Source)
	at TempTestSuite1712515116859.run(TempTestSuite1712515116859.groovy:36)


2024-04-08 01:38:45 - [MESSAGE][ERROR] - groovy.lang.MissingPropertyException: No such property: CucumberGlueGen for class: NewTestListener
	at NewTestListener.beforeTestCase(NewTestListener.groovy:31)
	at NewTestListener.invokeMethod(NewTestListener.groovy)
	at com.kms.katalon.core.context.internal.TestHooker.invokeMethod(TestHooker.java:111)
	at com.kms.katalon.core.context.internal.TestHooker.lambda$3(TestHooker.java:95)
	at com.kms.katalon.core.context.internal.TestHooker.invokeContextMethods(TestHooker.java:94)
	at com.kms.katalon.core.context.internal.TestListenerCollector.lambda$3(TestListenerCollector.java:88)
	at com.kms.katalon.core.context.internal.TestListenerCollector.handleListenerEvent(TestListenerCollector.java:85)
	at com.kms.katalon.core.context.internal.ExecutionEventManager.publicEvent(ExecutionEventManager.java:36)
	at com.kms.katalon.core.main.TestCaseExecutor.execute(TestCaseExecutor.java:268)
	at com.kms.katalon.core.common.CommonExecutor.accessTestCaseMainPhase(CommonExecutor.java:65)
	at com.kms.katalon.core.main.TestSuiteExecutor.accessTestSuiteMainPhase(TestSuiteExecutor.java:148)
	at com.kms.katalon.core.main.TestSuiteExecutor.execute(TestSuiteExecutor.java:106)
	at com.kms.katalon.core.main.TestCaseMain.startTestSuite(TestCaseMain.java:187)
	at com.kms.katalon.core.main.TestCaseMain$startTestSuite$0.call(Unknown Source)
	at TempTestSuite1712515116859.run(TempTestSuite1712515116859.groovy:36)


2024-04-08 01:38:45 - [TEST_STEP][PASSED] - runWithCucumberRunner(Runner): Run with 'Runner' was passed

2024-04-08 01:38:46 - [MESSAGE][INFO] - User set preference: ['appWaitActivity', '*']

2024-04-08 01:38:46 - [MESSAGE][INFO] - User set preference: ['appWaitforLaunch', 'false']

2024-04-08 01:38:46 - [MESSAGE][INFO] - User set preference: ['deviceId', '']

2024-04-08 01:38:46 - [MESSAGE][INFO] - Detected NodeJS location: "C:\Program Files\nodejs\node.exe"

2024-04-08 01:38:47 - [MESSAGE][INFO] - Appium server started on port 53,066

2024-04-08 01:39:01 - [MESSAGE][PASSED] - Started app at: 'C:\Users\mhani\Katalon Studio\K3 - Android Automation\Apk\app-debug.apk'

2024-04-08 01:39:01 - [MESSAGE][WARNING] - Timeout '0' is invalid. Using default page load timeout: '30'

2024-04-08 01:39:04 - [MESSAGE][PASSED] - Element 'Object Repository/Account/icon_account' is present

2024-04-08 01:39:04 - [MESSAGE][WARNING] - Timeout '0' is invalid. Using default page load timeout: '30'

2024-04-08 01:39:04 - [MESSAGE][PASSED] - Element 'Object Repository/Home Page/btn_add_product' is present

2024-04-08 01:39:05 - [MESSAGE][WARNING] - Timeout '0' is invalid. Using default page load timeout: '30'

2024-04-08 01:39:05 - [MESSAGE][PASSED] - Element 'Object Repository/Account/icon_account' is visible

2024-04-08 01:39:05 - [MESSAGE][WARNING] - Timeout '0' is invalid. Using default page load timeout: '30'

2024-04-08 01:39:05 - [MESSAGE][PASSED] - Element 'Object Repository/Home Page/btn_add_product' is visible

2024-04-08 01:39:05 - [MESSAGE][WARNING] - Timeout '0' is invalid. Using default page load timeout: '30'

2024-04-08 01:39:06 - [MESSAGE][PASSED] - Tapped on element 'Object Repository/Account/icon_account'

2024-04-08 01:39:06 - [MESSAGE][WARNING] - Timeout '0' is invalid. Using default page load timeout: '30'

2024-04-08 01:39:06 - [MESSAGE][PASSED] - Element 'Object Repository/Authorization Page/account_login_button' is present

2024-04-08 01:39:06 - [MESSAGE][WARNING] - Timeout '0' is invalid. Using default page load timeout: '30'

2024-04-08 01:39:07 - [MESSAGE][PASSED] - Element 'Object Repository/Authorization Page/account_login_button' is visible

2024-04-08 01:39:07 - [MESSAGE][WARNING] - Timeout '0' is invalid. Using default page load timeout: '30'

2024-04-08 01:39:07 - [MESSAGE][PASSED] - Tapped on element 'Object Repository/Authorization Page/account_login_button'

2024-04-08 01:39:07 - [MESSAGE][WARNING] - Timeout '0' is invalid. Using default page load timeout: '30'

2024-04-08 01:39:08 - [MESSAGE][PASSED] - Element 'Object Repository/Authorization Page/login_input_email' is present

2024-04-08 01:39:08 - [MESSAGE][WARNING] - Timeout '0' is invalid. Using default page load timeout: '30'

2024-04-08 01:39:09 - [MESSAGE][PASSED] - Element 'Object Repository/Authorization Page/login_input_password' is present

2024-04-08 01:39:09 - [MESSAGE][WARNING] - Timeout '0' is invalid. Using default page load timeout: '30'

2024-04-08 01:39:09 - [MESSAGE][PASSED] - Element 'Object Repository/Authorization Page/login_input_email' is visible

2024-04-08 01:39:09 - [MESSAGE][WARNING] - Timeout '0' is invalid. Using default page load timeout: '30'

2024-04-08 01:39:09 - [MESSAGE][PASSED] - Element 'Object Repository/Authorization Page/login_input_password' is visible

2024-04-08 01:39:09 - [MESSAGE][WARNING] - Timeout '0' is invalid. Using default page load timeout: '30'

2024-04-08 01:39:10 - [MESSAGE][PASSED] - Text 'bb@mail.com' has been set to element 'Object Repository/Authorization Page/login_input_email'

2024-04-08 01:39:10 - [MESSAGE][WARNING] - Timeout '0' is invalid. Using default page load timeout: '30'

2024-04-08 01:39:12 - [MESSAGE][PASSED] - Text 'bb@mail.com' has been set to element 'Object Repository/Authorization Page/login_input_password'

2024-04-08 01:39:12 - [MESSAGE][WARNING] - Timeout '0' is invalid. Using default page load timeout: '30'

2024-04-08 01:39:12 - [MESSAGE][PASSED] - Element 'Object Repository/Authorization Page/login_login_button' is present

2024-04-08 01:39:12 - [MESSAGE][WARNING] - Timeout '0' is invalid. Using default page load timeout: '30'

2024-04-08 01:39:12 - [MESSAGE][PASSED] - Element 'Object Repository/Authorization Page/login_login_button' is visible

2024-04-08 01:39:12 - [MESSAGE][WARNING] - Timeout '0' is invalid. Using default page load timeout: '30'

2024-04-08 01:39:13 - [MESSAGE][PASSED] - Tapped on element 'Object Repository/Authorization Page/login_login_button'

2024-04-08 01:39:13 - [MESSAGE][WARNING] - Timeout '0' is invalid. Using default page load timeout: '30'

2024-04-08 01:39:14 - [MESSAGE][PASSED] - Element 'Object Repository/Account/button_my_order' is present

2024-04-08 01:39:14 - [MESSAGE][WARNING] - Timeout '0' is invalid. Using default page load timeout: '30'

2024-04-08 01:39:16 - [MESSAGE][PASSED] - Element 'Object Repository/Account/button_log_out' is present

2024-04-08 01:39:16 - [MESSAGE][WARNING] - Timeout '0' is invalid. Using default page load timeout: '30'

2024-04-08 01:39:16 - [MESSAGE][PASSED] - Element 'Object Repository/Account/button_my_order' is visible

2024-04-08 01:39:16 - [MESSAGE][WARNING] - Timeout '0' is invalid. Using default page load timeout: '30'

2024-04-08 01:39:16 - [MESSAGE][PASSED] - Element 'Object Repository/Account/button_log_out' is visible

2024-04-08 01:39:16 - [MESSAGE][WARNING] - Timeout '0' is invalid. Using default page load timeout: '30'

2024-04-08 01:39:17 - [MESSAGE][PASSED] - Element 'Object Repository/Home Page/btn_home' is present

2024-04-08 01:39:17 - [MESSAGE][WARNING] - Timeout '0' is invalid. Using default page load timeout: '30'

2024-04-08 01:39:17 - [MESSAGE][PASSED] - Element 'Object Repository/Home Page/btn_home' is visible

2024-04-08 01:39:17 - [MESSAGE][WARNING] - Timeout '0' is invalid. Using default page load timeout: '30'

2024-04-08 01:39:17 - [MESSAGE][PASSED] - Element 'Object Repository/Home Page/btn_notification' is present

2024-04-08 01:39:17 - [MESSAGE][WARNING] - Timeout '0' is invalid. Using default page load timeout: '30'

2024-04-08 01:39:17 - [MESSAGE][PASSED] - Element 'Object Repository/Home Page/btn_notification' is visible

2024-04-08 01:39:17 - [MESSAGE][WARNING] - Timeout '0' is invalid. Using default page load timeout: '30'

2024-04-08 01:39:18 - [MESSAGE][PASSED] - Tapped on element 'Object Repository/Home Page/btn_home'

2024-04-08 01:39:18 - [MESSAGE][WARNING] - Timeout '0' is invalid. Using default page load timeout: '30'

2024-04-08 01:39:20 - [MESSAGE][PASSED] - Tapped on element 'Object Repository/Home Page/first_product_card'

2024-04-08 01:39:20 - [MESSAGE][WARNING] - Timeout '0' is invalid. Using default page load timeout: '30'

2024-04-08 01:39:20 - [MESSAGE][PASSED] - Element 'Object Repository/Home Page/btn_offer' is present

2024-04-08 01:39:20 - [MESSAGE][WARNING] - Timeout '0' is invalid. Using default page load timeout: '30'

2024-04-08 01:39:22 - [MESSAGE][PASSED] - Element 'Object Repository/Home Page/btn_offer' is visible

2024-04-08 01:39:22 - [MESSAGE][WARNING] - Timeout '0' is invalid. Using default page load timeout: '30'

2024-04-08 01:39:22 - [MESSAGE][PASSED] - Element 'Object Repository/Home Page/text_detail_product' is present

2024-04-08 01:39:22 - [MESSAGE][WARNING] - Timeout '0' is invalid. Using default page load timeout: '30'

2024-04-08 01:39:22 - [MESSAGE][PASSED] - Element 'Object Repository/Home Page/btn_offer' is present

2024-04-08 01:39:22 - [MESSAGE][WARNING] - Timeout '0' is invalid. Using default page load timeout: '30'

2024-04-08 01:39:23 - [MESSAGE][PASSED] - Element 'Object Repository/Home Page/text_detail_product' is visible

2024-04-08 01:39:23 - [MESSAGE][WARNING] - Timeout '0' is invalid. Using default page load timeout: '30'

2024-04-08 01:39:23 - [MESSAGE][PASSED] - Element 'Object Repository/Home Page/btn_offer' is visible

2024-04-08 01:39:23 - [MESSAGE][INFO] - User set preference: ['appWaitActivity', '*']

2024-04-08 01:39:23 - [MESSAGE][INFO] - User set preference: ['appWaitforLaunch', 'false']

2024-04-08 01:39:23 - [MESSAGE][INFO] - User set preference: ['deviceId', '']

2024-04-08 01:39:36 - [MESSAGE][PASSED] - Started app at: 'C:\Users\mhani\Katalon Studio\K3 - Android Automation\Apk\app-debug.apk'

2024-04-08 01:39:36 - [MESSAGE][WARNING] - Timeout '0' is invalid. Using default page load timeout: '30'

2024-04-08 01:39:39 - [MESSAGE][PASSED] - Element 'Object Repository/Account/icon_account' is present

2024-04-08 01:39:39 - [MESSAGE][WARNING] - Timeout '0' is invalid. Using default page load timeout: '30'

2024-04-08 01:39:40 - [MESSAGE][PASSED] - Element 'Object Repository/Home Page/btn_add_product' is present

2024-04-08 01:39:40 - [MESSAGE][WARNING] - Timeout '0' is invalid. Using default page load timeout: '30'

2024-04-08 01:39:40 - [MESSAGE][PASSED] - Element 'Object Repository/Account/icon_account' is visible

2024-04-08 01:39:40 - [MESSAGE][WARNING] - Timeout '0' is invalid. Using default page load timeout: '30'

2024-04-08 01:39:40 - [MESSAGE][PASSED] - Element 'Object Repository/Home Page/btn_add_product' is visible

2024-04-08 01:39:40 - [MESSAGE][WARNING] - Timeout '0' is invalid. Using default page load timeout: '30'

2024-04-08 01:39:41 - [MESSAGE][PASSED] - Tapped on element 'Object Repository/Account/icon_account'

2024-04-08 01:39:41 - [MESSAGE][WARNING] - Timeout '0' is invalid. Using default page load timeout: '30'

2024-04-08 01:39:41 - [MESSAGE][PASSED] - Element 'Object Repository/Authorization Page/account_login_button' is present

2024-04-08 01:39:41 - [MESSAGE][WARNING] - Timeout '0' is invalid. Using default page load timeout: '30'

2024-04-08 01:39:42 - [MESSAGE][PASSED] - Element 'Object Repository/Authorization Page/account_login_button' is visible

2024-04-08 01:39:42 - [MESSAGE][WARNING] - Timeout '0' is invalid. Using default page load timeout: '30'

2024-04-08 01:39:42 - [MESSAGE][PASSED] - Tapped on element 'Object Repository/Authorization Page/account_login_button'

2024-04-08 01:39:42 - [MESSAGE][WARNING] - Timeout '0' is invalid. Using default page load timeout: '30'

2024-04-08 01:39:43 - [MESSAGE][PASSED] - Element 'Object Repository/Authorization Page/login_input_email' is present

2024-04-08 01:39:43 - [MESSAGE][WARNING] - Timeout '0' is invalid. Using default page load timeout: '30'

2024-04-08 01:39:44 - [MESSAGE][PASSED] - Element 'Object Repository/Authorization Page/login_input_password' is present

2024-04-08 01:39:44 - [MESSAGE][WARNING] - Timeout '0' is invalid. Using default page load timeout: '30'

2024-04-08 01:39:44 - [MESSAGE][PASSED] - Element 'Object Repository/Authorization Page/login_input_email' is visible

2024-04-08 01:39:44 - [MESSAGE][WARNING] - Timeout '0' is invalid. Using default page load timeout: '30'

2024-04-08 01:39:44 - [MESSAGE][PASSED] - Element 'Object Repository/Authorization Page/login_input_password' is visible

2024-04-08 01:39:44 - [MESSAGE][WARNING] - Timeout '0' is invalid. Using default page load timeout: '30'

2024-04-08 01:39:45 - [MESSAGE][PASSED] - Text 'bb@mail.com' has been set to element 'Object Repository/Authorization Page/login_input_email'

2024-04-08 01:39:45 - [MESSAGE][WARNING] - Timeout '0' is invalid. Using default page load timeout: '30'

2024-04-08 01:39:47 - [MESSAGE][PASSED] - Text 'bb@mail.com' has been set to element 'Object Repository/Authorization Page/login_input_password'

2024-04-08 01:39:47 - [MESSAGE][WARNING] - Timeout '0' is invalid. Using default page load timeout: '30'

2024-04-08 01:39:48 - [MESSAGE][PASSED] - Element 'Object Repository/Authorization Page/login_login_button' is present

2024-04-08 01:39:48 - [MESSAGE][WARNING] - Timeout '0' is invalid. Using default page load timeout: '30'

2024-04-08 01:39:48 - [MESSAGE][PASSED] - Element 'Object Repository/Authorization Page/login_login_button' is visible

2024-04-08 01:39:48 - [MESSAGE][WARNING] - Timeout '0' is invalid. Using default page load timeout: '30'

2024-04-08 01:39:48 - [MESSAGE][PASSED] - Tapped on element 'Object Repository/Authorization Page/login_login_button'

2024-04-08 01:39:48 - [MESSAGE][WARNING] - Timeout '0' is invalid. Using default page load timeout: '30'

2024-04-08 01:39:50 - [MESSAGE][PASSED] - Element 'Object Repository/Account/button_my_order' is present

2024-04-08 01:39:50 - [MESSAGE][WARNING] - Timeout '0' is invalid. Using default page load timeout: '30'

2024-04-08 01:39:50 - [MESSAGE][PASSED] - Element 'Object Repository/Account/button_log_out' is present

2024-04-08 01:39:50 - [MESSAGE][WARNING] - Timeout '0' is invalid. Using default page load timeout: '30'

2024-04-08 01:39:51 - [MESSAGE][PASSED] - Element 'Object Repository/Account/button_my_order' is visible

2024-04-08 01:39:51 - [MESSAGE][WARNING] - Timeout '0' is invalid. Using default page load timeout: '30'

2024-04-08 01:39:51 - [MESSAGE][PASSED] - Element 'Object Repository/Account/button_log_out' is visible

2024-04-08 01:39:51 - [MESSAGE][WARNING] - Timeout '0' is invalid. Using default page load timeout: '30'

2024-04-08 01:39:51 - [MESSAGE][PASSED] - Element 'Object Repository/Home Page/btn_add_product' is present

2024-04-08 01:39:51 - [MESSAGE][WARNING] - Timeout '0' is invalid. Using default page load timeout: '30'

2024-04-08 01:39:52 - [MESSAGE][PASSED] - Element 'Object Repository/Home Page/btn_add_product' is visible

2024-04-08 01:39:52 - [MESSAGE][WARNING] - Timeout '0' is invalid. Using default page load timeout: '30'

2024-04-08 01:39:52 - [MESSAGE][PASSED] - Tapped on element 'Object Repository/Home Page/btn_add_product'

2024-04-08 01:39:52 - [MESSAGE][WARNING] - Timeout '0' is invalid. Using default page load timeout: '30'

2024-04-08 01:39:53 - [MESSAGE][PASSED] - Text 'Foto abstrak keren' has been set to element 'Object Repository/Home Page/Add Product Page/input_product_name'

2024-04-08 01:39:53 - [MESSAGE][WARNING] - Timeout '0' is invalid. Using default page load timeout: '30'

2024-04-08 01:39:55 - [MESSAGE][PASSED] - Text '55000' has been set to element 'Object Repository/Home Page/Add Product Page/input_product_price'

2024-04-08 01:39:55 - [MESSAGE][WARNING] - Timeout '0' is invalid. Using default page load timeout: '30'

2024-04-08 01:39:56 - [MESSAGE][PASSED] - Tapped on element 'Object Repository/Home Page/Add Product Page/input_product_category'

2024-04-08 01:39:56 - [MESSAGE][WARNING] - Timeout '0' is invalid. Using default page load timeout: '30'

2024-04-08 01:39:58 - [MESSAGE][PASSED] - Tapped on element 'Object Repository/Home Page/Add Product Page/btn_elektronic_category'

2024-04-08 01:39:58 - [MESSAGE][WARNING] - Timeout '0' is invalid. Using default page load timeout: '30'

2024-04-08 01:40:01 - [MESSAGE][PASSED] - Text 'Galery Nasional' has been set to element 'Object Repository/Home Page/Add Product Page/input_product_location'

2024-04-08 01:40:01 - [MESSAGE][WARNING] - Timeout '0' is invalid. Using default page load timeout: '30'

2024-04-08 01:40:03 - [MESSAGE][PASSED] - Text 'foto keren jangan dihujat' has been set to element 'Object Repository/Home Page/Add Product Page/input_product_description'

2024-04-08 01:40:03 - [MESSAGE][PASSED] - Keyboard is hidden

2024-04-08 01:40:03 - [MESSAGE][WARNING] - Timeout '0' is invalid. Using default page load timeout: '30'

2024-04-08 01:40:03 - [MESSAGE][PASSED] - Tapped on element 'Object Repository/Home Page/Add Product Page/input_product_image'

2024-04-08 01:40:03 - [MESSAGE][WARNING] - Timeout '0' is invalid. Using default page load timeout: '30'

2024-04-08 01:40:04 - [MESSAGE][PASSED] - Tapped on element 'Object Repository/Home Page/Add Product Page/btn_galery'

2024-04-08 01:40:05 - [MESSAGE][WARNING] - Timeout '0' is invalid. Using default page load timeout: '30'

2024-04-08 01:40:06 - [MESSAGE][PASSED] - Tapped on element 'Object Repository/Home Page/Add Product Page/image_first'

2024-04-08 01:40:06 - [MESSAGE][WARNING] - Timeout '0' is invalid. Using default page load timeout: '30'

2024-04-08 01:40:07 - [MESSAGE][PASSED] - Tapped on element 'Object Repository/Home Page/Add Product Page/btn_publish'

2024-04-08 01:40:07 - [MESSAGE][WARNING] - Timeout '0' is invalid. Using default page load timeout: '30'

2024-04-08 01:40:10 - [MESSAGE][PASSED] - Element 'Object Repository/Account/My List Product/text_my_sell_list' is present

2024-04-08 01:40:10 - [MESSAGE][WARNING] - Timeout '0' is invalid. Using default page load timeout: '30'

2024-04-08 01:40:10 - [MESSAGE][PASSED] - Element 'Object Repository/Account/My List Product/text_my_sell_list' is visible

2024-04-08 01:40:10 - [MESSAGE][INFO] - User set preference: ['appWaitActivity', '*']

2024-04-08 01:40:10 - [MESSAGE][INFO] - User set preference: ['appWaitforLaunch', 'false']

2024-04-08 01:40:10 - [MESSAGE][INFO] - User set preference: ['deviceId', '']

2024-04-08 01:40:23 - [MESSAGE][PASSED] - Started app at: 'C:\Users\mhani\Katalon Studio\K3 - Android Automation\Apk\app-debug.apk'

2024-04-08 01:40:23 - [MESSAGE][WARNING] - Timeout '0' is invalid. Using default page load timeout: '30'

2024-04-08 01:40:26 - [MESSAGE][PASSED] - Element 'Object Repository/Account/icon_account' is present

2024-04-08 01:40:26 - [MESSAGE][WARNING] - Timeout '0' is invalid. Using default page load timeout: '30'

2024-04-08 01:40:28 - [MESSAGE][PASSED] - Element 'Object Repository/Home Page/btn_add_product' is present

2024-04-08 01:40:28 - [MESSAGE][WARNING] - Timeout '0' is invalid. Using default page load timeout: '30'

2024-04-08 01:40:28 - [MESSAGE][PASSED] - Element 'Object Repository/Account/icon_account' is visible

2024-04-08 01:40:28 - [MESSAGE][WARNING] - Timeout '0' is invalid. Using default page load timeout: '30'

2024-04-08 01:40:28 - [MESSAGE][PASSED] - Element 'Object Repository/Home Page/btn_add_product' is visible

2024-04-08 01:40:28 - [MESSAGE][WARNING] - Timeout '0' is invalid. Using default page load timeout: '30'

2024-04-08 01:40:29 - [MESSAGE][PASSED] - Tapped on element 'Object Repository/Account/icon_account'

2024-04-08 01:40:29 - [MESSAGE][WARNING] - Timeout '0' is invalid. Using default page load timeout: '30'

2024-04-08 01:40:30 - [MESSAGE][PASSED] - Element 'Object Repository/Authorization Page/account_login_button' is present

2024-04-08 01:40:30 - [MESSAGE][WARNING] - Timeout '0' is invalid. Using default page load timeout: '30'

2024-04-08 01:40:30 - [MESSAGE][PASSED] - Element 'Object Repository/Authorization Page/account_login_button' is visible

2024-04-08 01:40:30 - [MESSAGE][WARNING] - Timeout '0' is invalid. Using default page load timeout: '30'

2024-04-08 01:40:31 - [MESSAGE][PASSED] - Tapped on element 'Object Repository/Authorization Page/account_login_button'

2024-04-08 01:40:31 - [MESSAGE][WARNING] - Timeout '0' is invalid. Using default page load timeout: '30'

2024-04-08 01:40:32 - [MESSAGE][PASSED] - Element 'Object Repository/Authorization Page/login_input_email' is present

2024-04-08 01:40:32 - [MESSAGE][WARNING] - Timeout '0' is invalid. Using default page load timeout: '30'

2024-04-08 01:40:32 - [MESSAGE][PASSED] - Element 'Object Repository/Authorization Page/login_input_password' is present

2024-04-08 01:40:32 - [MESSAGE][WARNING] - Timeout '0' is invalid. Using default page load timeout: '30'

2024-04-08 01:40:33 - [MESSAGE][PASSED] - Element 'Object Repository/Authorization Page/login_input_email' is visible

2024-04-08 01:40:33 - [MESSAGE][WARNING] - Timeout '0' is invalid. Using default page load timeout: '30'

2024-04-08 01:40:33 - [MESSAGE][PASSED] - Element 'Object Repository/Authorization Page/login_input_password' is visible

2024-04-08 01:40:33 - [MESSAGE][WARNING] - Timeout '0' is invalid. Using default page load timeout: '30'

2024-04-08 01:40:34 - [MESSAGE][PASSED] - Text 'bb@mail.com' has been set to element 'Object Repository/Authorization Page/login_input_email'

2024-04-08 01:40:34 - [MESSAGE][WARNING] - Timeout '0' is invalid. Using default page load timeout: '30'

2024-04-08 01:40:35 - [MESSAGE][PASSED] - Text 'bb@mail.com' has been set to element 'Object Repository/Authorization Page/login_input_password'

2024-04-08 01:40:35 - [MESSAGE][WARNING] - Timeout '0' is invalid. Using default page load timeout: '30'

2024-04-08 01:40:36 - [MESSAGE][PASSED] - Element 'Object Repository/Authorization Page/login_login_button' is present

2024-04-08 01:40:36 - [MESSAGE][WARNING] - Timeout '0' is invalid. Using default page load timeout: '30'

2024-04-08 01:40:36 - [MESSAGE][PASSED] - Element 'Object Repository/Authorization Page/login_login_button' is visible

2024-04-08 01:40:36 - [MESSAGE][WARNING] - Timeout '0' is invalid. Using default page load timeout: '30'

2024-04-08 01:40:36 - [MESSAGE][PASSED] - Tapped on element 'Object Repository/Authorization Page/login_login_button'

2024-04-08 01:40:36 - [MESSAGE][WARNING] - Timeout '0' is invalid. Using default page load timeout: '30'

2024-04-08 01:40:38 - [MESSAGE][PASSED] - Element 'Object Repository/Account/button_my_order' is present

2024-04-08 01:40:38 - [MESSAGE][WARNING] - Timeout '0' is invalid. Using default page load timeout: '30'

2024-04-08 01:40:38 - [MESSAGE][PASSED] - Element 'Object Repository/Account/button_log_out' is present

2024-04-08 01:40:38 - [MESSAGE][WARNING] - Timeout '0' is invalid. Using default page load timeout: '30'

2024-04-08 01:40:39 - [MESSAGE][PASSED] - Element 'Object Repository/Account/button_my_order' is visible

2024-04-08 01:40:39 - [MESSAGE][WARNING] - Timeout '0' is invalid. Using default page load timeout: '30'

2024-04-08 01:40:39 - [MESSAGE][PASSED] - Element 'Object Repository/Account/button_log_out' is visible

2024-04-08 01:40:39 - [MESSAGE][WARNING] - Timeout '0' is invalid. Using default page load timeout: '30'

2024-04-08 01:40:40 - [MESSAGE][PASSED] - Element 'Object Repository/Home Page/btn_add_product' is present

2024-04-08 01:40:40 - [MESSAGE][WARNING] - Timeout '0' is invalid. Using default page load timeout: '30'

2024-04-08 01:40:40 - [MESSAGE][PASSED] - Element 'Object Repository/Home Page/btn_add_product' is visible

2024-04-08 01:40:40 - [MESSAGE][WARNING] - Timeout '0' is invalid. Using default page load timeout: '30'

2024-04-08 01:40:41 - [MESSAGE][PASSED] - Tapped on element 'Object Repository/Home Page/btn_add_product'

2024-04-08 01:40:41 - [MESSAGE][WARNING] - Timeout '0' is invalid. Using default page load timeout: '30'

2024-04-08 01:40:43 - [MESSAGE][PASSED] - Text '55000' has been set to element 'Object Repository/Home Page/Add Product Page/input_product_price'

2024-04-08 01:40:43 - [MESSAGE][WARNING] - Timeout '0' is invalid. Using default page load timeout: '30'

2024-04-08 01:40:44 - [MESSAGE][PASSED] - Tapped on element 'Object Repository/Home Page/Add Product Page/input_product_category'

2024-04-08 01:40:44 - [MESSAGE][WARNING] - Timeout '0' is invalid. Using default page load timeout: '30'

2024-04-08 01:40:46 - [MESSAGE][PASSED] - Tapped on element 'Object Repository/Home Page/Add Product Page/btn_elektronic_category'

2024-04-08 01:40:46 - [MESSAGE][WARNING] - Timeout '0' is invalid. Using default page load timeout: '30'

2024-04-08 01:40:48 - [MESSAGE][PASSED] - Text 'Galery Nasional' has been set to element 'Object Repository/Home Page/Add Product Page/input_product_location'

2024-04-08 01:40:48 - [MESSAGE][WARNING] - Timeout '0' is invalid. Using default page load timeout: '30'

2024-04-08 01:40:50 - [MESSAGE][PASSED] - Text 'foto keren jangan dihujat' has been set to element 'Object Repository/Home Page/Add Product Page/input_product_description'

2024-04-08 01:40:50 - [MESSAGE][PASSED] - Keyboard is hidden

2024-04-08 01:40:50 - [MESSAGE][WARNING] - Timeout '0' is invalid. Using default page load timeout: '30'

2024-04-08 01:40:51 - [MESSAGE][PASSED] - Tapped on element 'Object Repository/Home Page/Add Product Page/input_product_image'

2024-04-08 01:40:51 - [MESSAGE][WARNING] - Timeout '0' is invalid. Using default page load timeout: '30'

2024-04-08 01:40:52 - [MESSAGE][PASSED] - Tapped on element 'Object Repository/Home Page/Add Product Page/btn_galery'

2024-04-08 01:40:52 - [MESSAGE][WARNING] - Timeout '0' is invalid. Using default page load timeout: '30'

2024-04-08 01:40:53 - [MESSAGE][PASSED] - Tapped on element 'Object Repository/Home Page/Add Product Page/image_first'

2024-04-08 01:40:53 - [MESSAGE][WARNING] - Timeout '0' is invalid. Using default page load timeout: '30'

2024-04-08 01:40:54 - [MESSAGE][PASSED] - Tapped on element 'Object Repository/Home Page/Add Product Page/btn_publish'

2024-04-08 01:40:54 - [MESSAGE][WARNING] - Timeout '0' is invalid. Using default page load timeout: '30'

2024-04-08 01:40:56 - [MESSAGE][PASSED] - Element 'Object Repository/Home Page/Add Product Page/warning_product_name' is present

2024-04-08 01:40:56 - [MESSAGE][WARNING] - Timeout '0' is invalid. Using default page load timeout: '30'

2024-04-08 01:40:56 - [MESSAGE][PASSED] - Element 'Object Repository/Home Page/Add Product Page/text_add_product' is present

2024-04-08 01:40:56 - [MESSAGE][WARNING] - Timeout '0' is invalid. Using default page load timeout: '30'

2024-04-08 01:40:57 - [MESSAGE][PASSED] - Element 'Object Repository/Home Page/Add Product Page/warning_product_name' is visible

2024-04-08 01:40:57 - [MESSAGE][WARNING] - Timeout '0' is invalid. Using default page load timeout: '30'

2024-04-08 01:40:58 - [MESSAGE][PASSED] - Element 'Object Repository/Home Page/Add Product Page/text_add_product' is visible

2024-04-08 01:40:58 - [MESSAGE][INFO] - User set preference: ['appWaitActivity', '*']

2024-04-08 01:40:58 - [MESSAGE][INFO] - User set preference: ['appWaitforLaunch', 'false']

2024-04-08 01:40:58 - [MESSAGE][INFO] - User set preference: ['deviceId', '']

2024-04-08 01:41:11 - [MESSAGE][PASSED] - Started app at: 'C:\Users\mhani\Katalon Studio\K3 - Android Automation\Apk\app-debug.apk'

2024-04-08 01:41:11 - [MESSAGE][WARNING] - Timeout '0' is invalid. Using default page load timeout: '30'

2024-04-08 01:41:14 - [MESSAGE][PASSED] - Element 'Object Repository/Account/icon_account' is present

2024-04-08 01:41:14 - [MESSAGE][WARNING] - Timeout '0' is invalid. Using default page load timeout: '30'

2024-04-08 01:41:15 - [MESSAGE][PASSED] - Element 'Object Repository/Home Page/btn_add_product' is present

2024-04-08 01:41:15 - [MESSAGE][WARNING] - Timeout '0' is invalid. Using default page load timeout: '30'

2024-04-08 01:41:15 - [MESSAGE][PASSED] - Element 'Object Repository/Account/icon_account' is visible

2024-04-08 01:41:15 - [MESSAGE][WARNING] - Timeout '0' is invalid. Using default page load timeout: '30'

2024-04-08 01:41:16 - [MESSAGE][PASSED] - Element 'Object Repository/Home Page/btn_add_product' is visible

2024-04-08 01:41:16 - [MESSAGE][WARNING] - Timeout '0' is invalid. Using default page load timeout: '30'

2024-04-08 01:41:17 - [MESSAGE][PASSED] - Tapped on element 'Object Repository/Account/icon_account'

2024-04-08 01:41:17 - [MESSAGE][WARNING] - Timeout '0' is invalid. Using default page load timeout: '30'

2024-04-08 01:41:18 - [MESSAGE][PASSED] - Element 'Object Repository/Authorization Page/account_login_button' is present

2024-04-08 01:41:18 - [MESSAGE][WARNING] - Timeout '0' is invalid. Using default page load timeout: '30'

2024-04-08 01:41:18 - [MESSAGE][PASSED] - Element 'Object Repository/Authorization Page/account_login_button' is visible

2024-04-08 01:41:18 - [MESSAGE][WARNING] - Timeout '0' is invalid. Using default page load timeout: '30'

2024-04-08 01:41:18 - [MESSAGE][PASSED] - Tapped on element 'Object Repository/Authorization Page/account_login_button'

2024-04-08 01:41:18 - [MESSAGE][WARNING] - Timeout '0' is invalid. Using default page load timeout: '30'

2024-04-08 01:41:20 - [MESSAGE][PASSED] - Element 'Object Repository/Authorization Page/login_input_email' is present

2024-04-08 01:41:20 - [MESSAGE][WARNING] - Timeout '0' is invalid. Using default page load timeout: '30'

2024-04-08 01:41:20 - [MESSAGE][PASSED] - Element 'Object Repository/Authorization Page/login_input_password' is present

2024-04-08 01:41:20 - [MESSAGE][WARNING] - Timeout '0' is invalid. Using default page load timeout: '30'

2024-04-08 01:41:20 - [MESSAGE][PASSED] - Element 'Object Repository/Authorization Page/login_input_email' is visible

2024-04-08 01:41:20 - [MESSAGE][WARNING] - Timeout '0' is invalid. Using default page load timeout: '30'

2024-04-08 01:41:20 - [MESSAGE][PASSED] - Element 'Object Repository/Authorization Page/login_input_password' is visible

2024-04-08 01:41:20 - [MESSAGE][WARNING] - Timeout '0' is invalid. Using default page load timeout: '30'

2024-04-08 01:41:22 - [MESSAGE][PASSED] - Text 'bb@mail.com' has been set to element 'Object Repository/Authorization Page/login_input_email'

2024-04-08 01:41:22 - [MESSAGE][WARNING] - Timeout '0' is invalid. Using default page load timeout: '30'

2024-04-08 01:41:23 - [MESSAGE][PASSED] - Text 'bb@mail.com' has been set to element 'Object Repository/Authorization Page/login_input_password'

2024-04-08 01:41:23 - [MESSAGE][WARNING] - Timeout '0' is invalid. Using default page load timeout: '30'

2024-04-08 01:41:23 - [MESSAGE][PASSED] - Element 'Object Repository/Authorization Page/login_login_button' is present

2024-04-08 01:41:23 - [MESSAGE][WARNING] - Timeout '0' is invalid. Using default page load timeout: '30'

2024-04-08 01:41:24 - [MESSAGE][PASSED] - Element 'Object Repository/Authorization Page/login_login_button' is visible

2024-04-08 01:41:24 - [MESSAGE][WARNING] - Timeout '0' is invalid. Using default page load timeout: '30'

2024-04-08 01:41:24 - [MESSAGE][PASSED] - Tapped on element 'Object Repository/Authorization Page/login_login_button'

2024-04-08 01:41:24 - [MESSAGE][WARNING] - Timeout '0' is invalid. Using default page load timeout: '30'

2024-04-08 01:41:25 - [MESSAGE][PASSED] - Element 'Object Repository/Account/button_my_order' is present

2024-04-08 01:41:26 - [MESSAGE][WARNING] - Timeout '0' is invalid. Using default page load timeout: '30'

2024-04-08 01:41:26 - [MESSAGE][PASSED] - Element 'Object Repository/Account/button_log_out' is present

2024-04-08 01:41:26 - [MESSAGE][WARNING] - Timeout '0' is invalid. Using default page load timeout: '30'

2024-04-08 01:41:26 - [MESSAGE][PASSED] - Element 'Object Repository/Account/button_my_order' is visible

2024-04-08 01:41:27 - [MESSAGE][WARNING] - Timeout '0' is invalid. Using default page load timeout: '30'

2024-04-08 01:41:27 - [MESSAGE][PASSED] - Element 'Object Repository/Account/button_log_out' is visible

2024-04-08 01:41:27 - [MESSAGE][WARNING] - Timeout '0' is invalid. Using default page load timeout: '30'

2024-04-08 01:41:27 - [MESSAGE][PASSED] - Element 'Object Repository/Home Page/btn_add_product' is present

2024-04-08 01:41:27 - [MESSAGE][WARNING] - Timeout '0' is invalid. Using default page load timeout: '30'

2024-04-08 01:41:27 - [MESSAGE][PASSED] - Element 'Object Repository/Home Page/btn_add_product' is visible

2024-04-08 01:41:27 - [MESSAGE][WARNING] - Timeout '0' is invalid. Using default page load timeout: '30'

2024-04-08 01:41:27 - [MESSAGE][PASSED] - Tapped on element 'Object Repository/Home Page/btn_add_product'

2024-04-08 01:41:27 - [MESSAGE][WARNING] - Timeout '0' is invalid. Using default page load timeout: '30'

2024-04-08 01:41:29 - [MESSAGE][PASSED] - Text 'Foto abstrak keren' has been set to element 'Object Repository/Home Page/Add Product Page/input_product_name'

2024-04-08 01:41:29 - [MESSAGE][WARNING] - Timeout '0' is invalid. Using default page load timeout: '30'

2024-04-08 01:41:30 - [MESSAGE][PASSED] - Tapped on element 'Object Repository/Home Page/Add Product Page/input_product_category'

2024-04-08 01:41:30 - [MESSAGE][WARNING] - Timeout '0' is invalid. Using default page load timeout: '30'

2024-04-08 01:41:32 - [MESSAGE][PASSED] - Tapped on element 'Object Repository/Home Page/Add Product Page/btn_elektronic_category'

2024-04-08 01:41:32 - [MESSAGE][WARNING] - Timeout '0' is invalid. Using default page load timeout: '30'

2024-04-08 01:41:35 - [MESSAGE][PASSED] - Text 'Galery Nasional' has been set to element 'Object Repository/Home Page/Add Product Page/input_product_location'

2024-04-08 01:41:35 - [MESSAGE][WARNING] - Timeout '0' is invalid. Using default page load timeout: '30'

2024-04-08 01:41:36 - [MESSAGE][PASSED] - Text 'foto keren jangan dihujat' has been set to element 'Object Repository/Home Page/Add Product Page/input_product_description'

2024-04-08 01:41:37 - [MESSAGE][PASSED] - Keyboard is hidden

2024-04-08 01:41:37 - [MESSAGE][WARNING] - Timeout '0' is invalid. Using default page load timeout: '30'

2024-04-08 01:41:37 - [MESSAGE][PASSED] - Tapped on element 'Object Repository/Home Page/Add Product Page/input_product_image'

2024-04-08 01:41:37 - [MESSAGE][WARNING] - Timeout '0' is invalid. Using default page load timeout: '30'

2024-04-08 01:41:38 - [MESSAGE][PASSED] - Tapped on element 'Object Repository/Home Page/Add Product Page/btn_galery'

2024-04-08 01:41:38 - [MESSAGE][WARNING] - Timeout '0' is invalid. Using default page load timeout: '30'

2024-04-08 01:41:40 - [MESSAGE][PASSED] - Tapped on element 'Object Repository/Home Page/Add Product Page/image_first'

2024-04-08 01:41:40 - [MESSAGE][WARNING] - Timeout '0' is invalid. Using default page load timeout: '30'

2024-04-08 01:41:41 - [MESSAGE][PASSED] - Tapped on element 'Object Repository/Home Page/Add Product Page/btn_publish'

2024-04-08 01:41:41 - [MESSAGE][WARNING] - Timeout '0' is invalid. Using default page load timeout: '30'

2024-04-08 01:41:43 - [MESSAGE][PASSED] - Element 'Object Repository/Home Page/Add Product Page/warning_price' is present

2024-04-08 01:41:43 - [MESSAGE][WARNING] - Timeout '0' is invalid. Using default page load timeout: '30'

2024-04-08 01:41:43 - [MESSAGE][PASSED] - Element 'Object Repository/Home Page/Add Product Page/text_add_product' is present

2024-04-08 01:41:43 - [MESSAGE][WARNING] - Timeout '0' is invalid. Using default page load timeout: '30'

2024-04-08 01:41:43 - [MESSAGE][PASSED] - Element 'Object Repository/Home Page/Add Product Page/warning_price' is visible

2024-04-08 01:41:43 - [MESSAGE][WARNING] - Timeout '0' is invalid. Using default page load timeout: '30'

2024-04-08 01:41:44 - [MESSAGE][PASSED] - Element 'Object Repository/Home Page/Add Product Page/text_add_product' is visible

2024-04-08 01:41:44 - [MESSAGE][INFO] - User set preference: ['appWaitActivity', '*']

2024-04-08 01:41:44 - [MESSAGE][INFO] - User set preference: ['appWaitforLaunch', 'false']

2024-04-08 01:41:44 - [MESSAGE][INFO] - User set preference: ['deviceId', '']

2024-04-08 01:41:56 - [MESSAGE][PASSED] - Started app at: 'C:\Users\mhani\Katalon Studio\K3 - Android Automation\Apk\app-debug.apk'

2024-04-08 01:41:56 - [MESSAGE][WARNING] - Timeout '0' is invalid. Using default page load timeout: '30'

2024-04-08 01:42:00 - [MESSAGE][PASSED] - Element 'Object Repository/Account/icon_account' is present

2024-04-08 01:42:00 - [MESSAGE][WARNING] - Timeout '0' is invalid. Using default page load timeout: '30'

2024-04-08 01:42:01 - [MESSAGE][PASSED] - Element 'Object Repository/Home Page/btn_add_product' is present

2024-04-08 01:42:01 - [MESSAGE][WARNING] - Timeout '0' is invalid. Using default page load timeout: '30'

2024-04-08 01:42:01 - [MESSAGE][PASSED] - Element 'Object Repository/Account/icon_account' is visible

2024-04-08 01:42:01 - [MESSAGE][WARNING] - Timeout '0' is invalid. Using default page load timeout: '30'

2024-04-08 01:42:01 - [MESSAGE][PASSED] - Element 'Object Repository/Home Page/btn_add_product' is visible

2024-04-08 01:42:01 - [MESSAGE][WARNING] - Timeout '0' is invalid. Using default page load timeout: '30'

2024-04-08 01:42:02 - [MESSAGE][PASSED] - Tapped on element 'Object Repository/Account/icon_account'

2024-04-08 01:42:02 - [MESSAGE][WARNING] - Timeout '0' is invalid. Using default page load timeout: '30'

2024-04-08 01:42:02 - [MESSAGE][PASSED] - Element 'Object Repository/Authorization Page/account_login_button' is present

2024-04-08 01:42:02 - [MESSAGE][WARNING] - Timeout '0' is invalid. Using default page load timeout: '30'

2024-04-08 01:42:03 - [MESSAGE][PASSED] - Element 'Object Repository/Authorization Page/account_login_button' is visible

2024-04-08 01:42:03 - [MESSAGE][WARNING] - Timeout '0' is invalid. Using default page load timeout: '30'

2024-04-08 01:42:03 - [MESSAGE][PASSED] - Tapped on element 'Object Repository/Authorization Page/account_login_button'

2024-04-08 01:42:03 - [MESSAGE][WARNING] - Timeout '0' is invalid. Using default page load timeout: '30'

2024-04-08 01:42:04 - [MESSAGE][PASSED] - Element 'Object Repository/Authorization Page/login_input_email' is present

2024-04-08 01:42:04 - [MESSAGE][WARNING] - Timeout '0' is invalid. Using default page load timeout: '30'

2024-04-08 01:42:05 - [MESSAGE][PASSED] - Element 'Object Repository/Authorization Page/login_input_password' is present

2024-04-08 01:42:05 - [MESSAGE][WARNING] - Timeout '0' is invalid. Using default page load timeout: '30'

2024-04-08 01:42:05 - [MESSAGE][PASSED] - Element 'Object Repository/Authorization Page/login_input_email' is visible

2024-04-08 01:42:05 - [MESSAGE][WARNING] - Timeout '0' is invalid. Using default page load timeout: '30'

2024-04-08 01:42:05 - [MESSAGE][PASSED] - Element 'Object Repository/Authorization Page/login_input_password' is visible

2024-04-08 01:42:05 - [MESSAGE][WARNING] - Timeout '0' is invalid. Using default page load timeout: '30'

2024-04-08 01:42:06 - [MESSAGE][PASSED] - Text 'bb@mail.com' has been set to element 'Object Repository/Authorization Page/login_input_email'

2024-04-08 01:42:06 - [MESSAGE][WARNING] - Timeout '0' is invalid. Using default page load timeout: '30'

2024-04-08 01:42:07 - [MESSAGE][PASSED] - Text 'bb@mail.com' has been set to element 'Object Repository/Authorization Page/login_input_password'

2024-04-08 01:42:08 - [MESSAGE][WARNING] - Timeout '0' is invalid. Using default page load timeout: '30'

2024-04-08 01:42:08 - [MESSAGE][PASSED] - Element 'Object Repository/Authorization Page/login_login_button' is present

2024-04-08 01:42:08 - [MESSAGE][WARNING] - Timeout '0' is invalid. Using default page load timeout: '30'

2024-04-08 01:42:08 - [MESSAGE][PASSED] - Element 'Object Repository/Authorization Page/login_login_button' is visible

2024-04-08 01:42:08 - [MESSAGE][WARNING] - Timeout '0' is invalid. Using default page load timeout: '30'

2024-04-08 01:42:08 - [MESSAGE][PASSED] - Tapped on element 'Object Repository/Authorization Page/login_login_button'

2024-04-08 01:42:09 - [MESSAGE][WARNING] - Timeout '0' is invalid. Using default page load timeout: '30'

2024-04-08 01:42:10 - [MESSAGE][PASSED] - Element 'Object Repository/Account/button_my_order' is present

2024-04-08 01:42:10 - [MESSAGE][WARNING] - Timeout '0' is invalid. Using default page load timeout: '30'

2024-04-08 01:42:11 - [MESSAGE][PASSED] - Element 'Object Repository/Account/button_log_out' is present

2024-04-08 01:42:11 - [MESSAGE][WARNING] - Timeout '0' is invalid. Using default page load timeout: '30'

2024-04-08 01:42:11 - [MESSAGE][PASSED] - Element 'Object Repository/Account/button_my_order' is visible

2024-04-08 01:42:11 - [MESSAGE][WARNING] - Timeout '0' is invalid. Using default page load timeout: '30'

2024-04-08 01:42:11 - [MESSAGE][PASSED] - Element 'Object Repository/Account/button_log_out' is visible

2024-04-08 01:42:12 - [MESSAGE][WARNING] - Timeout '0' is invalid. Using default page load timeout: '30'

2024-04-08 01:42:12 - [MESSAGE][PASSED] - Element 'Object Repository/Home Page/btn_add_product' is present

2024-04-08 01:42:12 - [MESSAGE][WARNING] - Timeout '0' is invalid. Using default page load timeout: '30'

2024-04-08 01:42:12 - [MESSAGE][PASSED] - Element 'Object Repository/Home Page/btn_add_product' is visible

2024-04-08 01:42:12 - [MESSAGE][WARNING] - Timeout '0' is invalid. Using default page load timeout: '30'

2024-04-08 01:42:12 - [MESSAGE][PASSED] - Tapped on element 'Object Repository/Home Page/btn_add_product'

2024-04-08 01:42:12 - [MESSAGE][WARNING] - Timeout '0' is invalid. Using default page load timeout: '30'

2024-04-08 01:42:14 - [MESSAGE][PASSED] - Text 'Foto abstrak keren' has been set to element 'Object Repository/Home Page/Add Product Page/input_product_name'

2024-04-08 01:42:14 - [MESSAGE][WARNING] - Timeout '0' is invalid. Using default page load timeout: '30'

2024-04-08 01:42:16 - [MESSAGE][PASSED] - Text '55000' has been set to element 'Object Repository/Home Page/Add Product Page/input_product_price'

2024-04-08 01:42:16 - [MESSAGE][WARNING] - Timeout '0' is invalid. Using default page load timeout: '30'

2024-04-08 01:42:17 - [MESSAGE][PASSED] - Tapped on element 'Object Repository/Home Page/Add Product Page/input_product_category'

2024-04-08 01:42:17 - [MESSAGE][WARNING] - Timeout '0' is invalid. Using default page load timeout: '30'

2024-04-08 01:42:19 - [MESSAGE][PASSED] - Tapped on element 'Object Repository/Home Page/Add Product Page/btn_elektronic_category'

2024-04-08 01:42:19 - [MESSAGE][WARNING] - Timeout '0' is invalid. Using default page load timeout: '30'

2024-04-08 01:42:22 - [MESSAGE][PASSED] - Text 'foto keren jangan dihujat' has been set to element 'Object Repository/Home Page/Add Product Page/input_product_description'

2024-04-08 01:42:22 - [MESSAGE][PASSED] - Keyboard is hidden

2024-04-08 01:42:22 - [MESSAGE][WARNING] - Timeout '0' is invalid. Using default page load timeout: '30'

2024-04-08 01:42:22 - [MESSAGE][PASSED] - Tapped on element 'Object Repository/Home Page/Add Product Page/input_product_image'

2024-04-08 01:42:22 - [MESSAGE][WARNING] - Timeout '0' is invalid. Using default page load timeout: '30'

2024-04-08 01:42:24 - [MESSAGE][PASSED] - Tapped on element 'Object Repository/Home Page/Add Product Page/btn_galery'

2024-04-08 01:42:24 - [MESSAGE][WARNING] - Timeout '0' is invalid. Using default page load timeout: '30'

2024-04-08 01:42:26 - [MESSAGE][PASSED] - Tapped on element 'Object Repository/Home Page/Add Product Page/image_first'

2024-04-08 01:42:26 - [MESSAGE][WARNING] - Timeout '0' is invalid. Using default page load timeout: '30'

2024-04-08 01:42:27 - [MESSAGE][PASSED] - Tapped on element 'Object Repository/Home Page/Add Product Page/btn_publish'

2024-04-08 01:42:27 - [MESSAGE][WARNING] - Timeout '0' is invalid. Using default page load timeout: '30'

2024-04-08 01:42:29 - [MESSAGE][PASSED] - Element 'Object Repository/Home Page/Add Product Page/warning_location' is present

2024-04-08 01:42:29 - [MESSAGE][WARNING] - Timeout '0' is invalid. Using default page load timeout: '30'

2024-04-08 01:42:29 - [MESSAGE][PASSED] - Element 'Object Repository/Home Page/Add Product Page/text_add_product' is present

2024-04-08 01:42:29 - [MESSAGE][WARNING] - Timeout '0' is invalid. Using default page load timeout: '30'

2024-04-08 01:42:30 - [MESSAGE][PASSED] - Element 'Object Repository/Home Page/Add Product Page/warning_location' is visible

2024-04-08 01:42:30 - [MESSAGE][WARNING] - Timeout '0' is invalid. Using default page load timeout: '30'

2024-04-08 01:42:30 - [MESSAGE][PASSED] - Element 'Object Repository/Home Page/Add Product Page/text_add_product' is visible

2024-04-08 01:42:30 - [MESSAGE][INFO] - User set preference: ['appWaitActivity', '*']

2024-04-08 01:42:30 - [MESSAGE][INFO] - User set preference: ['appWaitforLaunch', 'false']

2024-04-08 01:42:30 - [MESSAGE][INFO] - User set preference: ['deviceId', '']

2024-04-08 01:42:43 - [MESSAGE][PASSED] - Started app at: 'C:\Users\mhani\Katalon Studio\K3 - Android Automation\Apk\app-debug.apk'

2024-04-08 01:42:43 - [MESSAGE][WARNING] - Timeout '0' is invalid. Using default page load timeout: '30'

2024-04-08 01:42:47 - [MESSAGE][PASSED] - Element 'Object Repository/Account/icon_account' is present

2024-04-08 01:42:47 - [MESSAGE][WARNING] - Timeout '0' is invalid. Using default page load timeout: '30'

2024-04-08 01:42:47 - [MESSAGE][PASSED] - Element 'Object Repository/Home Page/btn_add_product' is present

2024-04-08 01:42:47 - [MESSAGE][WARNING] - Timeout '0' is invalid. Using default page load timeout: '30'

2024-04-08 01:42:48 - [MESSAGE][PASSED] - Element 'Object Repository/Account/icon_account' is visible

2024-04-08 01:42:48 - [MESSAGE][WARNING] - Timeout '0' is invalid. Using default page load timeout: '30'

2024-04-08 01:42:48 - [MESSAGE][PASSED] - Element 'Object Repository/Home Page/btn_add_product' is visible

2024-04-08 01:42:48 - [MESSAGE][WARNING] - Timeout '0' is invalid. Using default page load timeout: '30'

2024-04-08 01:42:49 - [MESSAGE][PASSED] - Tapped on element 'Object Repository/Account/icon_account'

2024-04-08 01:42:49 - [MESSAGE][WARNING] - Timeout '0' is invalid. Using default page load timeout: '30'

2024-04-08 01:42:50 - [MESSAGE][PASSED] - Element 'Object Repository/Authorization Page/account_login_button' is present

2024-04-08 01:42:50 - [MESSAGE][WARNING] - Timeout '0' is invalid. Using default page load timeout: '30'

2024-04-08 01:42:50 - [MESSAGE][PASSED] - Element 'Object Repository/Authorization Page/account_login_button' is visible

2024-04-08 01:42:50 - [MESSAGE][WARNING] - Timeout '0' is invalid. Using default page load timeout: '30'

2024-04-08 01:42:51 - [MESSAGE][PASSED] - Tapped on element 'Object Repository/Authorization Page/account_login_button'

2024-04-08 01:42:51 - [MESSAGE][WARNING] - Timeout '0' is invalid. Using default page load timeout: '30'

2024-04-08 01:42:52 - [MESSAGE][PASSED] - Element 'Object Repository/Authorization Page/login_input_email' is present

2024-04-08 01:42:52 - [MESSAGE][WARNING] - Timeout '0' is invalid. Using default page load timeout: '30'

2024-04-08 01:42:52 - [MESSAGE][PASSED] - Element 'Object Repository/Authorization Page/login_input_password' is present

2024-04-08 01:42:52 - [MESSAGE][WARNING] - Timeout '0' is invalid. Using default page load timeout: '30'

2024-04-08 01:42:53 - [MESSAGE][PASSED] - Element 'Object Repository/Authorization Page/login_input_email' is visible

2024-04-08 01:42:53 - [MESSAGE][WARNING] - Timeout '0' is invalid. Using default page load timeout: '30'

2024-04-08 01:42:53 - [MESSAGE][PASSED] - Element 'Object Repository/Authorization Page/login_input_password' is visible

2024-04-08 01:42:53 - [MESSAGE][WARNING] - Timeout '0' is invalid. Using default page load timeout: '30'

2024-04-08 01:42:54 - [MESSAGE][PASSED] - Text 'bb@mail.com' has been set to element 'Object Repository/Authorization Page/login_input_email'

2024-04-08 01:42:54 - [MESSAGE][WARNING] - Timeout '0' is invalid. Using default page load timeout: '30'

2024-04-08 01:42:55 - [MESSAGE][PASSED] - Text 'bb@mail.com' has been set to element 'Object Repository/Authorization Page/login_input_password'

2024-04-08 01:42:55 - [MESSAGE][WARNING] - Timeout '0' is invalid. Using default page load timeout: '30'

2024-04-08 01:42:56 - [MESSAGE][PASSED] - Element 'Object Repository/Authorization Page/login_login_button' is present

2024-04-08 01:42:56 - [MESSAGE][WARNING] - Timeout '0' is invalid. Using default page load timeout: '30'

2024-04-08 01:42:56 - [MESSAGE][PASSED] - Element 'Object Repository/Authorization Page/login_login_button' is visible

2024-04-08 01:42:56 - [MESSAGE][WARNING] - Timeout '0' is invalid. Using default page load timeout: '30'

2024-04-08 01:42:56 - [MESSAGE][PASSED] - Tapped on element 'Object Repository/Authorization Page/login_login_button'

2024-04-08 01:42:56 - [MESSAGE][WARNING] - Timeout '0' is invalid. Using default page load timeout: '30'

2024-04-08 01:42:58 - [MESSAGE][PASSED] - Element 'Object Repository/Account/button_my_order' is present

2024-04-08 01:42:58 - [MESSAGE][WARNING] - Timeout '0' is invalid. Using default page load timeout: '30'

2024-04-08 01:42:59 - [MESSAGE][PASSED] - Element 'Object Repository/Account/button_log_out' is present

2024-04-08 01:42:59 - [MESSAGE][WARNING] - Timeout '0' is invalid. Using default page load timeout: '30'

2024-04-08 01:43:00 - [MESSAGE][PASSED] - Element 'Object Repository/Account/button_my_order' is visible

2024-04-08 01:43:00 - [MESSAGE][WARNING] - Timeout '0' is invalid. Using default page load timeout: '30'

2024-04-08 01:43:00 - [MESSAGE][PASSED] - Element 'Object Repository/Account/button_log_out' is visible

2024-04-08 01:43:00 - [MESSAGE][WARNING] - Timeout '0' is invalid. Using default page load timeout: '30'

2024-04-08 01:43:00 - [MESSAGE][PASSED] - Element 'Object Repository/Home Page/btn_add_product' is present

2024-04-08 01:43:00 - [MESSAGE][WARNING] - Timeout '0' is invalid. Using default page load timeout: '30'

2024-04-08 01:43:00 - [MESSAGE][PASSED] - Element 'Object Repository/Home Page/btn_add_product' is visible

2024-04-08 01:43:00 - [MESSAGE][WARNING] - Timeout '0' is invalid. Using default page load timeout: '30'

2024-04-08 01:43:01 - [MESSAGE][PASSED] - Tapped on element 'Object Repository/Home Page/btn_add_product'

2024-04-08 01:43:01 - [MESSAGE][WARNING] - Timeout '0' is invalid. Using default page load timeout: '30'

2024-04-08 01:43:03 - [MESSAGE][PASSED] - Text 'Foto abstrak keren' has been set to element 'Object Repository/Home Page/Add Product Page/input_product_name'

2024-04-08 01:43:03 - [MESSAGE][WARNING] - Timeout '0' is invalid. Using default page load timeout: '30'

2024-04-08 01:43:05 - [MESSAGE][PASSED] - Text '55000' has been set to element 'Object Repository/Home Page/Add Product Page/input_product_price'

2024-04-08 01:43:05 - [MESSAGE][WARNING] - Timeout '0' is invalid. Using default page load timeout: '30'

2024-04-08 01:43:06 - [MESSAGE][PASSED] - Tapped on element 'Object Repository/Home Page/Add Product Page/input_product_category'

2024-04-08 01:43:06 - [MESSAGE][WARNING] - Timeout '0' is invalid. Using default page load timeout: '30'

2024-04-08 01:43:08 - [MESSAGE][PASSED] - Tapped on element 'Object Repository/Home Page/Add Product Page/btn_elektronic_category'

2024-04-08 01:43:09 - [MESSAGE][PASSED] - Keyboard is hidden

2024-04-08 01:43:09 - [MESSAGE][WARNING] - Timeout '0' is invalid. Using default page load timeout: '30'

2024-04-08 01:43:11 - [MESSAGE][PASSED] - Text 'Galery Nasional' has been set to element 'Object Repository/Home Page/Add Product Page/input_product_location'

2024-04-08 01:43:11 - [MESSAGE][WARNING] - Timeout '0' is invalid. Using default page load timeout: '30'

2024-04-08 01:43:12 - [MESSAGE][PASSED] - Tapped on element 'Object Repository/Home Page/Add Product Page/input_product_image'

2024-04-08 01:43:12 - [MESSAGE][WARNING] - Timeout '0' is invalid. Using default page load timeout: '30'

2024-04-08 01:43:13 - [MESSAGE][PASSED] - Tapped on element 'Object Repository/Home Page/Add Product Page/btn_galery'

2024-04-08 01:43:13 - [MESSAGE][WARNING] - Timeout '0' is invalid. Using default page load timeout: '30'

2024-04-08 01:43:15 - [MESSAGE][PASSED] - Tapped on element 'Object Repository/Home Page/Add Product Page/image_first'

2024-04-08 01:43:15 - [MESSAGE][WARNING] - Timeout '0' is invalid. Using default page load timeout: '30'

2024-04-08 01:43:16 - [MESSAGE][PASSED] - Tapped on element 'Object Repository/Home Page/Add Product Page/btn_publish'

2024-04-08 01:43:16 - [MESSAGE][WARNING] - Timeout '0' is invalid. Using default page load timeout: '30'

2024-04-08 01:43:17 - [MESSAGE][PASSED] - Element 'Object Repository/Home Page/Add Product Page/warning_description' is present

2024-04-08 01:43:17 - [MESSAGE][WARNING] - Timeout '0' is invalid. Using default page load timeout: '30'

2024-04-08 01:43:17 - [MESSAGE][PASSED] - Element 'Object Repository/Home Page/Add Product Page/text_add_product' is present

2024-04-08 01:43:17 - [MESSAGE][WARNING] - Timeout '0' is invalid. Using default page load timeout: '30'

2024-04-08 01:43:18 - [MESSAGE][PASSED] - Element 'Object Repository/Home Page/Add Product Page/warning_description' is visible

2024-04-08 01:43:18 - [MESSAGE][WARNING] - Timeout '0' is invalid. Using default page load timeout: '30'

2024-04-08 01:43:18 - [MESSAGE][PASSED] - Element 'Object Repository/Home Page/Add Product Page/text_add_product' is visible

2024-04-08 01:43:18 - [MESSAGE][INFO] - User set preference: ['appWaitActivity', '*']

2024-04-08 01:43:18 - [MESSAGE][INFO] - User set preference: ['appWaitforLaunch', 'false']

2024-04-08 01:43:18 - [MESSAGE][INFO] - User set preference: ['deviceId', '']

2024-04-08 01:43:30 - [MESSAGE][PASSED] - Started app at: 'C:\Users\mhani\Katalon Studio\K3 - Android Automation\Apk\app-debug.apk'

2024-04-08 01:43:30 - [MESSAGE][WARNING] - Timeout '0' is invalid. Using default page load timeout: '30'

2024-04-08 01:43:35 - [MESSAGE][PASSED] - Element 'Object Repository/Account/icon_account' is present

2024-04-08 01:43:35 - [MESSAGE][WARNING] - Timeout '0' is invalid. Using default page load timeout: '30'

2024-04-08 01:43:35 - [MESSAGE][PASSED] - Element 'Object Repository/Home Page/btn_add_product' is present

2024-04-08 01:43:35 - [MESSAGE][WARNING] - Timeout '0' is invalid. Using default page load timeout: '30'

2024-04-08 01:43:35 - [MESSAGE][PASSED] - Element 'Object Repository/Account/icon_account' is visible

2024-04-08 01:43:35 - [MESSAGE][WARNING] - Timeout '0' is invalid. Using default page load timeout: '30'

2024-04-08 01:43:35 - [MESSAGE][PASSED] - Element 'Object Repository/Home Page/btn_add_product' is visible

2024-04-08 01:43:36 - [MESSAGE][WARNING] - Timeout '0' is invalid. Using default page load timeout: '30'

2024-04-08 01:43:36 - [MESSAGE][PASSED] - Tapped on element 'Object Repository/Account/icon_account'

2024-04-08 01:43:36 - [MESSAGE][WARNING] - Timeout '0' is invalid. Using default page load timeout: '30'

2024-04-08 01:43:37 - [MESSAGE][PASSED] - Element 'Object Repository/Authorization Page/account_login_button' is present

2024-04-08 01:43:37 - [MESSAGE][WARNING] - Timeout '0' is invalid. Using default page load timeout: '30'

2024-04-08 01:43:37 - [MESSAGE][PASSED] - Element 'Object Repository/Authorization Page/account_login_button' is visible

2024-04-08 01:43:37 - [MESSAGE][WARNING] - Timeout '0' is invalid. Using default page load timeout: '30'

2024-04-08 01:43:37 - [MESSAGE][PASSED] - Tapped on element 'Object Repository/Authorization Page/account_login_button'

2024-04-08 01:43:37 - [MESSAGE][WARNING] - Timeout '0' is invalid. Using default page load timeout: '30'

2024-04-08 01:43:39 - [MESSAGE][PASSED] - Element 'Object Repository/Authorization Page/login_input_email' is present

2024-04-08 01:43:39 - [MESSAGE][WARNING] - Timeout '0' is invalid. Using default page load timeout: '30'

2024-04-08 01:43:39 - [MESSAGE][PASSED] - Element 'Object Repository/Authorization Page/login_input_password' is present

2024-04-08 01:43:39 - [MESSAGE][WARNING] - Timeout '0' is invalid. Using default page load timeout: '30'

2024-04-08 01:43:39 - [MESSAGE][PASSED] - Element 'Object Repository/Authorization Page/login_input_email' is visible

2024-04-08 01:43:39 - [MESSAGE][WARNING] - Timeout '0' is invalid. Using default page load timeout: '30'

2024-04-08 01:43:39 - [MESSAGE][PASSED] - Element 'Object Repository/Authorization Page/login_input_password' is visible

2024-04-08 01:43:39 - [MESSAGE][WARNING] - Timeout '0' is invalid. Using default page load timeout: '30'

2024-04-08 01:43:41 - [MESSAGE][PASSED] - Text 'bb@mail.com' has been set to element 'Object Repository/Authorization Page/login_input_email'

2024-04-08 01:43:41 - [MESSAGE][WARNING] - Timeout '0' is invalid. Using default page load timeout: '30'

2024-04-08 01:43:42 - [MESSAGE][PASSED] - Text 'bb@mail.com' has been set to element 'Object Repository/Authorization Page/login_input_password'

2024-04-08 01:43:42 - [MESSAGE][WARNING] - Timeout '0' is invalid. Using default page load timeout: '30'

2024-04-08 01:43:42 - [MESSAGE][PASSED] - Element 'Object Repository/Authorization Page/login_login_button' is present

2024-04-08 01:43:42 - [MESSAGE][WARNING] - Timeout '0' is invalid. Using default page load timeout: '30'

2024-04-08 01:43:43 - [MESSAGE][PASSED] - Element 'Object Repository/Authorization Page/login_login_button' is visible

2024-04-08 01:43:43 - [MESSAGE][WARNING] - Timeout '0' is invalid. Using default page load timeout: '30'

2024-04-08 01:43:43 - [MESSAGE][PASSED] - Tapped on element 'Object Repository/Authorization Page/login_login_button'

2024-04-08 01:43:43 - [MESSAGE][WARNING] - Timeout '0' is invalid. Using default page load timeout: '30'

2024-04-08 01:43:45 - [MESSAGE][PASSED] - Element 'Object Repository/Account/button_my_order' is present

2024-04-08 01:43:45 - [MESSAGE][WARNING] - Timeout '0' is invalid. Using default page load timeout: '30'

2024-04-08 01:43:46 - [MESSAGE][PASSED] - Element 'Object Repository/Account/button_log_out' is present

2024-04-08 01:43:46 - [MESSAGE][WARNING] - Timeout '0' is invalid. Using default page load timeout: '30'

2024-04-08 01:43:46 - [MESSAGE][PASSED] - Element 'Object Repository/Account/button_my_order' is visible

2024-04-08 01:43:46 - [MESSAGE][WARNING] - Timeout '0' is invalid. Using default page load timeout: '30'

2024-04-08 01:43:46 - [MESSAGE][PASSED] - Element 'Object Repository/Account/button_log_out' is visible

2024-04-08 01:43:46 - [MESSAGE][WARNING] - Timeout '0' is invalid. Using default page load timeout: '30'

2024-04-08 01:43:46 - [MESSAGE][PASSED] - Element 'Object Repository/Home Page/btn_add_product' is present

2024-04-08 01:43:46 - [MESSAGE][WARNING] - Timeout '0' is invalid. Using default page load timeout: '30'

2024-04-08 01:43:46 - [MESSAGE][PASSED] - Element 'Object Repository/Home Page/btn_add_product' is visible

2024-04-08 01:43:47 - [MESSAGE][WARNING] - Timeout '0' is invalid. Using default page load timeout: '30'

2024-04-08 01:43:47 - [MESSAGE][PASSED] - Tapped on element 'Object Repository/Home Page/btn_add_product'

2024-04-08 01:43:47 - [MESSAGE][WARNING] - Timeout '0' is invalid. Using default page load timeout: '30'

2024-04-08 01:43:49 - [MESSAGE][PASSED] - Text 'Foto abstrak keren' has been set to element 'Object Repository/Home Page/Add Product Page/input_product_name'

2024-04-08 01:43:49 - [MESSAGE][WARNING] - Timeout '0' is invalid. Using default page load timeout: '30'

2024-04-08 01:43:51 - [MESSAGE][PASSED] - Text '55000' has been set to element 'Object Repository/Home Page/Add Product Page/input_product_price'

2024-04-08 01:43:51 - [MESSAGE][WARNING] - Timeout '0' is invalid. Using default page load timeout: '30'

2024-04-08 01:43:52 - [MESSAGE][PASSED] - Tapped on element 'Object Repository/Home Page/Add Product Page/input_product_category'

2024-04-08 01:43:52 - [MESSAGE][WARNING] - Timeout '0' is invalid. Using default page load timeout: '30'

2024-04-08 01:43:54 - [MESSAGE][PASSED] - Tapped on element 'Object Repository/Home Page/Add Product Page/btn_elektronic_category'

2024-04-08 01:43:54 - [MESSAGE][WARNING] - Timeout '0' is invalid. Using default page load timeout: '30'

2024-04-08 01:43:56 - [MESSAGE][PASSED] - Text 'Galery Nasional' has been set to element 'Object Repository/Home Page/Add Product Page/input_product_location'

2024-04-08 01:43:56 - [MESSAGE][WARNING] - Timeout '0' is invalid. Using default page load timeout: '30'

2024-04-08 01:43:58 - [MESSAGE][PASSED] - Text 'foto keren jangan dihujat' has been set to element 'Object Repository/Home Page/Add Product Page/input_product_description'

2024-04-08 01:43:58 - [MESSAGE][PASSED] - Keyboard is hidden

2024-04-08 01:43:58 - [MESSAGE][WARNING] - Timeout '0' is invalid. Using default page load timeout: '30'

2024-04-08 01:43:59 - [MESSAGE][PASSED] - Tapped on element 'Object Repository/Home Page/Add Product Page/input_product_image'

2024-04-08 01:43:59 - [MESSAGE][WARNING] - Timeout '0' is invalid. Using default page load timeout: '30'

2024-04-08 01:44:00 - [MESSAGE][PASSED] - Tapped on element 'Object Repository/Home Page/Add Product Page/btn_galery'

2024-04-08 01:44:01 - [MESSAGE][WARNING] - Timeout '0' is invalid. Using default page load timeout: '30'

2024-04-08 01:44:03 - [MESSAGE][PASSED] - Tapped on element 'Object Repository/Home Page/Add Product Page/image_first'

2024-04-08 01:44:03 - [MESSAGE][WARNING] - Timeout '0' is invalid. Using default page load timeout: '30'

2024-04-08 01:44:04 - [MESSAGE][PASSED] - Tapped on element 'Object Repository/Home Page/Add Product Page/btn_publish'

2024-04-08 01:44:04 - [MESSAGE][WARNING] - Timeout '0' is invalid. Using default page load timeout: '30'

2024-04-08 01:44:07 - [MESSAGE][PASSED] - Element 'Object Repository/Account/My List Product/text_my_sell_list' is present

2024-04-08 01:44:07 - [MESSAGE][WARNING] - Timeout '0' is invalid. Using default page load timeout: '30'

2024-04-08 01:44:07 - [MESSAGE][PASSED] - Element 'Object Repository/Account/My List Product/text_my_sell_list' is visible

2024-04-08 01:44:07 - [MESSAGE][WARNING] - Timeout '0' is invalid. Using default page load timeout: '30'

2024-04-08 01:44:08 - [MESSAGE][PASSED] - Tapped on element 'Object Repository/Account/My List Product/btn_back_my_sell_list'

2024-04-08 01:44:08 - [MESSAGE][PASSED] - Keyboard is hidden

2024-04-08 01:44:08 - [MESSAGE][WARNING] - Timeout '0' is invalid. Using default page load timeout: '30'

2024-04-08 01:44:09 - [MESSAGE][PASSED] - Tapped on element 'Object Repository/Home Page/btn_notification'

2024-04-08 01:44:09 - [MESSAGE][WARNING] - Timeout '0' is invalid. Using default page load timeout: '30'

2024-04-08 01:44:12 - [MESSAGE][PASSED] - Element 'Object Repository/Notification/header_transaction' is present

2024-04-08 01:44:12 - [MESSAGE][WARNING] - Timeout '0' is invalid. Using default page load timeout: '30'

2024-04-08 01:44:13 - [MESSAGE][PASSED] - Element 'Object Repository/Notification/text_published' is present

2024-04-08 01:44:13 - [MESSAGE][WARNING] - Timeout '0' is invalid. Using default page load timeout: '30'

2024-04-08 01:44:13 - [MESSAGE][PASSED] - Element 'Object Repository/Notification/header_transaction' is visible

2024-04-08 01:44:13 - [MESSAGE][WARNING] - Timeout '0' is invalid. Using default page load timeout: '30'

2024-04-08 01:44:14 - [MESSAGE][PASSED] - Element 'Object Repository/Notification/text_published' is visible

2024-04-08 01:44:14 - [MESSAGE][INFO] - User set preference: ['appWaitActivity', '*']

2024-04-08 01:44:14 - [MESSAGE][INFO] - User set preference: ['appWaitforLaunch', 'false']

2024-04-08 01:44:14 - [MESSAGE][INFO] - User set preference: ['deviceId', '']

2024-04-08 01:44:26 - [MESSAGE][PASSED] - Started app at: 'C:\Users\mhani\Katalon Studio\K3 - Android Automation\Apk\app-debug.apk'

2024-04-08 01:44:26 - [MESSAGE][WARNING] - Timeout '0' is invalid. Using default page load timeout: '30'

2024-04-08 01:44:30 - [MESSAGE][PASSED] - Element 'Object Repository/Account/icon_account' is present

2024-04-08 01:44:31 - [MESSAGE][WARNING] - Timeout '0' is invalid. Using default page load timeout: '30'

2024-04-08 01:44:31 - [MESSAGE][PASSED] - Element 'Object Repository/Home Page/btn_add_product' is present

2024-04-08 01:44:31 - [MESSAGE][WARNING] - Timeout '0' is invalid. Using default page load timeout: '30'

2024-04-08 01:44:31 - [MESSAGE][PASSED] - Element 'Object Repository/Account/icon_account' is visible

2024-04-08 01:44:31 - [MESSAGE][WARNING] - Timeout '0' is invalid. Using default page load timeout: '30'

2024-04-08 01:44:31 - [MESSAGE][PASSED] - Element 'Object Repository/Home Page/btn_add_product' is visible

2024-04-08 01:44:31 - [MESSAGE][WARNING] - Timeout '0' is invalid. Using default page load timeout: '30'

2024-04-08 01:44:32 - [MESSAGE][PASSED] - Tapped on element 'Object Repository/Account/icon_account'

2024-04-08 01:44:32 - [MESSAGE][WARNING] - Timeout '0' is invalid. Using default page load timeout: '30'

2024-04-08 01:44:32 - [MESSAGE][PASSED] - Element 'Object Repository/Authorization Page/account_login_button' is present

2024-04-08 01:44:32 - [MESSAGE][WARNING] - Timeout '0' is invalid. Using default page load timeout: '30'

2024-04-08 01:44:33 - [MESSAGE][PASSED] - Element 'Object Repository/Authorization Page/account_login_button' is visible

2024-04-08 01:44:33 - [MESSAGE][WARNING] - Timeout '0' is invalid. Using default page load timeout: '30'

2024-04-08 01:44:33 - [MESSAGE][PASSED] - Tapped on element 'Object Repository/Authorization Page/account_login_button'

2024-04-08 01:44:33 - [MESSAGE][WARNING] - Timeout '0' is invalid. Using default page load timeout: '30'

2024-04-08 01:44:35 - [MESSAGE][PASSED] - Element 'Object Repository/Authorization Page/login_input_email' is present

2024-04-08 01:44:35 - [MESSAGE][WARNING] - Timeout '0' is invalid. Using default page load timeout: '30'

2024-04-08 01:44:35 - [MESSAGE][PASSED] - Element 'Object Repository/Authorization Page/login_input_password' is present

2024-04-08 01:44:35 - [MESSAGE][WARNING] - Timeout '0' is invalid. Using default page load timeout: '30'

2024-04-08 01:44:35 - [MESSAGE][PASSED] - Element 'Object Repository/Authorization Page/login_input_email' is visible

2024-04-08 01:44:35 - [MESSAGE][WARNING] - Timeout '0' is invalid. Using default page load timeout: '30'

2024-04-08 01:44:35 - [MESSAGE][PASSED] - Element 'Object Repository/Authorization Page/login_input_password' is visible

2024-04-08 01:44:35 - [MESSAGE][WARNING] - Timeout '0' is invalid. Using default page load timeout: '30'

2024-04-08 01:44:36 - [MESSAGE][PASSED] - Text 'bb@mail.com' has been set to element 'Object Repository/Authorization Page/login_input_email'

2024-04-08 01:44:36 - [MESSAGE][WARNING] - Timeout '0' is invalid. Using default page load timeout: '30'

2024-04-08 01:44:38 - [MESSAGE][PASSED] - Text 'bb@mail.com' has been set to element 'Object Repository/Authorization Page/login_input_password'

2024-04-08 01:44:38 - [MESSAGE][WARNING] - Timeout '0' is invalid. Using default page load timeout: '30'

2024-04-08 01:44:38 - [MESSAGE][PASSED] - Element 'Object Repository/Authorization Page/login_login_button' is present

2024-04-08 01:44:38 - [MESSAGE][WARNING] - Timeout '0' is invalid. Using default page load timeout: '30'

2024-04-08 01:44:38 - [MESSAGE][PASSED] - Element 'Object Repository/Authorization Page/login_login_button' is visible

2024-04-08 01:44:38 - [MESSAGE][WARNING] - Timeout '0' is invalid. Using default page load timeout: '30'

2024-04-08 01:44:39 - [MESSAGE][PASSED] - Tapped on element 'Object Repository/Authorization Page/login_login_button'

2024-04-08 01:44:39 - [MESSAGE][WARNING] - Timeout '0' is invalid. Using default page load timeout: '30'

2024-04-08 01:44:40 - [MESSAGE][PASSED] - Element 'Object Repository/Account/button_my_order' is present

2024-04-08 01:44:40 - [MESSAGE][WARNING] - Timeout '0' is invalid. Using default page load timeout: '30'

2024-04-08 01:44:41 - [MESSAGE][PASSED] - Element 'Object Repository/Account/button_log_out' is present

2024-04-08 01:44:41 - [MESSAGE][WARNING] - Timeout '0' is invalid. Using default page load timeout: '30'

2024-04-08 01:44:41 - [MESSAGE][PASSED] - Element 'Object Repository/Account/button_my_order' is visible

2024-04-08 01:44:41 - [MESSAGE][WARNING] - Timeout '0' is invalid. Using default page load timeout: '30'

2024-04-08 01:44:42 - [MESSAGE][PASSED] - Element 'Object Repository/Account/button_log_out' is visible

2024-04-08 01:44:42 - [MESSAGE][WARNING] - Timeout '0' is invalid. Using default page load timeout: '30'

2024-04-08 01:44:42 - [MESSAGE][PASSED] - Element 'Object Repository/Account/icon_account' is present

2024-04-08 01:44:42 - [MESSAGE][WARNING] - Timeout '0' is invalid. Using default page load timeout: '30'

2024-04-08 01:44:42 - [MESSAGE][PASSED] - Element 'Object Repository/Account/icon_account' is visible

2024-04-08 01:44:42 - [MESSAGE][WARNING] - Timeout '0' is invalid. Using default page load timeout: '30'

2024-04-08 01:44:42 - [MESSAGE][PASSED] - Tapped on element 'Object Repository/Account/icon_account'

2024-04-08 01:44:42 - [MESSAGE][WARNING] - Timeout '0' is invalid. Using default page load timeout: '30'

2024-04-08 01:44:43 - [MESSAGE][PASSED] - Element 'Object Repository/Account/icon_my_list_product' is present

2024-04-08 01:44:43 - [MESSAGE][WARNING] - Timeout '0' is invalid. Using default page load timeout: '30'

2024-04-08 01:44:43 - [MESSAGE][PASSED] - Element 'Object Repository/Account/icon_my_list_product' is visible

2024-04-08 01:44:43 - [MESSAGE][WARNING] - Timeout '0' is invalid. Using default page load timeout: '30'

2024-04-08 01:44:44 - [MESSAGE][PASSED] - Tapped on element 'Object Repository/Account/icon_my_list_product'

2024-04-08 01:44:44 - [MESSAGE][WARNING] - Timeout '0' is invalid. Using default page load timeout: '30'

2024-04-08 01:44:46 - [MESSAGE][PASSED] - Element 'Object Repository/Account/My List Product/text_my_sell_list' is present

2024-04-08 01:44:46 - [MESSAGE][WARNING] - Timeout '0' is invalid. Using default page load timeout: '30'

2024-04-08 01:44:46 - [MESSAGE][PASSED] - Element 'Object Repository/Account/My List Product/text_my_sell_list' is visible

2024-04-08 01:44:46 - [MESSAGE][WARNING] - Timeout '0' is invalid. Using default page load timeout: '30'

2024-04-08 01:44:48 - [MESSAGE][PASSED] - Tapped on element 'Object Repository/Account/My List Product/view_first_product'

2024-04-08 01:44:48 - [MESSAGE][WARNING] - Timeout '0' is invalid. Using default page load timeout: '30'

2024-04-08 01:44:48 - [MESSAGE][PASSED] - Element 'Object Repository/Account/Edit Product Page/title_edit_product' is present

2024-04-08 01:44:48 - [MESSAGE][WARNING] - Timeout '0' is invalid. Using default page load timeout: '30'

2024-04-08 01:44:48 - [MESSAGE][PASSED] - Element 'Object Repository/Account/Edit Product Page/title_edit_product' is visible

2024-04-08 01:44:48 - [MESSAGE][WARNING] - Timeout '0' is invalid. Using default page load timeout: '30'

2024-04-08 01:44:50 - [MESSAGE][PASSED] - Text 'gambar abstrak' has been set to element 'Object Repository/Account/Edit Product Page/input_product_name'

2024-04-08 01:44:50 - [MESSAGE][WARNING] - Timeout '0' is invalid. Using default page load timeout: '30'

2024-04-08 01:44:53 - [MESSAGE][PASSED] - Text '123000' has been set to element 'Object Repository/Account/Edit Product Page/input_product_price'

2024-04-08 01:44:53 - [MESSAGE][WARNING] - Timeout '0' is invalid. Using default page load timeout: '30'

2024-04-08 01:44:55 - [MESSAGE][PASSED] - Text 'dijalan yang benar' has been set to element 'Object Repository/Account/Edit Product Page/input_product_location'

2024-04-08 01:44:55 - [MESSAGE][WARNING] - Timeout '0' is invalid. Using default page load timeout: '30'

2024-04-08 01:44:58 - [MESSAGE][PASSED] - Text 'buatan picasso' has been set to element 'Object Repository/Account/Edit Product Page/input_product_description'

2024-04-08 01:44:58 - [MESSAGE][PASSED] - Keyboard is hidden

2024-04-08 01:44:58 - [MESSAGE][WARNING] - Timeout '0' is invalid. Using default page load timeout: '30'

2024-04-08 01:44:59 - [MESSAGE][PASSED] - Tapped on element 'Object Repository/Account/Edit Product Page/input_product_image'

2024-04-08 01:44:59 - [MESSAGE][WARNING] - Timeout '0' is invalid. Using default page load timeout: '30'

2024-04-08 01:45:00 - [MESSAGE][PASSED] - Tapped on element 'Object Repository/Account/Edit Product Page/btn_galery'

2024-04-08 01:45:01 - [MESSAGE][WARNING] - Timeout '0' is invalid. Using default page load timeout: '30'

2024-04-08 01:45:02 - [MESSAGE][PASSED] - Tapped on element 'Object Repository/Account/Edit Product Page/image_first'

2024-04-08 01:45:02 - [MESSAGE][WARNING] - Timeout '0' is invalid. Using default page load timeout: '30'

2024-04-08 01:45:03 - [MESSAGE][PASSED] - Tapped on element 'Object Repository/Account/Edit Product Page/btn_update_product'

2024-04-08 01:45:03 - [MESSAGE][WARNING] - Timeout '0' is invalid. Using default page load timeout: '30'

2024-04-08 01:45:05 - [MESSAGE][PASSED] - Element 'Object Repository/Account/Edit Product Page/text_product_successfully_updated' is present

2024-04-08 01:45:05 - [MESSAGE][WARNING] - Timeout '0' is invalid. Using default page load timeout: '30'

2024-04-08 01:45:06 - [MESSAGE][PASSED] - Element 'Object Repository/Account/My List Product/text_my_sell_list' is present

2024-04-08 01:45:06 - [MESSAGE][WARNING] - Timeout '0' is invalid. Using default page load timeout: '30'

2024-04-08 01:45:06 - [MESSAGE][PASSED] - Element 'Object Repository/Account/Edit Product Page/text_product_successfully_updated' is visible

2024-04-08 01:45:06 - [MESSAGE][WARNING] - Timeout '0' is invalid. Using default page load timeout: '30'

2024-04-08 01:45:06 - [MESSAGE][PASSED] - Element 'Object Repository/Account/My List Product/text_my_sell_list' is visible

2024-04-08 01:45:06 - [MESSAGE][INFO] - User set preference: ['appWaitActivity', '*']

2024-04-08 01:45:06 - [MESSAGE][INFO] - User set preference: ['appWaitforLaunch', 'false']

2024-04-08 01:45:06 - [MESSAGE][INFO] - User set preference: ['deviceId', '']

2024-04-08 01:45:19 - [MESSAGE][PASSED] - Started app at: 'C:\Users\mhani\Katalon Studio\K3 - Android Automation\Apk\app-debug.apk'

2024-04-08 01:45:19 - [MESSAGE][WARNING] - Timeout '0' is invalid. Using default page load timeout: '30'

2024-04-08 01:45:23 - [MESSAGE][PASSED] - Element 'Object Repository/Account/icon_account' is present

2024-04-08 01:45:23 - [MESSAGE][WARNING] - Timeout '0' is invalid. Using default page load timeout: '30'

2024-04-08 01:45:23 - [MESSAGE][PASSED] - Element 'Object Repository/Home Page/btn_add_product' is present

2024-04-08 01:45:24 - [MESSAGE][WARNING] - Timeout '0' is invalid. Using default page load timeout: '30'

2024-04-08 01:45:24 - [MESSAGE][PASSED] - Element 'Object Repository/Account/icon_account' is visible

2024-04-08 01:45:24 - [MESSAGE][WARNING] - Timeout '0' is invalid. Using default page load timeout: '30'

2024-04-08 01:45:24 - [MESSAGE][PASSED] - Element 'Object Repository/Home Page/btn_add_product' is visible

2024-04-08 01:45:24 - [MESSAGE][WARNING] - Timeout '0' is invalid. Using default page load timeout: '30'

2024-04-08 01:45:24 - [MESSAGE][PASSED] - Tapped on element 'Object Repository/Account/icon_account'

2024-04-08 01:45:24 - [MESSAGE][WARNING] - Timeout '0' is invalid. Using default page load timeout: '30'

2024-04-08 01:45:25 - [MESSAGE][PASSED] - Element 'Object Repository/Authorization Page/account_login_button' is present

2024-04-08 01:45:25 - [MESSAGE][WARNING] - Timeout '0' is invalid. Using default page load timeout: '30'

2024-04-08 01:45:25 - [MESSAGE][PASSED] - Element 'Object Repository/Authorization Page/account_login_button' is visible

2024-04-08 01:45:25 - [MESSAGE][WARNING] - Timeout '0' is invalid. Using default page load timeout: '30'

2024-04-08 01:45:26 - [MESSAGE][PASSED] - Tapped on element 'Object Repository/Authorization Page/account_login_button'

2024-04-08 01:45:26 - [MESSAGE][WARNING] - Timeout '0' is invalid. Using default page load timeout: '30'

2024-04-08 01:45:27 - [MESSAGE][PASSED] - Element 'Object Repository/Authorization Page/login_input_email' is present

2024-04-08 01:45:27 - [MESSAGE][WARNING] - Timeout '0' is invalid. Using default page load timeout: '30'

2024-04-08 01:45:27 - [MESSAGE][PASSED] - Element 'Object Repository/Authorization Page/login_input_password' is present

2024-04-08 01:45:28 - [MESSAGE][WARNING] - Timeout '0' is invalid. Using default page load timeout: '30'

2024-04-08 01:45:28 - [MESSAGE][PASSED] - Element 'Object Repository/Authorization Page/login_input_email' is visible

2024-04-08 01:45:28 - [MESSAGE][WARNING] - Timeout '0' is invalid. Using default page load timeout: '30'

2024-04-08 01:45:28 - [MESSAGE][PASSED] - Element 'Object Repository/Authorization Page/login_input_password' is visible

2024-04-08 01:45:28 - [MESSAGE][WARNING] - Timeout '0' is invalid. Using default page load timeout: '30'

2024-04-08 01:45:29 - [MESSAGE][PASSED] - Text 'bb@mail.com' has been set to element 'Object Repository/Authorization Page/login_input_email'

2024-04-08 01:45:29 - [MESSAGE][WARNING] - Timeout '0' is invalid. Using default page load timeout: '30'

2024-04-08 01:45:30 - [MESSAGE][PASSED] - Text 'bb@mail.com' has been set to element 'Object Repository/Authorization Page/login_input_password'

2024-04-08 01:45:30 - [MESSAGE][WARNING] - Timeout '0' is invalid. Using default page load timeout: '30'

2024-04-08 01:45:31 - [MESSAGE][PASSED] - Element 'Object Repository/Authorization Page/login_login_button' is present

2024-04-08 01:45:31 - [MESSAGE][WARNING] - Timeout '0' is invalid. Using default page load timeout: '30'

2024-04-08 01:45:31 - [MESSAGE][PASSED] - Element 'Object Repository/Authorization Page/login_login_button' is visible

2024-04-08 01:45:31 - [MESSAGE][WARNING] - Timeout '0' is invalid. Using default page load timeout: '30'

2024-04-08 01:45:31 - [MESSAGE][PASSED] - Tapped on element 'Object Repository/Authorization Page/login_login_button'

2024-04-08 01:45:31 - [MESSAGE][WARNING] - Timeout '0' is invalid. Using default page load timeout: '30'

2024-04-08 01:45:33 - [MESSAGE][PASSED] - Element 'Object Repository/Account/button_my_order' is present

2024-04-08 01:45:33 - [MESSAGE][WARNING] - Timeout '0' is invalid. Using default page load timeout: '30'

2024-04-08 01:45:33 - [MESSAGE][PASSED] - Element 'Object Repository/Account/button_log_out' is present

2024-04-08 01:45:33 - [MESSAGE][WARNING] - Timeout '0' is invalid. Using default page load timeout: '30'

2024-04-08 01:45:34 - [MESSAGE][PASSED] - Element 'Object Repository/Account/button_my_order' is visible

2024-04-08 01:45:34 - [MESSAGE][WARNING] - Timeout '0' is invalid. Using default page load timeout: '30'

2024-04-08 01:45:34 - [MESSAGE][PASSED] - Element 'Object Repository/Account/button_log_out' is visible

2024-04-08 01:45:34 - [MESSAGE][WARNING] - Timeout '0' is invalid. Using default page load timeout: '30'

2024-04-08 01:45:35 - [MESSAGE][PASSED] - Element 'Object Repository/Account/icon_account' is present

2024-04-08 01:45:35 - [MESSAGE][WARNING] - Timeout '0' is invalid. Using default page load timeout: '30'

2024-04-08 01:45:35 - [MESSAGE][PASSED] - Element 'Object Repository/Account/icon_account' is visible

2024-04-08 01:45:35 - [MESSAGE][WARNING] - Timeout '0' is invalid. Using default page load timeout: '30'

2024-04-08 01:45:35 - [MESSAGE][PASSED] - Tapped on element 'Object Repository/Account/icon_account'

2024-04-08 01:45:35 - [MESSAGE][WARNING] - Timeout '0' is invalid. Using default page load timeout: '30'

2024-04-08 01:45:36 - [MESSAGE][PASSED] - Element 'Object Repository/Account/icon_my_list_product' is present

2024-04-08 01:45:36 - [MESSAGE][WARNING] - Timeout '0' is invalid. Using default page load timeout: '30'

2024-04-08 01:45:36 - [MESSAGE][PASSED] - Element 'Object Repository/Account/icon_my_list_product' is visible

2024-04-08 01:45:36 - [MESSAGE][WARNING] - Timeout '0' is invalid. Using default page load timeout: '30'

2024-04-08 01:45:36 - [MESSAGE][PASSED] - Tapped on element 'Object Repository/Account/icon_my_list_product'

2024-04-08 01:45:36 - [MESSAGE][WARNING] - Timeout '0' is invalid. Using default page load timeout: '30'

2024-04-08 01:45:38 - [MESSAGE][PASSED] - Element 'Object Repository/Account/My List Product/text_my_sell_list' is present

2024-04-08 01:45:38 - [MESSAGE][WARNING] - Timeout '0' is invalid. Using default page load timeout: '30'

2024-04-08 01:45:39 - [MESSAGE][PASSED] - Element 'Object Repository/Account/My List Product/text_my_sell_list' is visible

2024-04-08 01:45:39 - [MESSAGE][WARNING] - Timeout '0' is invalid. Using default page load timeout: '30'

2024-04-08 01:45:40 - [MESSAGE][PASSED] - Tapped on element 'Object Repository/Account/My List Product/view_first_product'

2024-04-08 01:45:40 - [MESSAGE][WARNING] - Timeout '0' is invalid. Using default page load timeout: '30'

2024-04-08 01:45:41 - [MESSAGE][PASSED] - Element 'Object Repository/Account/Edit Product Page/title_edit_product' is present

2024-04-08 01:45:41 - [MESSAGE][WARNING] - Timeout '0' is invalid. Using default page load timeout: '30'

2024-04-08 01:45:41 - [MESSAGE][PASSED] - Element 'Object Repository/Account/Edit Product Page/title_edit_product' is visible

2024-04-08 01:45:41 - [MESSAGE][WARNING] - Timeout '0' is invalid. Using default page load timeout: '30'

2024-04-08 01:45:41 - [MESSAGE][PASSED] - Element 'Object Repository/Account/Edit Product Page/input_product_name' text is cleared

2024-04-08 01:45:41 - [MESSAGE][WARNING] - Timeout '0' is invalid. Using default page load timeout: '30'

2024-04-08 01:45:44 - [MESSAGE][PASSED] - Text '123000' has been set to element 'Object Repository/Account/Edit Product Page/input_product_price'

2024-04-08 01:45:44 - [MESSAGE][WARNING] - Timeout '0' is invalid. Using default page load timeout: '30'

2024-04-08 01:45:47 - [MESSAGE][PASSED] - Text 'dijalan yang benar' has been set to element 'Object Repository/Account/Edit Product Page/input_product_location'

2024-04-08 01:45:47 - [MESSAGE][WARNING] - Timeout '0' is invalid. Using default page load timeout: '30'

2024-04-08 01:45:49 - [MESSAGE][PASSED] - Text 'buatan picasso' has been set to element 'Object Repository/Account/Edit Product Page/input_product_description'

2024-04-08 01:45:50 - [MESSAGE][PASSED] - Keyboard is hidden

2024-04-08 01:45:50 - [MESSAGE][WARNING] - Timeout '0' is invalid. Using default page load timeout: '30'

2024-04-08 01:45:50 - [MESSAGE][PASSED] - Tapped on element 'Object Repository/Account/Edit Product Page/input_product_image'

2024-04-08 01:45:50 - [MESSAGE][WARNING] - Timeout '0' is invalid. Using default page load timeout: '30'

2024-04-08 01:45:51 - [MESSAGE][PASSED] - Tapped on element 'Object Repository/Account/Edit Product Page/btn_galery'

2024-04-08 01:45:52 - [MESSAGE][WARNING] - Timeout '0' is invalid. Using default page load timeout: '30'

2024-04-08 01:45:53 - [MESSAGE][PASSED] - Tapped on element 'Object Repository/Account/Edit Product Page/image_first'

2024-04-08 01:45:53 - [MESSAGE][WARNING] - Timeout '0' is invalid. Using default page load timeout: '30'

2024-04-08 01:45:54 - [MESSAGE][PASSED] - Tapped on element 'Object Repository/Account/Edit Product Page/btn_update_product'

2024-04-08 01:45:54 - [MESSAGE][WARNING] - Timeout '0' is invalid. Using default page load timeout: '30'

2024-04-08 01:45:55 - [MESSAGE][PASSED] - Element 'Object Repository/Account/Edit Product Page/title_edit_product' is present

2024-04-08 01:45:55 - [MESSAGE][WARNING] - Timeout '0' is invalid. Using default page load timeout: '30'

2024-04-08 01:45:56 - [MESSAGE][PASSED] - Element 'Object Repository/Account/Edit Product Page/warning_product_name' is present

2024-04-08 01:45:56 - [MESSAGE][WARNING] - Timeout '0' is invalid. Using default page load timeout: '30'

2024-04-08 01:45:56 - [MESSAGE][PASSED] - Element 'Object Repository/Account/Edit Product Page/title_edit_product' is visible

2024-04-08 01:45:56 - [MESSAGE][WARNING] - Timeout '0' is invalid. Using default page load timeout: '30'

2024-04-08 01:45:57 - [MESSAGE][PASSED] - Element 'Object Repository/Account/Edit Product Page/warning_product_name' is visible

2024-04-08 01:45:57 - [MESSAGE][INFO] - User set preference: ['appWaitActivity', '*']

2024-04-08 01:45:57 - [MESSAGE][INFO] - User set preference: ['appWaitforLaunch', 'false']

2024-04-08 01:45:57 - [MESSAGE][INFO] - User set preference: ['deviceId', '']

2024-04-08 01:46:10 - [MESSAGE][PASSED] - Started app at: 'C:\Users\mhani\Katalon Studio\K3 - Android Automation\Apk\app-debug.apk'

2024-04-08 01:46:10 - [MESSAGE][WARNING] - Timeout '0' is invalid. Using default page load timeout: '30'

2024-04-08 01:46:14 - [MESSAGE][PASSED] - Element 'Object Repository/Account/icon_account' is present

2024-04-08 01:46:14 - [MESSAGE][WARNING] - Timeout '0' is invalid. Using default page load timeout: '30'

2024-04-08 01:46:14 - [MESSAGE][PASSED] - Element 'Object Repository/Home Page/btn_add_product' is present

2024-04-08 01:46:14 - [MESSAGE][WARNING] - Timeout '0' is invalid. Using default page load timeout: '30'

2024-04-08 01:46:15 - [MESSAGE][PASSED] - Element 'Object Repository/Account/icon_account' is visible

2024-04-08 01:46:15 - [MESSAGE][WARNING] - Timeout '0' is invalid. Using default page load timeout: '30'

2024-04-08 01:46:15 - [MESSAGE][PASSED] - Element 'Object Repository/Home Page/btn_add_product' is visible

2024-04-08 01:46:15 - [MESSAGE][WARNING] - Timeout '0' is invalid. Using default page load timeout: '30'

2024-04-08 01:46:15 - [MESSAGE][PASSED] - Tapped on element 'Object Repository/Account/icon_account'

2024-04-08 01:46:15 - [MESSAGE][WARNING] - Timeout '0' is invalid. Using default page load timeout: '30'

2024-04-08 01:46:16 - [MESSAGE][PASSED] - Element 'Object Repository/Authorization Page/account_login_button' is present

2024-04-08 01:46:16 - [MESSAGE][WARNING] - Timeout '0' is invalid. Using default page load timeout: '30'

2024-04-08 01:46:16 - [MESSAGE][PASSED] - Element 'Object Repository/Authorization Page/account_login_button' is visible

2024-04-08 01:46:16 - [MESSAGE][WARNING] - Timeout '0' is invalid. Using default page load timeout: '30'

2024-04-08 01:46:16 - [MESSAGE][PASSED] - Tapped on element 'Object Repository/Authorization Page/account_login_button'

2024-04-08 01:46:16 - [MESSAGE][WARNING] - Timeout '0' is invalid. Using default page load timeout: '30'

2024-04-08 01:46:18 - [MESSAGE][PASSED] - Element 'Object Repository/Authorization Page/login_input_email' is present

2024-04-08 01:46:18 - [MESSAGE][WARNING] - Timeout '0' is invalid. Using default page load timeout: '30'

2024-04-08 01:46:18 - [MESSAGE][PASSED] - Element 'Object Repository/Authorization Page/login_input_password' is present

2024-04-08 01:46:18 - [MESSAGE][WARNING] - Timeout '0' is invalid. Using default page load timeout: '30'

2024-04-08 01:46:18 - [MESSAGE][PASSED] - Element 'Object Repository/Authorization Page/login_input_email' is visible

2024-04-08 01:46:18 - [MESSAGE][WARNING] - Timeout '0' is invalid. Using default page load timeout: '30'

2024-04-08 01:46:19 - [MESSAGE][PASSED] - Element 'Object Repository/Authorization Page/login_input_password' is visible

2024-04-08 01:46:19 - [MESSAGE][WARNING] - Timeout '0' is invalid. Using default page load timeout: '30'

2024-04-08 01:46:20 - [MESSAGE][PASSED] - Text 'bb@mail.com' has been set to element 'Object Repository/Authorization Page/login_input_email'

2024-04-08 01:46:20 - [MESSAGE][WARNING] - Timeout '0' is invalid. Using default page load timeout: '30'

2024-04-08 01:46:21 - [MESSAGE][PASSED] - Text 'bb@mail.com' has been set to element 'Object Repository/Authorization Page/login_input_password'

2024-04-08 01:46:21 - [MESSAGE][WARNING] - Timeout '0' is invalid. Using default page load timeout: '30'

2024-04-08 01:46:22 - [MESSAGE][PASSED] - Element 'Object Repository/Authorization Page/login_login_button' is present

2024-04-08 01:46:22 - [MESSAGE][WARNING] - Timeout '0' is invalid. Using default page load timeout: '30'

2024-04-08 01:46:22 - [MESSAGE][PASSED] - Element 'Object Repository/Authorization Page/login_login_button' is visible

2024-04-08 01:46:22 - [MESSAGE][WARNING] - Timeout '0' is invalid. Using default page load timeout: '30'

2024-04-08 01:46:22 - [MESSAGE][PASSED] - Tapped on element 'Object Repository/Authorization Page/login_login_button'

2024-04-08 01:46:22 - [MESSAGE][WARNING] - Timeout '0' is invalid. Using default page load timeout: '30'

2024-04-08 01:46:24 - [MESSAGE][PASSED] - Element 'Object Repository/Account/button_my_order' is present

2024-04-08 01:46:24 - [MESSAGE][WARNING] - Timeout '0' is invalid. Using default page load timeout: '30'

2024-04-08 01:46:25 - [MESSAGE][PASSED] - Element 'Object Repository/Account/button_log_out' is present

2024-04-08 01:46:25 - [MESSAGE][WARNING] - Timeout '0' is invalid. Using default page load timeout: '30'

2024-04-08 01:46:25 - [MESSAGE][PASSED] - Element 'Object Repository/Account/button_my_order' is visible

2024-04-08 01:46:25 - [MESSAGE][WARNING] - Timeout '0' is invalid. Using default page load timeout: '30'

2024-04-08 01:46:25 - [MESSAGE][PASSED] - Element 'Object Repository/Account/button_log_out' is visible

2024-04-08 01:46:25 - [MESSAGE][WARNING] - Timeout '0' is invalid. Using default page load timeout: '30'

2024-04-08 01:46:25 - [MESSAGE][PASSED] - Element 'Object Repository/Account/icon_account' is present

2024-04-08 01:46:25 - [MESSAGE][WARNING] - Timeout '0' is invalid. Using default page load timeout: '30'

2024-04-08 01:46:25 - [MESSAGE][PASSED] - Element 'Object Repository/Account/icon_account' is visible

2024-04-08 01:46:25 - [MESSAGE][WARNING] - Timeout '0' is invalid. Using default page load timeout: '30'

2024-04-08 01:46:26 - [MESSAGE][PASSED] - Tapped on element 'Object Repository/Account/icon_account'

2024-04-08 01:46:26 - [MESSAGE][WARNING] - Timeout '0' is invalid. Using default page load timeout: '30'

2024-04-08 01:46:26 - [MESSAGE][PASSED] - Element 'Object Repository/Account/icon_my_list_product' is present

2024-04-08 01:46:26 - [MESSAGE][WARNING] - Timeout '0' is invalid. Using default page load timeout: '30'

2024-04-08 01:46:27 - [MESSAGE][PASSED] - Element 'Object Repository/Account/icon_my_list_product' is visible

2024-04-08 01:46:27 - [MESSAGE][WARNING] - Timeout '0' is invalid. Using default page load timeout: '30'

2024-04-08 01:46:27 - [MESSAGE][PASSED] - Tapped on element 'Object Repository/Account/icon_my_list_product'

2024-04-08 01:46:28 - [MESSAGE][WARNING] - Timeout '0' is invalid. Using default page load timeout: '30'

2024-04-08 01:46:29 - [MESSAGE][PASSED] - Element 'Object Repository/Account/My List Product/text_my_sell_list' is present

2024-04-08 01:46:29 - [MESSAGE][WARNING] - Timeout '0' is invalid. Using default page load timeout: '30'

2024-04-08 01:46:30 - [MESSAGE][PASSED] - Element 'Object Repository/Account/My List Product/text_my_sell_list' is visible

2024-04-08 01:46:30 - [MESSAGE][WARNING] - Timeout '0' is invalid. Using default page load timeout: '30'

2024-04-08 01:46:31 - [MESSAGE][PASSED] - Tapped on element 'Object Repository/Account/My List Product/view_first_product'

2024-04-08 01:46:31 - [MESSAGE][WARNING] - Timeout '0' is invalid. Using default page load timeout: '30'

2024-04-08 01:46:32 - [MESSAGE][PASSED] - Element 'Object Repository/Account/Edit Product Page/title_edit_product' is present

2024-04-08 01:46:32 - [MESSAGE][WARNING] - Timeout '0' is invalid. Using default page load timeout: '30'

2024-04-08 01:46:32 - [MESSAGE][PASSED] - Element 'Object Repository/Account/Edit Product Page/title_edit_product' is visible

2024-04-08 01:46:32 - [MESSAGE][WARNING] - Timeout '0' is invalid. Using default page load timeout: '30'

2024-04-08 01:46:34 - [MESSAGE][PASSED] - Text 'gambar abstrak' has been set to element 'Object Repository/Account/Edit Product Page/input_product_name'

2024-04-08 01:46:34 - [MESSAGE][WARNING] - Timeout '0' is invalid. Using default page load timeout: '30'

2024-04-08 01:46:35 - [MESSAGE][PASSED] - Element 'Object Repository/Account/Edit Product Page/input_product_price' text is cleared

2024-04-08 01:46:35 - [MESSAGE][WARNING] - Timeout '0' is invalid. Using default page load timeout: '30'

2024-04-08 01:46:38 - [MESSAGE][PASSED] - Text 'dijalan yang benar' has been set to element 'Object Repository/Account/Edit Product Page/input_product_location'

2024-04-08 01:46:38 - [MESSAGE][WARNING] - Timeout '0' is invalid. Using default page load timeout: '30'

2024-04-08 01:46:40 - [MESSAGE][PASSED] - Text 'buatan picasso' has been set to element 'Object Repository/Account/Edit Product Page/input_product_description'

2024-04-08 01:46:40 - [MESSAGE][PASSED] - Keyboard is hidden

2024-04-08 01:46:41 - [MESSAGE][WARNING] - Timeout '0' is invalid. Using default page load timeout: '30'

2024-04-08 01:46:41 - [MESSAGE][PASSED] - Tapped on element 'Object Repository/Account/Edit Product Page/input_product_image'

2024-04-08 01:46:41 - [MESSAGE][WARNING] - Timeout '0' is invalid. Using default page load timeout: '30'

2024-04-08 01:46:43 - [MESSAGE][PASSED] - Tapped on element 'Object Repository/Account/Edit Product Page/btn_galery'

2024-04-08 01:46:43 - [MESSAGE][WARNING] - Timeout '0' is invalid. Using default page load timeout: '30'

2024-04-08 01:46:44 - [MESSAGE][PASSED] - Tapped on element 'Object Repository/Account/Edit Product Page/image_first'

2024-04-08 01:46:44 - [MESSAGE][WARNING] - Timeout '0' is invalid. Using default page load timeout: '30'

2024-04-08 01:46:45 - [MESSAGE][PASSED] - Tapped on element 'Object Repository/Account/Edit Product Page/btn_update_product'

2024-04-08 01:46:45 - [MESSAGE][WARNING] - Timeout '0' is invalid. Using default page load timeout: '30'

2024-04-08 01:46:46 - [MESSAGE][PASSED] - Element 'Object Repository/Account/Edit Product Page/title_edit_product' is present

2024-04-08 01:46:46 - [MESSAGE][WARNING] - Timeout '0' is invalid. Using default page load timeout: '30'

2024-04-08 01:46:47 - [MESSAGE][PASSED] - Element 'Object Repository/Account/Edit Product Page/warning_price' is present

2024-04-08 01:46:47 - [MESSAGE][WARNING] - Timeout '0' is invalid. Using default page load timeout: '30'

2024-04-08 01:46:47 - [MESSAGE][PASSED] - Element 'Object Repository/Account/Edit Product Page/title_edit_product' is visible

2024-04-08 01:46:47 - [MESSAGE][WARNING] - Timeout '0' is invalid. Using default page load timeout: '30'

2024-04-08 01:46:48 - [MESSAGE][PASSED] - Element 'Object Repository/Account/Edit Product Page/warning_price' is visible

2024-04-08 01:46:48 - [MESSAGE][INFO] - User set preference: ['appWaitActivity', '*']

2024-04-08 01:46:48 - [MESSAGE][INFO] - User set preference: ['appWaitforLaunch', 'false']

2024-04-08 01:46:48 - [MESSAGE][INFO] - User set preference: ['deviceId', '']

2024-04-08 01:47:00 - [MESSAGE][PASSED] - Started app at: 'C:\Users\mhani\Katalon Studio\K3 - Android Automation\Apk\app-debug.apk'

2024-04-08 01:47:00 - [MESSAGE][WARNING] - Timeout '0' is invalid. Using default page load timeout: '30'

2024-04-08 01:47:04 - [MESSAGE][PASSED] - Element 'Object Repository/Account/icon_account' is present

2024-04-08 01:47:04 - [MESSAGE][WARNING] - Timeout '0' is invalid. Using default page load timeout: '30'

2024-04-08 01:47:04 - [MESSAGE][PASSED] - Element 'Object Repository/Home Page/btn_add_product' is present

2024-04-08 01:47:04 - [MESSAGE][WARNING] - Timeout '0' is invalid. Using default page load timeout: '30'

2024-04-08 01:47:04 - [MESSAGE][PASSED] - Element 'Object Repository/Account/icon_account' is visible

2024-04-08 01:47:04 - [MESSAGE][WARNING] - Timeout '0' is invalid. Using default page load timeout: '30'

2024-04-08 01:47:05 - [MESSAGE][PASSED] - Element 'Object Repository/Home Page/btn_add_product' is visible

2024-04-08 01:47:05 - [MESSAGE][WARNING] - Timeout '0' is invalid. Using default page load timeout: '30'

2024-04-08 01:47:05 - [MESSAGE][PASSED] - Tapped on element 'Object Repository/Account/icon_account'

2024-04-08 01:47:05 - [MESSAGE][WARNING] - Timeout '0' is invalid. Using default page load timeout: '30'

2024-04-08 01:47:06 - [MESSAGE][PASSED] - Element 'Object Repository/Authorization Page/account_login_button' is present

2024-04-08 01:47:06 - [MESSAGE][WARNING] - Timeout '0' is invalid. Using default page load timeout: '30'

2024-04-08 01:47:06 - [MESSAGE][PASSED] - Element 'Object Repository/Authorization Page/account_login_button' is visible

2024-04-08 01:47:06 - [MESSAGE][WARNING] - Timeout '0' is invalid. Using default page load timeout: '30'

2024-04-08 01:47:06 - [MESSAGE][PASSED] - Tapped on element 'Object Repository/Authorization Page/account_login_button'

2024-04-08 01:47:06 - [MESSAGE][WARNING] - Timeout '0' is invalid. Using default page load timeout: '30'

2024-04-08 01:47:08 - [MESSAGE][PASSED] - Element 'Object Repository/Authorization Page/login_input_email' is present

2024-04-08 01:47:08 - [MESSAGE][WARNING] - Timeout '0' is invalid. Using default page load timeout: '30'

2024-04-08 01:47:08 - [MESSAGE][PASSED] - Element 'Object Repository/Authorization Page/login_input_password' is present

2024-04-08 01:47:08 - [MESSAGE][WARNING] - Timeout '0' is invalid. Using default page load timeout: '30'

2024-04-08 01:47:08 - [MESSAGE][PASSED] - Element 'Object Repository/Authorization Page/login_input_email' is visible

2024-04-08 01:47:08 - [MESSAGE][WARNING] - Timeout '0' is invalid. Using default page load timeout: '30'

2024-04-08 01:47:08 - [MESSAGE][PASSED] - Element 'Object Repository/Authorization Page/login_input_password' is visible

2024-04-08 01:47:08 - [MESSAGE][WARNING] - Timeout '0' is invalid. Using default page load timeout: '30'

2024-04-08 01:47:10 - [MESSAGE][PASSED] - Text 'bb@mail.com' has been set to element 'Object Repository/Authorization Page/login_input_email'

2024-04-08 01:47:10 - [MESSAGE][WARNING] - Timeout '0' is invalid. Using default page load timeout: '30'

2024-04-08 01:47:11 - [MESSAGE][PASSED] - Text 'bb@mail.com' has been set to element 'Object Repository/Authorization Page/login_input_password'

2024-04-08 01:47:11 - [MESSAGE][WARNING] - Timeout '0' is invalid. Using default page load timeout: '30'

2024-04-08 01:47:12 - [MESSAGE][PASSED] - Element 'Object Repository/Authorization Page/login_login_button' is present

2024-04-08 01:47:12 - [MESSAGE][WARNING] - Timeout '0' is invalid. Using default page load timeout: '30'

2024-04-08 01:47:12 - [MESSAGE][PASSED] - Element 'Object Repository/Authorization Page/login_login_button' is visible

2024-04-08 01:47:12 - [MESSAGE][WARNING] - Timeout '0' is invalid. Using default page load timeout: '30'

2024-04-08 01:47:12 - [MESSAGE][PASSED] - Tapped on element 'Object Repository/Authorization Page/login_login_button'

2024-04-08 01:47:12 - [MESSAGE][WARNING] - Timeout '0' is invalid. Using default page load timeout: '30'

2024-04-08 01:47:14 - [MESSAGE][PASSED] - Element 'Object Repository/Account/button_my_order' is present

2024-04-08 01:47:14 - [MESSAGE][WARNING] - Timeout '0' is invalid. Using default page load timeout: '30'

2024-04-08 01:47:15 - [MESSAGE][PASSED] - Element 'Object Repository/Account/button_log_out' is present

2024-04-08 01:47:15 - [MESSAGE][WARNING] - Timeout '0' is invalid. Using default page load timeout: '30'

2024-04-08 01:47:15 - [MESSAGE][PASSED] - Element 'Object Repository/Account/button_my_order' is visible

2024-04-08 01:47:15 - [MESSAGE][WARNING] - Timeout '0' is invalid. Using default page load timeout: '30'

2024-04-08 01:47:16 - [MESSAGE][PASSED] - Element 'Object Repository/Account/button_log_out' is visible

2024-04-08 01:47:16 - [MESSAGE][WARNING] - Timeout '0' is invalid. Using default page load timeout: '30'

2024-04-08 01:47:16 - [MESSAGE][PASSED] - Element 'Object Repository/Account/icon_account' is present

2024-04-08 01:47:16 - [MESSAGE][WARNING] - Timeout '0' is invalid. Using default page load timeout: '30'

2024-04-08 01:47:16 - [MESSAGE][PASSED] - Element 'Object Repository/Account/icon_account' is visible

2024-04-08 01:47:16 - [MESSAGE][WARNING] - Timeout '0' is invalid. Using default page load timeout: '30'

2024-04-08 01:47:16 - [MESSAGE][PASSED] - Tapped on element 'Object Repository/Account/icon_account'

2024-04-08 01:47:16 - [MESSAGE][WARNING] - Timeout '0' is invalid. Using default page load timeout: '30'

2024-04-08 01:47:17 - [MESSAGE][PASSED] - Element 'Object Repository/Account/icon_my_list_product' is present

2024-04-08 01:47:17 - [MESSAGE][WARNING] - Timeout '0' is invalid. Using default page load timeout: '30'

2024-04-08 01:47:17 - [MESSAGE][PASSED] - Element 'Object Repository/Account/icon_my_list_product' is visible

2024-04-08 01:47:17 - [MESSAGE][WARNING] - Timeout '0' is invalid. Using default page load timeout: '30'

2024-04-08 01:47:18 - [MESSAGE][PASSED] - Tapped on element 'Object Repository/Account/icon_my_list_product'

2024-04-08 01:47:18 - [MESSAGE][WARNING] - Timeout '0' is invalid. Using default page load timeout: '30'

2024-04-08 01:47:20 - [MESSAGE][PASSED] - Element 'Object Repository/Account/My List Product/text_my_sell_list' is present

2024-04-08 01:47:20 - [MESSAGE][WARNING] - Timeout '0' is invalid. Using default page load timeout: '30'

2024-04-08 01:47:20 - [MESSAGE][PASSED] - Element 'Object Repository/Account/My List Product/text_my_sell_list' is visible

2024-04-08 01:47:20 - [MESSAGE][WARNING] - Timeout '0' is invalid. Using default page load timeout: '30'

2024-04-08 01:47:20 - [MESSAGE][PASSED] - Tapped on element 'Object Repository/Account/My List Product/view_first_product'

2024-04-08 01:47:20 - [MESSAGE][WARNING] - Timeout '0' is invalid. Using default page load timeout: '30'

2024-04-08 01:47:22 - [MESSAGE][PASSED] - Element 'Object Repository/Account/Edit Product Page/title_edit_product' is present

2024-04-08 01:47:22 - [MESSAGE][WARNING] - Timeout '0' is invalid. Using default page load timeout: '30'

2024-04-08 01:47:22 - [MESSAGE][PASSED] - Element 'Object Repository/Account/Edit Product Page/title_edit_product' is visible

2024-04-08 01:47:22 - [MESSAGE][WARNING] - Timeout '0' is invalid. Using default page load timeout: '30'

2024-04-08 01:47:24 - [MESSAGE][PASSED] - Text 'gambar abstrak' has been set to element 'Object Repository/Account/Edit Product Page/input_product_name'

2024-04-08 01:47:24 - [MESSAGE][WARNING] - Timeout '0' is invalid. Using default page load timeout: '30'

2024-04-08 01:47:27 - [MESSAGE][PASSED] - Text '123000' has been set to element 'Object Repository/Account/Edit Product Page/input_product_price'

2024-04-08 01:47:27 - [MESSAGE][WARNING] - Timeout '0' is invalid. Using default page load timeout: '30'

2024-04-08 01:47:28 - [MESSAGE][PASSED] - Element 'Object Repository/Account/Edit Product Page/input_product_location' text is cleared

2024-04-08 01:47:28 - [MESSAGE][WARNING] - Timeout '0' is invalid. Using default page load timeout: '30'

2024-04-08 01:47:30 - [MESSAGE][PASSED] - Text 'buatan picasso' has been set to element 'Object Repository/Account/Edit Product Page/input_product_description'

2024-04-08 01:47:30 - [MESSAGE][PASSED] - Keyboard is hidden

2024-04-08 01:47:31 - [MESSAGE][WARNING] - Timeout '0' is invalid. Using default page load timeout: '30'

2024-04-08 01:47:31 - [MESSAGE][PASSED] - Tapped on element 'Object Repository/Account/Edit Product Page/input_product_image'

2024-04-08 01:47:31 - [MESSAGE][WARNING] - Timeout '0' is invalid. Using default page load timeout: '30'

2024-04-08 01:47:32 - [MESSAGE][PASSED] - Tapped on element 'Object Repository/Account/Edit Product Page/btn_galery'

2024-04-08 01:47:32 - [MESSAGE][WARNING] - Timeout '0' is invalid. Using default page load timeout: '30'

2024-04-08 01:47:34 - [MESSAGE][PASSED] - Tapped on element 'Object Repository/Account/Edit Product Page/image_first'

2024-04-08 01:47:34 - [MESSAGE][WARNING] - Timeout '0' is invalid. Using default page load timeout: '30'

2024-04-08 01:47:35 - [MESSAGE][PASSED] - Tapped on element 'Object Repository/Account/Edit Product Page/btn_update_product'

2024-04-08 01:47:35 - [MESSAGE][WARNING] - Timeout '0' is invalid. Using default page load timeout: '30'

2024-04-08 01:47:36 - [MESSAGE][PASSED] - Element 'Object Repository/Account/Edit Product Page/title_edit_product' is present

2024-04-08 01:47:36 - [MESSAGE][WARNING] - Timeout '0' is invalid. Using default page load timeout: '30'

2024-04-08 01:47:37 - [MESSAGE][PASSED] - Element 'Object Repository/Account/Edit Product Page/warning_location' is present

2024-04-08 01:47:37 - [MESSAGE][WARNING] - Timeout '0' is invalid. Using default page load timeout: '30'

2024-04-08 01:47:37 - [MESSAGE][PASSED] - Element 'Object Repository/Account/Edit Product Page/title_edit_product' is visible

2024-04-08 01:47:37 - [MESSAGE][WARNING] - Timeout '0' is invalid. Using default page load timeout: '30'

2024-04-08 01:47:38 - [MESSAGE][PASSED] - Element 'Object Repository/Account/Edit Product Page/warning_location' is visible

2024-04-08 01:47:38 - [MESSAGE][INFO] - User set preference: ['appWaitActivity', '*']

2024-04-08 01:47:38 - [MESSAGE][INFO] - User set preference: ['appWaitforLaunch', 'false']

2024-04-08 01:47:38 - [MESSAGE][INFO] - User set preference: ['deviceId', '']

2024-04-08 01:47:51 - [MESSAGE][PASSED] - Started app at: 'C:\Users\mhani\Katalon Studio\K3 - Android Automation\Apk\app-debug.apk'

2024-04-08 01:47:51 - [MESSAGE][WARNING] - Timeout '0' is invalid. Using default page load timeout: '30'

2024-04-08 01:47:55 - [MESSAGE][PASSED] - Element 'Object Repository/Account/icon_account' is present

2024-04-08 01:47:55 - [MESSAGE][WARNING] - Timeout '0' is invalid. Using default page load timeout: '30'

2024-04-08 01:47:55 - [MESSAGE][PASSED] - Element 'Object Repository/Home Page/btn_add_product' is present

2024-04-08 01:47:55 - [MESSAGE][WARNING] - Timeout '0' is invalid. Using default page load timeout: '30'

2024-04-08 01:47:55 - [MESSAGE][PASSED] - Element 'Object Repository/Account/icon_account' is visible

2024-04-08 01:47:55 - [MESSAGE][WARNING] - Timeout '0' is invalid. Using default page load timeout: '30'

2024-04-08 01:47:56 - [MESSAGE][PASSED] - Element 'Object Repository/Home Page/btn_add_product' is visible

2024-04-08 01:47:56 - [MESSAGE][WARNING] - Timeout '0' is invalid. Using default page load timeout: '30'

2024-04-08 01:47:56 - [MESSAGE][PASSED] - Tapped on element 'Object Repository/Account/icon_account'

2024-04-08 01:47:56 - [MESSAGE][WARNING] - Timeout '0' is invalid. Using default page load timeout: '30'

2024-04-08 01:47:57 - [MESSAGE][PASSED] - Element 'Object Repository/Authorization Page/account_login_button' is present

2024-04-08 01:47:57 - [MESSAGE][WARNING] - Timeout '0' is invalid. Using default page load timeout: '30'

2024-04-08 01:47:57 - [MESSAGE][PASSED] - Element 'Object Repository/Authorization Page/account_login_button' is visible

2024-04-08 01:47:57 - [MESSAGE][WARNING] - Timeout '0' is invalid. Using default page load timeout: '30'

2024-04-08 01:47:57 - [MESSAGE][PASSED] - Tapped on element 'Object Repository/Authorization Page/account_login_button'

2024-04-08 01:47:57 - [MESSAGE][WARNING] - Timeout '0' is invalid. Using default page load timeout: '30'

2024-04-08 01:47:59 - [MESSAGE][PASSED] - Element 'Object Repository/Authorization Page/login_input_email' is present

2024-04-08 01:47:59 - [MESSAGE][WARNING] - Timeout '0' is invalid. Using default page load timeout: '30'

2024-04-08 01:47:59 - [MESSAGE][PASSED] - Element 'Object Repository/Authorization Page/login_input_password' is present

2024-04-08 01:47:59 - [MESSAGE][WARNING] - Timeout '0' is invalid. Using default page load timeout: '30'

2024-04-08 01:47:59 - [MESSAGE][PASSED] - Element 'Object Repository/Authorization Page/login_input_email' is visible

2024-04-08 01:47:59 - [MESSAGE][WARNING] - Timeout '0' is invalid. Using default page load timeout: '30'

2024-04-08 01:48:00 - [MESSAGE][PASSED] - Element 'Object Repository/Authorization Page/login_input_password' is visible

2024-04-08 01:48:00 - [MESSAGE][WARNING] - Timeout '0' is invalid. Using default page load timeout: '30'

2024-04-08 01:48:01 - [MESSAGE][PASSED] - Text 'bb@mail.com' has been set to element 'Object Repository/Authorization Page/login_input_email'

2024-04-08 01:48:01 - [MESSAGE][WARNING] - Timeout '0' is invalid. Using default page load timeout: '30'

2024-04-08 01:48:02 - [MESSAGE][PASSED] - Text 'bb@mail.com' has been set to element 'Object Repository/Authorization Page/login_input_password'

2024-04-08 01:48:02 - [MESSAGE][WARNING] - Timeout '0' is invalid. Using default page load timeout: '30'

2024-04-08 01:48:03 - [MESSAGE][PASSED] - Element 'Object Repository/Authorization Page/login_login_button' is present

2024-04-08 01:48:03 - [MESSAGE][WARNING] - Timeout '0' is invalid. Using default page load timeout: '30'

2024-04-08 01:48:03 - [MESSAGE][PASSED] - Element 'Object Repository/Authorization Page/login_login_button' is visible

2024-04-08 01:48:03 - [MESSAGE][WARNING] - Timeout '0' is invalid. Using default page load timeout: '30'

2024-04-08 01:48:03 - [MESSAGE][PASSED] - Tapped on element 'Object Repository/Authorization Page/login_login_button'

2024-04-08 01:48:03 - [MESSAGE][WARNING] - Timeout '0' is invalid. Using default page load timeout: '30'

2024-04-08 01:48:05 - [MESSAGE][PASSED] - Element 'Object Repository/Account/button_my_order' is present

2024-04-08 01:48:05 - [MESSAGE][WARNING] - Timeout '0' is invalid. Using default page load timeout: '30'

2024-04-08 01:48:05 - [MESSAGE][PASSED] - Element 'Object Repository/Account/button_log_out' is present

2024-04-08 01:48:05 - [MESSAGE][WARNING] - Timeout '0' is invalid. Using default page load timeout: '30'

2024-04-08 01:48:06 - [MESSAGE][PASSED] - Element 'Object Repository/Account/button_my_order' is visible

2024-04-08 01:48:06 - [MESSAGE][WARNING] - Timeout '0' is invalid. Using default page load timeout: '30'

2024-04-08 01:48:06 - [MESSAGE][PASSED] - Element 'Object Repository/Account/button_log_out' is visible

2024-04-08 01:48:06 - [MESSAGE][WARNING] - Timeout '0' is invalid. Using default page load timeout: '30'

2024-04-08 01:48:06 - [MESSAGE][PASSED] - Element 'Object Repository/Account/icon_account' is present

2024-04-08 01:48:06 - [MESSAGE][WARNING] - Timeout '0' is invalid. Using default page load timeout: '30'

2024-04-08 01:48:06 - [MESSAGE][PASSED] - Element 'Object Repository/Account/icon_account' is visible

2024-04-08 01:48:06 - [MESSAGE][WARNING] - Timeout '0' is invalid. Using default page load timeout: '30'

2024-04-08 01:48:07 - [MESSAGE][PASSED] - Tapped on element 'Object Repository/Account/icon_account'

2024-04-08 01:48:07 - [MESSAGE][WARNING] - Timeout '0' is invalid. Using default page load timeout: '30'

2024-04-08 01:48:07 - [MESSAGE][PASSED] - Element 'Object Repository/Account/icon_my_list_product' is present

2024-04-08 01:48:07 - [MESSAGE][WARNING] - Timeout '0' is invalid. Using default page load timeout: '30'

2024-04-08 01:48:07 - [MESSAGE][PASSED] - Element 'Object Repository/Account/icon_my_list_product' is visible

2024-04-08 01:48:07 - [MESSAGE][WARNING] - Timeout '0' is invalid. Using default page load timeout: '30'

2024-04-08 01:48:08 - [MESSAGE][PASSED] - Tapped on element 'Object Repository/Account/icon_my_list_product'

2024-04-08 01:48:08 - [MESSAGE][WARNING] - Timeout '0' is invalid. Using default page load timeout: '30'

2024-04-08 01:48:10 - [MESSAGE][PASSED] - Element 'Object Repository/Account/My List Product/text_my_sell_list' is present

2024-04-08 01:48:10 - [MESSAGE][WARNING] - Timeout '0' is invalid. Using default page load timeout: '30'

2024-04-08 01:48:10 - [MESSAGE][PASSED] - Element 'Object Repository/Account/My List Product/text_my_sell_list' is visible

2024-04-08 01:48:10 - [MESSAGE][WARNING] - Timeout '0' is invalid. Using default page load timeout: '30'

2024-04-08 01:48:12 - [MESSAGE][PASSED] - Tapped on element 'Object Repository/Account/My List Product/view_first_product'

2024-04-08 01:48:12 - [MESSAGE][WARNING] - Timeout '0' is invalid. Using default page load timeout: '30'

2024-04-08 01:48:12 - [MESSAGE][PASSED] - Element 'Object Repository/Account/Edit Product Page/title_edit_product' is present

2024-04-08 01:48:12 - [MESSAGE][WARNING] - Timeout '0' is invalid. Using default page load timeout: '30'

2024-04-08 01:48:12 - [MESSAGE][PASSED] - Element 'Object Repository/Account/Edit Product Page/title_edit_product' is visible

2024-04-08 01:48:12 - [MESSAGE][WARNING] - Timeout '0' is invalid. Using default page load timeout: '30'

2024-04-08 01:48:14 - [MESSAGE][PASSED] - Text 'gambar abstrak' has been set to element 'Object Repository/Account/Edit Product Page/input_product_name'

2024-04-08 01:48:14 - [MESSAGE][WARNING] - Timeout '0' is invalid. Using default page load timeout: '30'

2024-04-08 01:48:16 - [MESSAGE][PASSED] - Text '123000' has been set to element 'Object Repository/Account/Edit Product Page/input_product_price'

2024-04-08 01:48:17 - [MESSAGE][WARNING] - Timeout '0' is invalid. Using default page load timeout: '30'

2024-04-08 01:48:19 - [MESSAGE][PASSED] - Text 'dijalan yang benar' has been set to element 'Object Repository/Account/Edit Product Page/input_product_location'

2024-04-08 01:48:19 - [MESSAGE][WARNING] - Timeout '0' is invalid. Using default page load timeout: '30'

2024-04-08 01:48:20 - [MESSAGE][PASSED] - Element 'Object Repository/Account/Edit Product Page/input_product_description' text is cleared

2024-04-08 01:48:20 - [MESSAGE][PASSED] - Keyboard is hidden

2024-04-08 01:48:20 - [MESSAGE][WARNING] - Timeout '0' is invalid. Using default page load timeout: '30'

2024-04-08 01:48:21 - [MESSAGE][PASSED] - Tapped on element 'Object Repository/Account/Edit Product Page/input_product_image'

2024-04-08 01:48:21 - [MESSAGE][WARNING] - Timeout '0' is invalid. Using default page load timeout: '30'

2024-04-08 01:48:22 - [MESSAGE][PASSED] - Tapped on element 'Object Repository/Account/Edit Product Page/btn_galery'

2024-04-08 01:48:22 - [MESSAGE][WARNING] - Timeout '0' is invalid. Using default page load timeout: '30'

2024-04-08 01:48:24 - [MESSAGE][PASSED] - Tapped on element 'Object Repository/Account/Edit Product Page/image_first'

2024-04-08 01:48:24 - [MESSAGE][WARNING] - Timeout '0' is invalid. Using default page load timeout: '30'

2024-04-08 01:48:25 - [MESSAGE][PASSED] - Tapped on element 'Object Repository/Account/Edit Product Page/btn_update_product'

2024-04-08 01:48:25 - [MESSAGE][WARNING] - Timeout '0' is invalid. Using default page load timeout: '30'

2024-04-08 01:48:26 - [MESSAGE][PASSED] - Element 'Object Repository/Account/Edit Product Page/title_edit_product' is present

2024-04-08 01:48:26 - [MESSAGE][WARNING] - Timeout '0' is invalid. Using default page load timeout: '30'

2024-04-08 01:48:27 - [MESSAGE][PASSED] - Element 'Object Repository/Account/Edit Product Page/warning_description' is present

2024-04-08 01:48:27 - [MESSAGE][WARNING] - Timeout '0' is invalid. Using default page load timeout: '30'

2024-04-08 01:48:27 - [MESSAGE][PASSED] - Element 'Object Repository/Account/Edit Product Page/title_edit_product' is visible

2024-04-08 01:48:27 - [MESSAGE][WARNING] - Timeout '0' is invalid. Using default page load timeout: '30'

2024-04-08 01:48:28 - [MESSAGE][PASSED] - Element 'Object Repository/Account/Edit Product Page/warning_description' is visible

2024-04-08 01:48:28 - [MESSAGE][INFO] - User set preference: ['appWaitActivity', '*']

2024-04-08 01:48:28 - [MESSAGE][INFO] - User set preference: ['appWaitforLaunch', 'false']

2024-04-08 01:48:28 - [MESSAGE][INFO] - User set preference: ['deviceId', '']

2024-04-08 01:48:40 - [MESSAGE][PASSED] - Started app at: 'C:\Users\mhani\Katalon Studio\K3 - Android Automation\Apk\app-debug.apk'

2024-04-08 01:48:40 - [MESSAGE][WARNING] - Timeout '0' is invalid. Using default page load timeout: '30'

2024-04-08 01:48:44 - [MESSAGE][PASSED] - Element 'Object Repository/Account/icon_account' is present

2024-04-08 01:48:44 - [MESSAGE][WARNING] - Timeout '0' is invalid. Using default page load timeout: '30'

2024-04-08 01:48:45 - [MESSAGE][PASSED] - Element 'Object Repository/Home Page/btn_add_product' is present

2024-04-08 01:48:45 - [MESSAGE][WARNING] - Timeout '0' is invalid. Using default page load timeout: '30'

2024-04-08 01:48:45 - [MESSAGE][PASSED] - Element 'Object Repository/Account/icon_account' is visible

2024-04-08 01:48:45 - [MESSAGE][WARNING] - Timeout '0' is invalid. Using default page load timeout: '30'

2024-04-08 01:48:45 - [MESSAGE][PASSED] - Element 'Object Repository/Home Page/btn_add_product' is visible

2024-04-08 01:48:45 - [MESSAGE][WARNING] - Timeout '0' is invalid. Using default page load timeout: '30'

2024-04-08 01:48:45 - [MESSAGE][PASSED] - Tapped on element 'Object Repository/Account/icon_account'

2024-04-08 01:48:46 - [MESSAGE][WARNING] - Timeout '0' is invalid. Using default page load timeout: '30'

2024-04-08 01:48:46 - [MESSAGE][PASSED] - Element 'Object Repository/Authorization Page/account_login_button' is present

2024-04-08 01:48:46 - [MESSAGE][WARNING] - Timeout '0' is invalid. Using default page load timeout: '30'

2024-04-08 01:48:46 - [MESSAGE][PASSED] - Element 'Object Repository/Authorization Page/account_login_button' is visible

2024-04-08 01:48:47 - [MESSAGE][WARNING] - Timeout '0' is invalid. Using default page load timeout: '30'

2024-04-08 01:48:47 - [MESSAGE][PASSED] - Tapped on element 'Object Repository/Authorization Page/account_login_button'

2024-04-08 01:48:47 - [MESSAGE][WARNING] - Timeout '0' is invalid. Using default page load timeout: '30'

2024-04-08 01:48:48 - [MESSAGE][PASSED] - Element 'Object Repository/Authorization Page/login_input_email' is present

2024-04-08 01:48:48 - [MESSAGE][WARNING] - Timeout '0' is invalid. Using default page load timeout: '30'

2024-04-08 01:48:48 - [MESSAGE][PASSED] - Element 'Object Repository/Authorization Page/login_input_password' is present

2024-04-08 01:48:49 - [MESSAGE][WARNING] - Timeout '0' is invalid. Using default page load timeout: '30'

2024-04-08 01:48:49 - [MESSAGE][PASSED] - Element 'Object Repository/Authorization Page/login_input_email' is visible

2024-04-08 01:48:49 - [MESSAGE][WARNING] - Timeout '0' is invalid. Using default page load timeout: '30'

2024-04-08 01:48:49 - [MESSAGE][PASSED] - Element 'Object Repository/Authorization Page/login_input_password' is visible

2024-04-08 01:48:49 - [MESSAGE][WARNING] - Timeout '0' is invalid. Using default page load timeout: '30'

2024-04-08 01:48:50 - [MESSAGE][PASSED] - Text 'bb@mail.com' has been set to element 'Object Repository/Authorization Page/login_input_email'

2024-04-08 01:48:50 - [MESSAGE][WARNING] - Timeout '0' is invalid. Using default page load timeout: '30'

2024-04-08 01:48:51 - [MESSAGE][PASSED] - Text 'bb@mail.com' has been set to element 'Object Repository/Authorization Page/login_input_password'

2024-04-08 01:48:51 - [MESSAGE][WARNING] - Timeout '0' is invalid. Using default page load timeout: '30'

2024-04-08 01:48:52 - [MESSAGE][PASSED] - Element 'Object Repository/Authorization Page/login_login_button' is present

2024-04-08 01:48:52 - [MESSAGE][WARNING] - Timeout '0' is invalid. Using default page load timeout: '30'

2024-04-08 01:48:52 - [MESSAGE][PASSED] - Element 'Object Repository/Authorization Page/login_login_button' is visible

2024-04-08 01:48:52 - [MESSAGE][WARNING] - Timeout '0' is invalid. Using default page load timeout: '30'

2024-04-08 01:48:52 - [MESSAGE][PASSED] - Tapped on element 'Object Repository/Authorization Page/login_login_button'

2024-04-08 01:48:52 - [MESSAGE][WARNING] - Timeout '0' is invalid. Using default page load timeout: '30'

2024-04-08 01:48:54 - [MESSAGE][PASSED] - Element 'Object Repository/Account/button_my_order' is present

2024-04-08 01:48:54 - [MESSAGE][WARNING] - Timeout '0' is invalid. Using default page load timeout: '30'

2024-04-08 01:48:55 - [MESSAGE][PASSED] - Element 'Object Repository/Account/button_log_out' is present

2024-04-08 01:48:55 - [MESSAGE][WARNING] - Timeout '0' is invalid. Using default page load timeout: '30'

2024-04-08 01:48:55 - [MESSAGE][PASSED] - Element 'Object Repository/Account/button_my_order' is visible

2024-04-08 01:48:55 - [MESSAGE][WARNING] - Timeout '0' is invalid. Using default page load timeout: '30'

2024-04-08 01:48:55 - [MESSAGE][PASSED] - Element 'Object Repository/Account/button_log_out' is visible

2024-04-08 01:48:55 - [MESSAGE][WARNING] - Timeout '0' is invalid. Using default page load timeout: '30'

2024-04-08 01:48:55 - [MESSAGE][PASSED] - Tapped on element 'Object Repository/Account/icon_my_list_product'

2024-04-08 01:48:56 - [MESSAGE][WARNING] - Timeout '0' is invalid. Using default page load timeout: '30'

2024-04-08 01:48:57 - [MESSAGE][PASSED] - Element 'Object Repository/Account/My List Product/view_product' is present

2024-04-08 01:48:57 - [MESSAGE][WARNING] - Timeout '0' is invalid. Using default page load timeout: '30'

2024-04-08 01:48:58 - [MESSAGE][PASSED] - Element 'Object Repository/Account/My List Product/text_my_sell_list' is present

2024-04-08 01:48:58 - [MESSAGE][WARNING] - Timeout '0' is invalid. Using default page load timeout: '30'

2024-04-08 01:48:58 - [MESSAGE][PASSED] - Element 'Object Repository/Account/My List Product/view_product' is visible

2024-04-08 01:48:58 - [MESSAGE][WARNING] - Timeout '0' is invalid. Using default page load timeout: '30'

2024-04-08 01:48:58 - [MESSAGE][PASSED] - Element 'Object Repository/Account/My List Product/text_my_sell_list' is visible

2024-04-08 01:48:58 - [MESSAGE][WARNING] - Timeout '0' is invalid. Using default page load timeout: '30'

2024-04-08 01:49:00 - [MESSAGE][PASSED] - Tapped on element 'Object Repository/Account/My List Product/icon_trash'

2024-04-08 01:49:00 - [MESSAGE][WARNING] - Timeout '0' is invalid. Using default page load timeout: '30'

2024-04-08 01:49:00 - [MESSAGE][PASSED] - Tapped on element 'Object Repository/Account/My List Product/btn_cancel_delete_product'

2024-04-08 01:49:01 - [MESSAGE][WARNING] - Timeout '0' is invalid. Using default page load timeout: '30'

2024-04-08 01:49:01 - [MESSAGE][PASSED] - Element 'Object Repository/Account/My List Product/text_my_sell_list' is present

2024-04-08 01:49:01 - [MESSAGE][WARNING] - Timeout '0' is invalid. Using default page load timeout: '30'

2024-04-08 01:49:02 - [MESSAGE][PASSED] - Element 'Object Repository/Account/My List Product/view_product' is present

2024-04-08 01:49:02 - [MESSAGE][WARNING] - Timeout '0' is invalid. Using default page load timeout: '30'

2024-04-08 01:49:02 - [MESSAGE][PASSED] - Element 'Object Repository/Account/My List Product/text_my_sell_list' is visible

2024-04-08 01:49:02 - [MESSAGE][WARNING] - Timeout '0' is invalid. Using default page load timeout: '30'

2024-04-08 01:49:02 - [MESSAGE][PASSED] - Element 'Object Repository/Account/My List Product/view_product' is visible

2024-04-08 01:49:02 - [MESSAGE][INFO] - User set preference: ['appWaitActivity', '*']

2024-04-08 01:49:02 - [MESSAGE][INFO] - User set preference: ['appWaitforLaunch', 'false']

2024-04-08 01:49:02 - [MESSAGE][INFO] - User set preference: ['deviceId', '']

2024-04-08 01:49:18 - [MESSAGE][PASSED] - Started app at: 'C:\Users\mhani\Katalon Studio\K3 - Android Automation\Apk\app-debug.apk'

2024-04-08 01:49:18 - [MESSAGE][WARNING] - Timeout '0' is invalid. Using default page load timeout: '30'

2024-04-08 01:49:22 - [MESSAGE][PASSED] - Element 'Object Repository/Account/icon_account' is present

2024-04-08 01:49:22 - [MESSAGE][WARNING] - Timeout '0' is invalid. Using default page load timeout: '30'

2024-04-08 01:49:22 - [MESSAGE][PASSED] - Element 'Object Repository/Home Page/btn_add_product' is present

2024-04-08 01:49:22 - [MESSAGE][WARNING] - Timeout '0' is invalid. Using default page load timeout: '30'

2024-04-08 01:49:22 - [MESSAGE][PASSED] - Element 'Object Repository/Account/icon_account' is visible

2024-04-08 01:49:22 - [MESSAGE][WARNING] - Timeout '0' is invalid. Using default page load timeout: '30'

2024-04-08 01:49:23 - [MESSAGE][PASSED] - Element 'Object Repository/Home Page/btn_add_product' is visible

2024-04-08 01:49:23 - [MESSAGE][WARNING] - Timeout '0' is invalid. Using default page load timeout: '30'

2024-04-08 01:49:23 - [MESSAGE][PASSED] - Tapped on element 'Object Repository/Account/icon_account'

2024-04-08 01:49:23 - [MESSAGE][WARNING] - Timeout '0' is invalid. Using default page load timeout: '30'

2024-04-08 01:49:24 - [MESSAGE][PASSED] - Element 'Object Repository/Authorization Page/account_login_button' is present

2024-04-08 01:49:24 - [MESSAGE][WARNING] - Timeout '0' is invalid. Using default page load timeout: '30'

2024-04-08 01:49:24 - [MESSAGE][PASSED] - Element 'Object Repository/Authorization Page/account_login_button' is visible

2024-04-08 01:49:24 - [MESSAGE][WARNING] - Timeout '0' is invalid. Using default page load timeout: '30'

2024-04-08 01:49:24 - [MESSAGE][PASSED] - Tapped on element 'Object Repository/Authorization Page/account_login_button'

2024-04-08 01:49:24 - [MESSAGE][WARNING] - Timeout '0' is invalid. Using default page load timeout: '30'

2024-04-08 01:49:26 - [MESSAGE][PASSED] - Element 'Object Repository/Authorization Page/login_input_email' is present

2024-04-08 01:49:26 - [MESSAGE][WARNING] - Timeout '0' is invalid. Using default page load timeout: '30'

2024-04-08 01:49:26 - [MESSAGE][PASSED] - Element 'Object Repository/Authorization Page/login_input_password' is present

2024-04-08 01:49:26 - [MESSAGE][WARNING] - Timeout '0' is invalid. Using default page load timeout: '30'

2024-04-08 01:49:26 - [MESSAGE][PASSED] - Element 'Object Repository/Authorization Page/login_input_email' is visible

2024-04-08 01:49:26 - [MESSAGE][WARNING] - Timeout '0' is invalid. Using default page load timeout: '30'

2024-04-08 01:49:26 - [MESSAGE][PASSED] - Element 'Object Repository/Authorization Page/login_input_password' is visible

2024-04-08 01:49:26 - [MESSAGE][WARNING] - Timeout '0' is invalid. Using default page load timeout: '30'

2024-04-08 01:49:28 - [MESSAGE][PASSED] - Text 'bb@mail.com' has been set to element 'Object Repository/Authorization Page/login_input_email'

2024-04-08 01:49:28 - [MESSAGE][WARNING] - Timeout '0' is invalid. Using default page load timeout: '30'

2024-04-08 01:49:29 - [MESSAGE][PASSED] - Text 'bb@mail.com' has been set to element 'Object Repository/Authorization Page/login_input_password'

2024-04-08 01:49:29 - [MESSAGE][WARNING] - Timeout '0' is invalid. Using default page load timeout: '30'

2024-04-08 01:49:30 - [MESSAGE][PASSED] - Element 'Object Repository/Authorization Page/login_login_button' is present

2024-04-08 01:49:30 - [MESSAGE][WARNING] - Timeout '0' is invalid. Using default page load timeout: '30'

2024-04-08 01:49:30 - [MESSAGE][PASSED] - Element 'Object Repository/Authorization Page/login_login_button' is visible

2024-04-08 01:49:30 - [MESSAGE][WARNING] - Timeout '0' is invalid. Using default page load timeout: '30'

2024-04-08 01:49:32 - [MESSAGE][PASSED] - Tapped on element 'Object Repository/Authorization Page/login_login_button'

2024-04-08 01:49:32 - [MESSAGE][WARNING] - Timeout '0' is invalid. Using default page load timeout: '30'

2024-04-08 01:49:32 - [MESSAGE][PASSED] - Element 'Object Repository/Account/button_my_order' is present

2024-04-08 01:49:32 - [MESSAGE][WARNING] - Timeout '0' is invalid. Using default page load timeout: '30'

2024-04-08 01:49:33 - [MESSAGE][PASSED] - Element 'Object Repository/Account/button_log_out' is present

2024-04-08 01:49:33 - [MESSAGE][WARNING] - Timeout '0' is invalid. Using default page load timeout: '30'

2024-04-08 01:49:33 - [MESSAGE][PASSED] - Element 'Object Repository/Account/button_my_order' is visible

2024-04-08 01:49:33 - [MESSAGE][WARNING] - Timeout '0' is invalid. Using default page load timeout: '30'

2024-04-08 01:49:33 - [MESSAGE][PASSED] - Element 'Object Repository/Account/button_log_out' is visible

2024-04-08 01:49:33 - [MESSAGE][WARNING] - Timeout '0' is invalid. Using default page load timeout: '30'

2024-04-08 01:49:34 - [MESSAGE][PASSED] - Tapped on element 'Object Repository/Account/icon_my_list_product'

2024-04-08 01:49:34 - [MESSAGE][WARNING] - Timeout '0' is invalid. Using default page load timeout: '30'

2024-04-08 01:49:36 - [MESSAGE][PASSED] - Element 'Object Repository/Account/My List Product/view_product' is present

2024-04-08 01:49:36 - [MESSAGE][WARNING] - Timeout '0' is invalid. Using default page load timeout: '30'

2024-04-08 01:49:36 - [MESSAGE][PASSED] - Element 'Object Repository/Account/My List Product/text_my_sell_list' is present

2024-04-08 01:49:36 - [MESSAGE][WARNING] - Timeout '0' is invalid. Using default page load timeout: '30'

2024-04-08 01:49:36 - [MESSAGE][PASSED] - Element 'Object Repository/Account/My List Product/view_product' is visible

2024-04-08 01:49:36 - [MESSAGE][WARNING] - Timeout '0' is invalid. Using default page load timeout: '30'

2024-04-08 01:49:37 - [MESSAGE][PASSED] - Element 'Object Repository/Account/My List Product/text_my_sell_list' is visible

2024-04-08 01:49:37 - [MESSAGE][WARNING] - Timeout '0' is invalid. Using default page load timeout: '30'

2024-04-08 01:49:38 - [MESSAGE][PASSED] - Tapped on element 'Object Repository/Account/My List Product/icon_trash'

2024-04-08 01:49:38 - [MESSAGE][WARNING] - Timeout '0' is invalid. Using default page load timeout: '30'

2024-04-08 01:49:38 - [MESSAGE][PASSED] - Tapped on element 'Object Repository/Account/My List Product/btn_delete_product'

2024-04-08 01:49:38 - [MESSAGE][WARNING] - Timeout '0' is invalid. Using default page load timeout: '30'

2024-04-08 01:49:40 - [MESSAGE][PASSED] - Element 'Object Repository/Product Page/My List Product/toast_success_delete' is visible

2024-04-08 01:49:40 - [MESSAGE][INFO] - User set preference: ['appWaitActivity', '*']

2024-04-08 01:49:40 - [MESSAGE][INFO] - User set preference: ['appWaitforLaunch', 'false']

2024-04-08 01:49:40 - [MESSAGE][INFO] - User set preference: ['deviceId', '']

2024-04-08 01:49:53 - [MESSAGE][PASSED] - Started app at: 'C:\Users\mhani\Katalon Studio\K3 - Android Automation\Apk\app-debug.apk'

2024-04-08 01:49:54 - [MESSAGE][WARNING] - Timeout '0' is invalid. Using default page load timeout: '30'

2024-04-08 01:49:57 - [MESSAGE][PASSED] - Element 'Object Repository/Account/icon_account' is present

2024-04-08 01:49:57 - [MESSAGE][WARNING] - Timeout '0' is invalid. Using default page load timeout: '30'

2024-04-08 01:49:58 - [MESSAGE][PASSED] - Element 'Object Repository/Home Page/btn_add_product' is present

2024-04-08 01:49:58 - [MESSAGE][WARNING] - Timeout '0' is invalid. Using default page load timeout: '30'

2024-04-08 01:49:58 - [MESSAGE][PASSED] - Element 'Object Repository/Account/icon_account' is visible

2024-04-08 01:49:58 - [MESSAGE][WARNING] - Timeout '0' is invalid. Using default page load timeout: '30'

2024-04-08 01:49:58 - [MESSAGE][PASSED] - Element 'Object Repository/Home Page/btn_add_product' is visible

2024-04-08 01:49:58 - [MESSAGE][WARNING] - Timeout '0' is invalid. Using default page load timeout: '30'

2024-04-08 01:49:59 - [MESSAGE][PASSED] - Tapped on element 'Object Repository/Account/icon_account'

2024-04-08 01:49:59 - [MESSAGE][WARNING] - Timeout '0' is invalid. Using default page load timeout: '30'

2024-04-08 01:49:59 - [MESSAGE][PASSED] - Element 'Object Repository/Authorization Page/account_login_button' is present

2024-04-08 01:49:59 - [MESSAGE][WARNING] - Timeout '0' is invalid. Using default page load timeout: '30'

2024-04-08 01:50:00 - [MESSAGE][PASSED] - Element 'Object Repository/Authorization Page/account_login_button' is visible

2024-04-08 01:50:00 - [MESSAGE][WARNING] - Timeout '0' is invalid. Using default page load timeout: '30'

2024-04-08 01:50:00 - [MESSAGE][PASSED] - Tapped on element 'Object Repository/Authorization Page/account_login_button'

2024-04-08 01:50:00 - [MESSAGE][WARNING] - Timeout '0' is invalid. Using default page load timeout: '30'

2024-04-08 01:50:01 - [MESSAGE][PASSED] - Element 'Object Repository/Authorization Page/login_input_email' is present

2024-04-08 01:50:01 - [MESSAGE][WARNING] - Timeout '0' is invalid. Using default page load timeout: '30'

2024-04-08 01:50:02 - [MESSAGE][PASSED] - Element 'Object Repository/Authorization Page/login_input_password' is present

2024-04-08 01:50:02 - [MESSAGE][WARNING] - Timeout '0' is invalid. Using default page load timeout: '30'

2024-04-08 01:50:02 - [MESSAGE][PASSED] - Element 'Object Repository/Authorization Page/login_input_email' is visible

2024-04-08 01:50:02 - [MESSAGE][WARNING] - Timeout '0' is invalid. Using default page load timeout: '30'

2024-04-08 01:50:02 - [MESSAGE][PASSED] - Element 'Object Repository/Authorization Page/login_input_password' is visible

2024-04-08 01:50:02 - [MESSAGE][WARNING] - Timeout '0' is invalid. Using default page load timeout: '30'

2024-04-08 01:50:03 - [MESSAGE][PASSED] - Text 'bb@mail.com' has been set to element 'Object Repository/Authorization Page/login_input_email'

2024-04-08 01:50:03 - [MESSAGE][WARNING] - Timeout '0' is invalid. Using default page load timeout: '30'

2024-04-08 01:50:05 - [MESSAGE][PASSED] - Text 'bb@mail.com' has been set to element 'Object Repository/Authorization Page/login_input_password'

2024-04-08 01:50:05 - [MESSAGE][WARNING] - Timeout '0' is invalid. Using default page load timeout: '30'

2024-04-08 01:50:06 - [MESSAGE][PASSED] - Element 'Object Repository/Authorization Page/login_login_button' is present

2024-04-08 01:50:06 - [MESSAGE][WARNING] - Timeout '0' is invalid. Using default page load timeout: '30'

2024-04-08 01:50:06 - [MESSAGE][PASSED] - Element 'Object Repository/Authorization Page/login_login_button' is visible

2024-04-08 01:50:06 - [MESSAGE][WARNING] - Timeout '0' is invalid. Using default page load timeout: '30'

2024-04-08 01:50:06 - [MESSAGE][PASSED] - Tapped on element 'Object Repository/Authorization Page/login_login_button'

2024-04-08 01:50:06 - [MESSAGE][WARNING] - Timeout '0' is invalid. Using default page load timeout: '30'

2024-04-08 01:50:08 - [MESSAGE][PASSED] - Element 'Object Repository/Account/button_my_order' is present

2024-04-08 01:50:08 - [MESSAGE][WARNING] - Timeout '0' is invalid. Using default page load timeout: '30'

2024-04-08 01:50:08 - [MESSAGE][PASSED] - Element 'Object Repository/Account/button_log_out' is present

2024-04-08 01:50:09 - [MESSAGE][WARNING] - Timeout '0' is invalid. Using default page load timeout: '30'

2024-04-08 01:50:09 - [MESSAGE][PASSED] - Element 'Object Repository/Account/button_my_order' is visible

2024-04-08 01:50:09 - [MESSAGE][WARNING] - Timeout '0' is invalid. Using default page load timeout: '30'

2024-04-08 01:50:09 - [MESSAGE][PASSED] - Element 'Object Repository/Account/button_log_out' is visible

2024-04-08 01:50:09 - [MESSAGE][WARNING] - Timeout '0' is invalid. Using default page load timeout: '30'

2024-04-08 01:50:09 - [MESSAGE][PASSED] - Tapped on element 'Object Repository/Account/icon_my_list_product'

2024-04-08 01:50:09 - [MESSAGE][WARNING] - Timeout '0' is invalid. Using default page load timeout: '30'

2024-04-08 01:50:11 - [MESSAGE][PASSED] - Element 'Object Repository/Account/My List Product/icon_trash' is present

2024-04-08 01:50:11 - [MESSAGE][WARNING] - Timeout '0' is invalid. Using default page load timeout: '30'

2024-04-08 01:50:12 - [MESSAGE][PASSED] - Element 'Object Repository/Account/My List Product/view_product' is present

2024-04-08 01:50:12 - [MESSAGE][WARNING] - Timeout '0' is invalid. Using default page load timeout: '30'

2024-04-08 01:50:12 - [MESSAGE][PASSED] - Element 'Object Repository/Account/My List Product/icon_trash' is visible

2024-04-08 01:50:12 - [MESSAGE][WARNING] - Timeout '0' is invalid. Using default page load timeout: '30'

2024-04-08 01:50:12 - [MESSAGE][PASSED] - Element 'Object Repository/Account/My List Product/view_product' is visible

2024-04-08 01:50:12 - [MESSAGE][WARNING] - Timeout '0' is invalid. Using default page load timeout: '30'

2024-04-08 01:50:13 - [MESSAGE][PASSED] - Tapped on element 'Object Repository/Account/My List Product/view_diminati'

2024-04-08 01:50:13 - [MESSAGE][WARNING] - Timeout '0' is invalid. Using default page load timeout: '30'

2024-04-08 01:50:14 - [MESSAGE][PASSED] - Element 'Object Repository/Account/My List Product/view_diminati' is present

2024-04-08 01:50:14 - [MESSAGE][WARNING] - Timeout '0' is invalid. Using default page load timeout: '30'

2024-04-08 01:50:15 - [MESSAGE][PASSED] - Element 'Object Repository/Account/My List Product/text_penawaran_product' is present

2024-04-08 01:50:15 - [MESSAGE][WARNING] - Timeout '0' is invalid. Using default page load timeout: '30'

2024-04-08 01:50:16 - [MESSAGE][PASSED] - Element 'Object Repository/Account/My List Product/view_diminati' is visible

2024-04-08 01:50:16 - [MESSAGE][WARNING] - Timeout '0' is invalid. Using default page load timeout: '30'

2024-04-08 01:50:16 - [MESSAGE][PASSED] - Element 'Object Repository/Account/My List Product/text_penawaran_product' is visible

2024-04-08 01:50:16 - [MESSAGE][WARNING] - Timeout '0' is invalid. Using default page load timeout: '30'

2024-04-08 01:50:17 - [MESSAGE][PASSED] - Tapped on element 'Object Repository/Account/My List Product/btn_back_my_sell_list'

2024-04-08 01:50:17 - [MESSAGE][WARNING] - Timeout '0' is invalid. Using default page load timeout: '30'

2024-04-08 01:50:18 - [MESSAGE][PASSED] - Tapped on element 'Object Repository/Home Page/btn_notification'

2024-04-08 01:50:18 - [MESSAGE][WARNING] - Timeout '0' is invalid. Using default page load timeout: '30'

2024-04-08 01:50:20 - [MESSAGE][PASSED] - Element 'Object Repository/Notification/header_transaction' is present

2024-04-08 01:50:20 - [MESSAGE][WARNING] - Timeout '0' is invalid. Using default page load timeout: '30'

2024-04-08 01:50:21 - [MESSAGE][PASSED] - Element 'Object Repository/Notification/text_penawaran_produk' is present

2024-04-08 01:50:21 - [MESSAGE][WARNING] - Timeout '0' is invalid. Using default page load timeout: '30'

2024-04-08 01:50:21 - [MESSAGE][PASSED] - Element 'Object Repository/Notification/header_transaction' is visible

2024-04-08 01:50:21 - [MESSAGE][WARNING] - Timeout '0' is invalid. Using default page load timeout: '30'

2024-04-08 01:50:22 - [MESSAGE][PASSED] - Element 'Object Repository/Notification/text_penawaran_produk' is visible

2024-04-08 01:50:22 - [MESSAGE][INFO] - User set preference: ['appWaitActivity', '*']

2024-04-08 01:50:22 - [MESSAGE][INFO] - User set preference: ['appWaitforLaunch', 'false']

2024-04-08 01:50:22 - [MESSAGE][INFO] - User set preference: ['deviceId', '']

2024-04-08 01:50:35 - [MESSAGE][PASSED] - Started app at: 'C:\Users\mhani\Katalon Studio\K3 - Android Automation\Apk\app-debug.apk'

2024-04-08 01:50:35 - [MESSAGE][WARNING] - Timeout '0' is invalid. Using default page load timeout: '30'

2024-04-08 01:50:39 - [MESSAGE][PASSED] - Element 'Object Repository/Account/icon_account' is present

2024-04-08 01:50:39 - [MESSAGE][WARNING] - Timeout '0' is invalid. Using default page load timeout: '30'

2024-04-08 01:50:39 - [MESSAGE][PASSED] - Element 'Object Repository/Home Page/btn_add_product' is present

2024-04-08 01:50:39 - [MESSAGE][WARNING] - Timeout '0' is invalid. Using default page load timeout: '30'

2024-04-08 01:50:39 - [MESSAGE][PASSED] - Element 'Object Repository/Account/icon_account' is visible

2024-04-08 01:50:39 - [MESSAGE][WARNING] - Timeout '0' is invalid. Using default page load timeout: '30'

2024-04-08 01:50:39 - [MESSAGE][PASSED] - Element 'Object Repository/Home Page/btn_add_product' is visible

2024-04-08 01:50:40 - [MESSAGE][WARNING] - Timeout '0' is invalid. Using default page load timeout: '30'

2024-04-08 01:50:40 - [MESSAGE][PASSED] - Tapped on element 'Object Repository/Account/icon_account'

2024-04-08 01:50:40 - [MESSAGE][WARNING] - Timeout '0' is invalid. Using default page load timeout: '30'

2024-04-08 01:50:41 - [MESSAGE][PASSED] - Element 'Object Repository/Authorization Page/account_login_button' is present

2024-04-08 01:50:41 - [MESSAGE][WARNING] - Timeout '0' is invalid. Using default page load timeout: '30'

2024-04-08 01:50:41 - [MESSAGE][PASSED] - Element 'Object Repository/Authorization Page/account_login_button' is visible

2024-04-08 01:50:41 - [MESSAGE][WARNING] - Timeout '0' is invalid. Using default page load timeout: '30'

2024-04-08 01:50:41 - [MESSAGE][PASSED] - Tapped on element 'Object Repository/Authorization Page/account_login_button'

2024-04-08 01:50:41 - [MESSAGE][WARNING] - Timeout '0' is invalid. Using default page load timeout: '30'

2024-04-08 01:50:43 - [MESSAGE][PASSED] - Element 'Object Repository/Authorization Page/login_input_email' is present

2024-04-08 01:50:43 - [MESSAGE][WARNING] - Timeout '0' is invalid. Using default page load timeout: '30'

2024-04-08 01:50:43 - [MESSAGE][PASSED] - Element 'Object Repository/Authorization Page/login_input_password' is present

2024-04-08 01:50:43 - [MESSAGE][WARNING] - Timeout '0' is invalid. Using default page load timeout: '30'

2024-04-08 01:50:43 - [MESSAGE][PASSED] - Element 'Object Repository/Authorization Page/login_input_email' is visible

2024-04-08 01:50:43 - [MESSAGE][WARNING] - Timeout '0' is invalid. Using default page load timeout: '30'

2024-04-08 01:50:43 - [MESSAGE][PASSED] - Element 'Object Repository/Authorization Page/login_input_password' is visible

2024-04-08 01:50:43 - [MESSAGE][WARNING] - Timeout '0' is invalid. Using default page load timeout: '30'

2024-04-08 01:50:44 - [MESSAGE][PASSED] - Text 'bb@mail.com' has been set to element 'Object Repository/Authorization Page/login_input_email'

2024-04-08 01:50:44 - [MESSAGE][WARNING] - Timeout '0' is invalid. Using default page load timeout: '30'

2024-04-08 01:50:45 - [MESSAGE][PASSED] - Text 'bb@mail.com' has been set to element 'Object Repository/Authorization Page/login_input_password'

2024-04-08 01:50:45 - [MESSAGE][WARNING] - Timeout '0' is invalid. Using default page load timeout: '30'

2024-04-08 01:50:46 - [MESSAGE][PASSED] - Element 'Object Repository/Authorization Page/login_login_button' is present

2024-04-08 01:50:46 - [MESSAGE][WARNING] - Timeout '0' is invalid. Using default page load timeout: '30'

2024-04-08 01:50:46 - [MESSAGE][PASSED] - Element 'Object Repository/Authorization Page/login_login_button' is visible

2024-04-08 01:50:46 - [MESSAGE][WARNING] - Timeout '0' is invalid. Using default page load timeout: '30'

2024-04-08 01:50:46 - [MESSAGE][PASSED] - Tapped on element 'Object Repository/Authorization Page/login_login_button'

2024-04-08 01:50:46 - [MESSAGE][WARNING] - Timeout '0' is invalid. Using default page load timeout: '30'

2024-04-08 01:50:48 - [MESSAGE][PASSED] - Element 'Object Repository/Account/button_my_order' is present

2024-04-08 01:50:48 - [MESSAGE][WARNING] - Timeout '0' is invalid. Using default page load timeout: '30'

2024-04-08 01:50:48 - [MESSAGE][PASSED] - Element 'Object Repository/Account/button_log_out' is present

2024-04-08 01:50:48 - [MESSAGE][WARNING] - Timeout '0' is invalid. Using default page load timeout: '30'

2024-04-08 01:50:49 - [MESSAGE][PASSED] - Element 'Object Repository/Account/button_my_order' is visible

2024-04-08 01:50:49 - [MESSAGE][WARNING] - Timeout '0' is invalid. Using default page load timeout: '30'

2024-04-08 01:50:49 - [MESSAGE][PASSED] - Element 'Object Repository/Account/button_log_out' is visible

2024-04-08 01:50:49 - [MESSAGE][WARNING] - Timeout '0' is invalid. Using default page load timeout: '30'

2024-04-08 01:50:49 - [MESSAGE][PASSED] - Tapped on element 'Object Repository/Account/button_my_selling_list'

2024-04-08 01:50:49 - [MESSAGE][WARNING] - Timeout '0' is invalid. Using default page load timeout: '30'

2024-04-08 01:50:51 - [MESSAGE][PASSED] - Element 'Object Repository/Account/My List Product/back_button_selling_list' is present

2024-04-08 01:50:51 - [MESSAGE][WARNING] - Timeout '0' is invalid. Using default page load timeout: '30'

2024-04-08 01:50:52 - [MESSAGE][PASSED] - Element 'Object Repository/Account/My List Product/header_my_selling_list' is present

2024-04-08 01:50:52 - [MESSAGE][WARNING] - Timeout '0' is invalid. Using default page load timeout: '30'

2024-04-08 01:50:52 - [MESSAGE][PASSED] - Element 'Object Repository/Account/My List Product/back_button_selling_list' is visible

2024-04-08 01:50:52 - [MESSAGE][WARNING] - Timeout '0' is invalid. Using default page load timeout: '30'

2024-04-08 01:50:52 - [MESSAGE][PASSED] - Element 'Object Repository/Account/My List Product/header_my_selling_list' is visible

2024-04-08 01:50:52 - [MESSAGE][WARNING] - Timeout '0' is invalid. Using default page load timeout: '30'

2024-04-08 01:50:53 - [MESSAGE][PASSED] - Tapped on element 'Object Repository/Account/My List Product/view_diminati'

2024-04-08 01:50:53 - [MESSAGE][WARNING] - Timeout '0' is invalid. Using default page load timeout: '30'

2024-04-08 01:50:56 - [MESSAGE][PASSED] - Element 'Object Repository/Account/My List Product/view_first_card_diminati' is present

2024-04-08 01:50:56 - [MESSAGE][WARNING] - Timeout '0' is invalid. Using default page load timeout: '30'

2024-04-08 01:50:56 - [MESSAGE][PASSED] - Element 'Object Repository/Account/My List Product/view_first_card_diminati' is visible

2024-04-08 01:50:56 - [MESSAGE][INFO] - User set preference: ['appWaitActivity', '*']

2024-04-08 01:50:56 - [MESSAGE][INFO] - User set preference: ['appWaitforLaunch', 'false']

2024-04-08 01:50:56 - [MESSAGE][INFO] - User set preference: ['deviceId', '']

2024-04-08 01:51:09 - [MESSAGE][PASSED] - Started app at: 'C:\Users\mhani\Katalon Studio\K3 - Android Automation\Apk\app-debug.apk'

2024-04-08 01:51:09 - [MESSAGE][WARNING] - Timeout '0' is invalid. Using default page load timeout: '30'

2024-04-08 01:51:14 - [MESSAGE][PASSED] - Element 'Object Repository/Account/icon_account' is present

2024-04-08 01:51:14 - [MESSAGE][WARNING] - Timeout '0' is invalid. Using default page load timeout: '30'

2024-04-08 01:51:14 - [MESSAGE][PASSED] - Element 'Object Repository/Home Page/btn_add_product' is present

2024-04-08 01:51:14 - [MESSAGE][WARNING] - Timeout '0' is invalid. Using default page load timeout: '30'

2024-04-08 01:51:14 - [MESSAGE][PASSED] - Element 'Object Repository/Account/icon_account' is visible

2024-04-08 01:51:14 - [MESSAGE][WARNING] - Timeout '0' is invalid. Using default page load timeout: '30'

2024-04-08 01:51:14 - [MESSAGE][PASSED] - Element 'Object Repository/Home Page/btn_add_product' is visible

2024-04-08 01:51:14 - [MESSAGE][WARNING] - Timeout '0' is invalid. Using default page load timeout: '30'

2024-04-08 01:51:15 - [MESSAGE][PASSED] - Tapped on element 'Object Repository/Account/icon_account'

2024-04-08 01:51:15 - [MESSAGE][WARNING] - Timeout '0' is invalid. Using default page load timeout: '30'

2024-04-08 01:51:16 - [MESSAGE][PASSED] - Element 'Object Repository/Authorization Page/account_login_button' is present

2024-04-08 01:51:16 - [MESSAGE][WARNING] - Timeout '0' is invalid. Using default page load timeout: '30'

2024-04-08 01:51:16 - [MESSAGE][PASSED] - Element 'Object Repository/Authorization Page/account_login_button' is visible

2024-04-08 01:51:16 - [MESSAGE][WARNING] - Timeout '0' is invalid. Using default page load timeout: '30'

2024-04-08 01:51:16 - [MESSAGE][PASSED] - Tapped on element 'Object Repository/Authorization Page/account_login_button'

2024-04-08 01:51:16 - [MESSAGE][WARNING] - Timeout '0' is invalid. Using default page load timeout: '30'

2024-04-08 01:51:18 - [MESSAGE][PASSED] - Element 'Object Repository/Authorization Page/login_input_email' is present

2024-04-08 01:51:18 - [MESSAGE][WARNING] - Timeout '0' is invalid. Using default page load timeout: '30'

2024-04-08 01:51:18 - [MESSAGE][PASSED] - Element 'Object Repository/Authorization Page/login_input_password' is present

2024-04-08 01:51:18 - [MESSAGE][WARNING] - Timeout '0' is invalid. Using default page load timeout: '30'

2024-04-08 01:51:18 - [MESSAGE][PASSED] - Element 'Object Repository/Authorization Page/login_input_email' is visible

2024-04-08 01:51:18 - [MESSAGE][WARNING] - Timeout '0' is invalid. Using default page load timeout: '30'

2024-04-08 01:51:18 - [MESSAGE][PASSED] - Element 'Object Repository/Authorization Page/login_input_password' is visible

2024-04-08 01:51:19 - [MESSAGE][WARNING] - Timeout '0' is invalid. Using default page load timeout: '30'

2024-04-08 01:51:19 - [MESSAGE][PASSED] - Text 'bb@mail.com' has been set to element 'Object Repository/Authorization Page/login_input_email'

2024-04-08 01:51:19 - [MESSAGE][WARNING] - Timeout '0' is invalid. Using default page load timeout: '30'

2024-04-08 01:51:20 - [MESSAGE][PASSED] - Text 'bb@mail.com' has been set to element 'Object Repository/Authorization Page/login_input_password'

2024-04-08 01:51:20 - [MESSAGE][WARNING] - Timeout '0' is invalid. Using default page load timeout: '30'

2024-04-08 01:51:21 - [MESSAGE][PASSED] - Element 'Object Repository/Authorization Page/login_login_button' is present

2024-04-08 01:51:21 - [MESSAGE][WARNING] - Timeout '0' is invalid. Using default page load timeout: '30'

2024-04-08 01:51:21 - [MESSAGE][PASSED] - Element 'Object Repository/Authorization Page/login_login_button' is visible

2024-04-08 01:51:21 - [MESSAGE][WARNING] - Timeout '0' is invalid. Using default page load timeout: '30'

2024-04-08 01:51:21 - [MESSAGE][PASSED] - Tapped on element 'Object Repository/Authorization Page/login_login_button'

2024-04-08 01:51:21 - [MESSAGE][WARNING] - Timeout '0' is invalid. Using default page load timeout: '30'

2024-04-08 01:51:23 - [MESSAGE][PASSED] - Element 'Object Repository/Account/button_my_order' is present

2024-04-08 01:51:23 - [MESSAGE][WARNING] - Timeout '0' is invalid. Using default page load timeout: '30'

2024-04-08 01:51:23 - [MESSAGE][PASSED] - Element 'Object Repository/Account/button_log_out' is present

2024-04-08 01:51:23 - [MESSAGE][WARNING] - Timeout '0' is invalid. Using default page load timeout: '30'

2024-04-08 01:51:24 - [MESSAGE][PASSED] - Element 'Object Repository/Account/button_my_order' is visible

2024-04-08 01:51:24 - [MESSAGE][WARNING] - Timeout '0' is invalid. Using default page load timeout: '30'

2024-04-08 01:51:24 - [MESSAGE][PASSED] - Element 'Object Repository/Account/button_log_out' is visible

2024-04-08 01:51:24 - [MESSAGE][WARNING] - Timeout '0' is invalid. Using default page load timeout: '30'

2024-04-08 01:51:25 - [MESSAGE][PASSED] - Tapped on element 'Object Repository/Account/button_my_selling_list'

2024-04-08 01:51:25 - [MESSAGE][WARNING] - Timeout '0' is invalid. Using default page load timeout: '30'

2024-04-08 01:51:27 - [MESSAGE][PASSED] - Element 'Object Repository/Account/My List Product/back_button_selling_list' is present

2024-04-08 01:51:27 - [MESSAGE][WARNING] - Timeout '0' is invalid. Using default page load timeout: '30'

2024-04-08 01:51:27 - [MESSAGE][PASSED] - Element 'Object Repository/Account/My List Product/header_my_selling_list' is present

2024-04-08 01:51:27 - [MESSAGE][WARNING] - Timeout '0' is invalid. Using default page load timeout: '30'

2024-04-08 01:51:27 - [MESSAGE][PASSED] - Element 'Object Repository/Account/My List Product/back_button_selling_list' is visible

2024-04-08 01:51:27 - [MESSAGE][WARNING] - Timeout '0' is invalid. Using default page load timeout: '30'

2024-04-08 01:51:28 - [MESSAGE][PASSED] - Element 'Object Repository/Account/My List Product/header_my_selling_list' is visible

2024-04-08 01:51:28 - [MESSAGE][WARNING] - Timeout '0' is invalid. Using default page load timeout: '30'

2024-04-08 01:51:28 - [MESSAGE][PASSED] - Tapped on element 'Object Repository/Account/My List Product/view_sold_out'

2024-04-08 01:51:28 - [MESSAGE][WARNING] - Timeout '0' is invalid. Using default page load timeout: '30'

2024-04-08 01:51:32 - [MESSAGE][PASSED] - Element 'Object Repository/Account/My List Product/view_first_card_sold_out' is present

2024-04-08 01:51:32 - [MESSAGE][WARNING] - Timeout '0' is invalid. Using default page load timeout: '30'

2024-04-08 01:51:32 - [MESSAGE][PASSED] - Element 'Object Repository/Account/My List Product/view_first_card_sold_out' is visible

2024-04-08 01:51:32 - [MESSAGE][PASSED] - Run with 'Runner' was passed]]></system-out>
         <system-err><![CDATA[]]></system-err>
      </testcase>
      <system-out><![CDATA[2024-04-08 01:38:45 - [TEST_SUITE][PASSED] - New Test Suite: Test Cases/Cucumber]]></system-out>
      <system-err><![CDATA[]]></system-err>
   </testsuite>
</testsuites>
